{"/Users/nickdossantos/Workspace/Business/barber-boutique-API/src/express-app.js": {"path":"/Users/nickdossantos/Workspace/Business/barber-boutique-API/src/express-app.js","statementMap":{"0":{"start":{"line":6,"column":16},"end":{"line":6,"column":34}},"1":{"start":{"line":7,"column":13},"end":{"line":7,"column":28}},"2":{"start":{"line":8,"column":15},"end":{"line":8,"column":32}},"3":{"start":{"line":9,"column":20},"end":{"line":9,"column":42}},"4":{"start":{"line":10,"column":18},"end":{"line":10,"column":47}},"5":{"start":{"line":13,"column":15},"end":{"line":13,"column":34}},"6":{"start":{"line":16,"column":25},"end":{"line":16,"column":62}},"7":{"start":{"line":17,"column":22},"end":{"line":17,"column":60}},"8":{"start":{"line":18,"column":47},"end":{"line":18,"column":82}},"9":{"start":{"line":19,"column":22},"end":{"line":19,"column":60}},"10":{"start":{"line":28,"column":14},"end":{"line":28,"column":23}},"11":{"start":{"line":31,"column":2},"end":{"line":31,"column":28}},"12":{"start":{"line":34,"column":2},"end":{"line":39,"column":4}},"13":{"start":{"line":42,"column":2},"end":{"line":49,"column":4}},"14":{"start":{"line":52,"column":2},"end":{"line":52,"column":25}},"15":{"start":{"line":55,"column":2},"end":{"line":63,"column":4}},"16":{"start":{"line":60,"column":8},"end":{"line":60,"column":26}},"17":{"start":{"line":64,"column":2},"end":{"line":64,"column":65}},"18":{"start":{"line":65,"column":2},"end":{"line":65,"column":43}},"19":{"start":{"line":68,"column":18},"end":{"line":82,"column":4}},"20":{"start":{"line":80,"column":6},"end":{"line":80,"column":62}},"21":{"start":{"line":83,"column":2},"end":{"line":83,"column":19}},"22":{"start":{"line":86,"column":2},"end":{"line":86,"column":25}},"23":{"start":{"line":89,"column":2},"end":{"line":89,"column":25}},"24":{"start":{"line":92,"column":2},"end":{"line":92,"column":26}},"25":{"start":{"line":95,"column":2},"end":{"line":95,"column":30}},"26":{"start":{"line":103,"column":2},"end":{"line":103,"column":26}},"27":{"start":{"line":106,"column":2},"end":{"line":106,"column":24}},"28":{"start":{"line":108,"column":2},"end":{"line":108,"column":13}},"29":{"start":{"line":111,"column":0},"end":{"line":111,"column":27}}},"fnMap":{"0":{"name":"createApp","decl":{"start":{"line":27,"column":9},"end":{"line":27,"column":18}},"loc":{"start":{"line":27,"column":21},"end":{"line":109,"column":1}},"line":27},"1":{"name":"(anonymous_1)","decl":{"start":{"line":58,"column":14},"end":{"line":58,"column":15}},"loc":{"start":{"line":58,"column":33},"end":{"line":61,"column":7}},"line":58},"2":{"name":"(anonymous_2)","decl":{"start":{"line":78,"column":10},"end":{"line":78,"column":11}},"loc":{"start":{"line":78,"column":17},"end":{"line":81,"column":5}},"line":78}},"branchMap":{"0":{"loc":{"start":{"line":44,"column":14},"end":{"line":44,"column":60}},"type":"binary-expr","locations":[{"start":{"line":44,"column":14},"end":{"line":44,"column":53}},{"start":{"line":44,"column":57},"end":{"line":44,"column":60}}],"line":44},"1":{"loc":{"start":{"line":70,"column":9},"end":{"line":70,"column":43}},"type":"binary-expr","locations":[{"start":{"line":70,"column":9},"end":{"line":70,"column":35}},{"start":{"line":70,"column":39},"end":{"line":70,"column":43}}],"line":70},"2":{"loc":{"start":{"line":80,"column":13},"end":{"line":80,"column":61}},"type":"binary-expr","locations":[{"start":{"line":80,"column":13},"end":{"line":80,"column":35}},{"start":{"line":80,"column":39},"end":{"line":80,"column":61}}],"line":80}},"s":{"0":0,"1":0,"2":0,"3":0,"4":0,"5":0,"6":0,"7":0,"8":0,"9":0,"10":0,"11":0,"12":0,"13":0,"14":0,"15":0,"16":0,"17":0,"18":0,"19":0,"20":0,"21":0,"22":0,"23":0,"24":0,"25":0,"26":0,"27":0,"28":0,"29":0},"f":{"0":0,"1":0,"2":0},"b":{"0":[0,0],"1":[0,0],"2":[0,0]}}
,"/Users/nickdossantos/Workspace/Business/barber-boutique-API/src/server.js": {"path":"/Users/nickdossantos/Workspace/Business/barber-boutique-API/src/server.js","statementMap":{"0":{"start":{"line":6,"column":18},"end":{"line":6,"column":42}},"1":{"start":{"line":7,"column":19},"end":{"line":7,"column":44}},"2":{"start":{"line":10,"column":0},"end":{"line":10,"column":49}},"3":{"start":{"line":11,"column":0},"end":{"line":11,"column":43}},"4":{"start":{"line":14,"column":0},"end":{"line":26,"column":1}},"5":{"start":{"line":15,"column":2},"end":{"line":25,"column":13}},"6":{"start":{"line":28,"column":12},"end":{"line":28,"column":23}},"7":{"start":{"line":29,"column":13},"end":{"line":29,"column":37}},"8":{"start":{"line":30,"column":20},"end":{"line":30,"column":57}},"9":{"start":{"line":36,"column":17},"end":{"line":57,"column":4}},"10":{"start":{"line":37,"column":4},"end":{"line":44,"column":7}},"11":{"start":{"line":46,"column":4},"end":{"line":46,"column":60}},"12":{"start":{"line":47,"column":4},"end":{"line":47,"column":53}},"13":{"start":{"line":48,"column":4},"end":{"line":48,"column":50}},"14":{"start":{"line":49,"column":4},"end":{"line":49,"column":58}},"15":{"start":{"line":50,"column":4},"end":{"line":50,"column":92}},"16":{"start":{"line":51,"column":4},"end":{"line":51,"column":67}},"17":{"start":{"line":53,"column":4},"end":{"line":56,"column":5}},"18":{"start":{"line":54,"column":6},"end":{"line":54,"column":74}},"19":{"start":{"line":55,"column":6},"end":{"line":55,"column":68}},"20":{"start":{"line":60,"column":27},"end":{"line":81,"column":3}},"21":{"start":{"line":61,"column":4},"end":{"line":61,"column":67}},"22":{"start":{"line":62,"column":4},"end":{"line":62,"column":67}},"23":{"start":{"line":64,"column":4},"end":{"line":73,"column":7}},"24":{"start":{"line":65,"column":6},"end":{"line":68,"column":7}},"25":{"start":{"line":66,"column":8},"end":{"line":66,"column":58}},"26":{"start":{"line":67,"column":8},"end":{"line":67,"column":24}},"27":{"start":{"line":70,"column":6},"end":{"line":70,"column":50}},"28":{"start":{"line":71,"column":6},"end":{"line":71,"column":50}},"29":{"start":{"line":72,"column":6},"end":{"line":72,"column":22}},"30":{"start":{"line":76,"column":4},"end":{"line":80,"column":14}},"31":{"start":{"line":77,"column":6},"end":{"line":77,"column":56}},"32":{"start":{"line":78,"column":6},"end":{"line":78,"column":57}},"33":{"start":{"line":79,"column":6},"end":{"line":79,"column":22}},"34":{"start":{"line":84,"column":2},"end":{"line":84,"column":59}},"35":{"start":{"line":84,"column":30},"end":{"line":84,"column":57}},"36":{"start":{"line":85,"column":2},"end":{"line":85,"column":57}},"37":{"start":{"line":85,"column":29},"end":{"line":85,"column":55}},"38":{"start":{"line":86,"column":2},"end":{"line":86,"column":59}},"39":{"start":{"line":86,"column":30},"end":{"line":86,"column":57}},"40":{"start":{"line":89,"column":2},"end":{"line":93,"column":5}},"41":{"start":{"line":90,"column":4},"end":{"line":90,"column":44}},"42":{"start":{"line":91,"column":4},"end":{"line":91,"column":49}},"43":{"start":{"line":92,"column":4},"end":{"line":92,"column":20}},"44":{"start":{"line":96,"column":2},"end":{"line":100,"column":5}},"45":{"start":{"line":97,"column":4},"end":{"line":97,"column":61}},"46":{"start":{"line":98,"column":4},"end":{"line":98,"column":76}},"47":{"start":{"line":99,"column":4},"end":{"line":99,"column":20}},"48":{"start":{"line":102,"column":2},"end":{"line":102,"column":16}},"49":{"start":{"line":106,"column":0},"end":{"line":108,"column":1}},"50":{"start":{"line":107,"column":2},"end":{"line":107,"column":16}},"51":{"start":{"line":110,"column":0},"end":{"line":110,"column":38}}},"fnMap":{"0":{"name":"startServer","decl":{"start":{"line":35,"column":9},"end":{"line":35,"column":20}},"loc":{"start":{"line":35,"column":23},"end":{"line":103,"column":1}},"line":35},"1":{"name":"(anonymous_1)","decl":{"start":{"line":36,"column":34},"end":{"line":36,"column":35}},"loc":{"start":{"line":36,"column":40},"end":{"line":57,"column":3}},"line":36},"2":{"name":"(anonymous_2)","decl":{"start":{"line":60,"column":27},"end":{"line":60,"column":28}},"loc":{"start":{"line":60,"column":37},"end":{"line":81,"column":3}},"line":60},"3":{"name":"(anonymous_3)","decl":{"start":{"line":64,"column":17},"end":{"line":64,"column":18}},"loc":{"start":{"line":64,"column":24},"end":{"line":73,"column":5}},"line":64},"4":{"name":"(anonymous_4)","decl":{"start":{"line":76,"column":15},"end":{"line":76,"column":16}},"loc":{"start":{"line":76,"column":21},"end":{"line":80,"column":5}},"line":76},"5":{"name":"(anonymous_5)","decl":{"start":{"line":84,"column":24},"end":{"line":84,"column":25}},"loc":{"start":{"line":84,"column":30},"end":{"line":84,"column":57}},"line":84},"6":{"name":"(anonymous_6)","decl":{"start":{"line":85,"column":23},"end":{"line":85,"column":24}},"loc":{"start":{"line":85,"column":29},"end":{"line":85,"column":55}},"line":85},"7":{"name":"(anonymous_7)","decl":{"start":{"line":86,"column":24},"end":{"line":86,"column":25}},"loc":{"start":{"line":86,"column":30},"end":{"line":86,"column":57}},"line":86},"8":{"name":"(anonymous_8)","decl":{"start":{"line":89,"column":34},"end":{"line":89,"column":35}},"loc":{"start":{"line":89,"column":41},"end":{"line":93,"column":3}},"line":89},"9":{"name":"(anonymous_9)","decl":{"start":{"line":96,"column":35},"end":{"line":96,"column":36}},"loc":{"start":{"line":96,"column":56},"end":{"line":100,"column":3}},"line":96}},"branchMap":{"0":{"loc":{"start":{"line":14,"column":0},"end":{"line":26,"column":1}},"type":"if","locations":[{"start":{"line":14,"column":0},"end":{"line":26,"column":1}},{"start":{},"end":{}}],"line":14},"1":{"loc":{"start":{"line":29,"column":13},"end":{"line":29,"column":37}},"type":"binary-expr","locations":[{"start":{"line":29,"column":13},"end":{"line":29,"column":29}},{"start":{"line":29,"column":33},"end":{"line":29,"column":37}}],"line":29},"2":{"loc":{"start":{"line":30,"column":20},"end":{"line":30,"column":57}},"type":"binary-expr","locations":[{"start":{"line":30,"column":20},"end":{"line":30,"column":40}},{"start":{"line":30,"column":44},"end":{"line":30,"column":57}}],"line":30},"3":{"loc":{"start":{"line":49,"column":31},"end":{"line":49,"column":54}},"type":"binary-expr","locations":[{"start":{"line":49,"column":31},"end":{"line":49,"column":45}},{"start":{"line":49,"column":49},"end":{"line":49,"column":54}}],"line":49},"4":{"loc":{"start":{"line":53,"column":4},"end":{"line":56,"column":5}},"type":"if","locations":[{"start":{"line":53,"column":4},"end":{"line":56,"column":5}},{"start":{},"end":{}}],"line":53},"5":{"loc":{"start":{"line":65,"column":6},"end":{"line":68,"column":7}},"type":"if","locations":[{"start":{"line":65,"column":6},"end":{"line":68,"column":7}},{"start":{},"end":{}}],"line":65},"6":{"loc":{"start":{"line":106,"column":0},"end":{"line":108,"column":1}},"type":"if","locations":[{"start":{"line":106,"column":0},"end":{"line":108,"column":1}},{"start":{},"end":{}}],"line":106}},"s":{"0":0,"1":0,"2":0,"3":0,"4":0,"5":0,"6":0,"7":0,"8":0,"9":0,"10":0,"11":0,"12":0,"13":0,"14":0,"15":0,"16":0,"17":0,"18":0,"19":0,"20":0,"21":0,"22":0,"23":0,"24":0,"25":0,"26":0,"27":0,"28":0,"29":0,"30":0,"31":0,"32":0,"33":0,"34":0,"35":0,"36":0,"37":0,"38":0,"39":0,"40":0,"41":0,"42":0,"43":0,"44":0,"45":0,"46":0,"47":0,"48":0,"49":0,"50":0,"51":0},"f":{"0":0,"1":0,"2":0,"3":0,"4":0,"5":0,"6":0,"7":0,"8":0,"9":0},"b":{"0":[0,0],"1":[0,0],"2":[0,0],"3":[0,0],"4":[0,0],"5":[0,0],"6":[0,0]}}
,"/Users/nickdossantos/Workspace/Business/barber-boutique-API/src/controllers/bookingController.js": {"path":"/Users/nickdossantos/Workspace/Business/barber-boutique-API/src/controllers/bookingController.js","statementMap":{"0":{"start":{"line":7,"column":35},"end":{"line":7,"column":70}},"1":{"start":{"line":8,"column":55},"end":{"line":8,"column":81}},"2":{"start":{"line":9,"column":23},"end":{"line":9,"column":60}},"3":{"start":{"line":10,"column":32},"end":{"line":10,"column":74}},"4":{"start":{"line":11,"column":34},"end":{"line":11,"column":62}},"5":{"start":{"line":22,"column":2},"end":{"line":28,"column":5}},"6":{"start":{"line":31,"column":27},"end":{"line":31,"column":59}},"7":{"start":{"line":32,"column":2},"end":{"line":41,"column":3}},"8":{"start":{"line":33,"column":4},"end":{"line":36,"column":7}},"9":{"start":{"line":37,"column":18},"end":{"line":37,"column":51}},"10":{"start":{"line":38,"column":4},"end":{"line":38,"column":27}},"11":{"start":{"line":39,"column":4},"end":{"line":39,"column":53}},"12":{"start":{"line":40,"column":4},"end":{"line":40,"column":16}},"13":{"start":{"line":45,"column":2},"end":{"line":49,"column":5}},"14":{"start":{"line":51,"column":2},"end":{"line":139,"column":3}},"15":{"start":{"line":52,"column":35},"end":{"line":52,"column":66}},"16":{"start":{"line":55,"column":19},"end":{"line":55,"column":57}},"17":{"start":{"line":58,"column":27},"end":{"line":65,"column":7}},"18":{"start":{"line":58,"column":75},"end":{"line":65,"column":5}},"19":{"start":{"line":69,"column":31},"end":{"line":69,"column":60}},"20":{"start":{"line":70,"column":24},"end":{"line":70,"column":79}},"21":{"start":{"line":71,"column":22},"end":{"line":71,"column":77}},"22":{"start":{"line":73,"column":33},"end":{"line":84,"column":6}},"23":{"start":{"line":87,"column":27},"end":{"line":87,"column":115}},"24":{"start":{"line":89,"column":4},"end":{"line":93,"column":7}},"25":{"start":{"line":91,"column":62},"end":{"line":91,"column":71}},"26":{"start":{"line":96,"column":28},"end":{"line":102,"column":6}},"27":{"start":{"line":97,"column":28},"end":{"line":97,"column":50}},"28":{"start":{"line":98,"column":29},"end":{"line":98,"column":93}},"29":{"start":{"line":101,"column":6},"end":{"line":101,"column":40}},"30":{"start":{"line":104,"column":4},"end":{"line":120,"column":5}},"31":{"start":{"line":105,"column":6},"end":{"line":110,"column":9}},"32":{"start":{"line":108,"column":57},"end":{"line":108,"column":66}},"33":{"start":{"line":112,"column":20},"end":{"line":112,"column":112}},"34":{"start":{"line":113,"column":6},"end":{"line":113,"column":29}},"35":{"start":{"line":114,"column":6},"end":{"line":114,"column":38}},"36":{"start":{"line":115,"column":6},"end":{"line":118,"column":10}},"37":{"start":{"line":115,"column":67},"end":{"line":118,"column":7}},"38":{"start":{"line":119,"column":6},"end":{"line":119,"column":18}},"39":{"start":{"line":122,"column":4},"end":{"line":125,"column":7}},"40":{"start":{"line":127,"column":4},"end":{"line":130,"column":5}},"41":{"start":{"line":129,"column":6},"end":{"line":129,"column":30}},"42":{"start":{"line":131,"column":4},"end":{"line":131,"column":105}},"43":{"start":{"line":132,"column":4},"end":{"line":136,"column":7}},"44":{"start":{"line":143,"column":2},"end":{"line":228,"column":3}},"45":{"start":{"line":144,"column":4},"end":{"line":148,"column":7}},"46":{"start":{"line":150,"column":4},"end":{"line":227,"column":5}},"47":{"start":{"line":151,"column":25},"end":{"line":151,"column":56}},"48":{"start":{"line":154,"column":28},"end":{"line":154,"column":30}},"49":{"start":{"line":155,"column":33},"end":{"line":155,"column":62}},"50":{"start":{"line":156,"column":26},"end":{"line":156,"column":92}},"51":{"start":{"line":157,"column":24},"end":{"line":157,"column":90}},"52":{"start":{"line":159,"column":39},"end":{"line":164,"column":8}},"53":{"start":{"line":166,"column":31},"end":{"line":166,"column":78}},"54":{"start":{"line":168,"column":6},"end":{"line":176,"column":9}},"55":{"start":{"line":170,"column":45},"end":{"line":174,"column":9}},"56":{"start":{"line":179,"column":34},"end":{"line":189,"column":8}},"57":{"start":{"line":180,"column":8},"end":{"line":182,"column":9}},"58":{"start":{"line":181,"column":10},"end":{"line":181,"column":23}},"59":{"start":{"line":184,"column":29},"end":{"line":184,"column":54}},"60":{"start":{"line":185,"column":31},"end":{"line":185,"column":94}},"61":{"start":{"line":188,"column":8},"end":{"line":188,"column":47}},"62":{"start":{"line":191,"column":6},"end":{"line":217,"column":7}},"63":{"start":{"line":192,"column":8},"end":{"line":200,"column":11}},"64":{"start":{"line":194,"column":61},"end":{"line":198,"column":11}},"65":{"start":{"line":202,"column":42},"end":{"line":202,"column":81}},"66":{"start":{"line":204,"column":22},"end":{"line":206,"column":9}},"67":{"start":{"line":207,"column":8},"end":{"line":207,"column":31}},"68":{"start":{"line":208,"column":8},"end":{"line":208,"column":40}},"69":{"start":{"line":209,"column":8},"end":{"line":215,"column":10}},"70":{"start":{"line":210,"column":40},"end":{"line":214,"column":11}},"71":{"start":{"line":216,"column":8},"end":{"line":216,"column":20}},"72":{"start":{"line":219,"column":6},"end":{"line":219,"column":95}},"73":{"start":{"line":221,"column":6},"end":{"line":224,"column":7}},"74":{"start":{"line":223,"column":8},"end":{"line":223,"column":28}},"75":{"start":{"line":225,"column":6},"end":{"line":225,"column":100}},"76":{"start":{"line":230,"column":17},"end":{"line":230,"column":72}},"77":{"start":{"line":233,"column":2},"end":{"line":244,"column":3}},"78":{"start":{"line":234,"column":4},"end":{"line":237,"column":7}},"79":{"start":{"line":239,"column":18},"end":{"line":239,"column":55}},"80":{"start":{"line":240,"column":4},"end":{"line":240,"column":27}},"81":{"start":{"line":241,"column":4},"end":{"line":241,"column":43}},"82":{"start":{"line":242,"column":4},"end":{"line":242,"column":67}},"83":{"start":{"line":243,"column":4},"end":{"line":243,"column":16}},"84":{"start":{"line":246,"column":2},"end":{"line":250,"column":5}},"85":{"start":{"line":252,"column":2},"end":{"line":256,"column":5}},"86":{"start":{"line":259,"column":2},"end":{"line":261,"column":4}},"87":{"start":{"line":269,"column":36},"end":{"line":269,"column":39}},"88":{"start":{"line":270,"column":22},"end":{"line":270,"column":30}},"89":{"start":{"line":273,"column":2},"end":{"line":283,"column":5}},"90":{"start":{"line":285,"column":2},"end":{"line":285,"column":95}},"91":{"start":{"line":287,"column":2},"end":{"line":299,"column":5}},"92":{"start":{"line":301,"column":2},"end":{"line":314,"column":3}},"93":{"start":{"line":302,"column":4},"end":{"line":313,"column":6}},"94":{"start":{"line":304,"column":63},"end":{"line":312,"column":7}},"95":{"start":{"line":316,"column":2},"end":{"line":358,"column":3}},"96":{"start":{"line":317,"column":19},"end":{"line":317,"column":78}},"97":{"start":{"line":320,"column":4},"end":{"line":326,"column":7}},"98":{"start":{"line":329,"column":4},"end":{"line":329,"column":40}},"99":{"start":{"line":332,"column":4},"end":{"line":340,"column":5}},"100":{"start":{"line":333,"column":6},"end":{"line":339,"column":9}},"101":{"start":{"line":342,"column":4},"end":{"line":354,"column":5}},"102":{"start":{"line":343,"column":40},"end":{"line":343,"column":79}},"103":{"start":{"line":345,"column":6},"end":{"line":353,"column":9}},"104":{"start":{"line":357,"column":4},"end":{"line":357,"column":16}},"105":{"start":{"line":387,"column":24},"end":{"line":387,"column":47}},"106":{"start":{"line":390,"column":24},"end":{"line":401,"column":3}},"107":{"start":{"line":391,"column":4},"end":{"line":391,"column":33}},"108":{"start":{"line":391,"column":20},"end":{"line":391,"column":33}},"109":{"start":{"line":392,"column":4},"end":{"line":400,"column":5}},"110":{"start":{"line":393,"column":19},"end":{"line":393,"column":38}},"111":{"start":{"line":394,"column":6},"end":{"line":396,"column":7}},"112":{"start":{"line":395,"column":8},"end":{"line":395,"column":30}},"113":{"start":{"line":397,"column":6},"end":{"line":397,"column":32}},"114":{"start":{"line":399,"column":6},"end":{"line":399,"column":28}},"115":{"start":{"line":404,"column":2},"end":{"line":420,"column":5}},"116":{"start":{"line":423,"column":2},"end":{"line":426,"column":3}},"117":{"start":{"line":424,"column":4},"end":{"line":424,"column":81}},"118":{"start":{"line":425,"column":4},"end":{"line":425,"column":45}},"119":{"start":{"line":429,"column":2},"end":{"line":432,"column":3}},"120":{"start":{"line":430,"column":4},"end":{"line":430,"column":74}},"121":{"start":{"line":431,"column":4},"end":{"line":431,"column":54}},"122":{"start":{"line":435,"column":2},"end":{"line":438,"column":3}},"123":{"start":{"line":436,"column":4},"end":{"line":436,"column":70}},"124":{"start":{"line":437,"column":4},"end":{"line":437,"column":52}},"125":{"start":{"line":440,"column":2},"end":{"line":440,"column":90}},"126":{"start":{"line":442,"column":2},"end":{"line":450,"column":5}},"127":{"start":{"line":452,"column":2},"end":{"line":470,"column":3}},"128":{"start":{"line":454,"column":23},"end":{"line":454,"column":25}},"129":{"start":{"line":455,"column":4},"end":{"line":455,"column":46}},"130":{"start":{"line":455,"column":17},"end":{"line":455,"column":46}},"131":{"start":{"line":456,"column":4},"end":{"line":456,"column":40}},"132":{"start":{"line":456,"column":15},"end":{"line":456,"column":40}},"133":{"start":{"line":457,"column":4},"end":{"line":457,"column":37}},"134":{"start":{"line":457,"column":14},"end":{"line":457,"column":37}},"135":{"start":{"line":458,"column":4},"end":{"line":458,"column":61}},"136":{"start":{"line":458,"column":22},"end":{"line":458,"column":61}},"137":{"start":{"line":459,"column":4},"end":{"line":459,"column":55}},"138":{"start":{"line":459,"column":20},"end":{"line":459,"column":55}},"139":{"start":{"line":460,"column":4},"end":{"line":460,"column":82}},"140":{"start":{"line":460,"column":29},"end":{"line":460,"column":82}},"141":{"start":{"line":462,"column":4},"end":{"line":462,"column":86}},"142":{"start":{"line":464,"column":19},"end":{"line":464,"column":99}},"143":{"start":{"line":465,"column":4},"end":{"line":465,"column":77}},"144":{"start":{"line":466,"column":4},"end":{"line":466,"column":18}},"145":{"start":{"line":468,"column":4},"end":{"line":468,"column":83}},"146":{"start":{"line":469,"column":4},"end":{"line":469,"column":16}},"147":{"start":{"line":478,"column":36},"end":{"line":478,"column":39}},"148":{"start":{"line":479,"column":28},"end":{"line":479,"column":38}},"149":{"start":{"line":480,"column":21},"end":{"line":480,"column":29}},"150":{"start":{"line":483,"column":2},"end":{"line":493,"column":5}},"151":{"start":{"line":495,"column":2},"end":{"line":495,"column":92}},"152":{"start":{"line":496,"column":2},"end":{"line":501,"column":5}},"153":{"start":{"line":503,"column":2},"end":{"line":509,"column":5}},"154":{"start":{"line":511,"column":2},"end":{"line":552,"column":3}},"155":{"start":{"line":512,"column":19},"end":{"line":512,"column":64}},"156":{"start":{"line":515,"column":4},"end":{"line":521,"column":7}},"157":{"start":{"line":524,"column":4},"end":{"line":524,"column":40}},"158":{"start":{"line":525,"column":4},"end":{"line":525,"column":32}},"159":{"start":{"line":528,"column":4},"end":{"line":536,"column":5}},"160":{"start":{"line":529,"column":6},"end":{"line":535,"column":9}},"161":{"start":{"line":538,"column":4},"end":{"line":548,"column":5}},"162":{"start":{"line":539,"column":6},"end":{"line":547,"column":9}},"163":{"start":{"line":551,"column":4},"end":{"line":551,"column":16}},"164":{"start":{"line":560,"column":36},"end":{"line":560,"column":39}},"165":{"start":{"line":563,"column":2},"end":{"line":574,"column":5}},"166":{"start":{"line":576,"column":2},"end":{"line":576,"column":91}},"167":{"start":{"line":577,"column":2},"end":{"line":577,"column":92}},"168":{"start":{"line":579,"column":2},"end":{"line":693,"column":3}},"169":{"start":{"line":581,"column":18},"end":{"line":581,"column":114}},"170":{"start":{"line":584,"column":22},"end":{"line":584,"column":82}},"171":{"start":{"line":586,"column":4},"end":{"line":592,"column":7}},"172":{"start":{"line":594,"column":4},"end":{"line":601,"column":5}},"173":{"start":{"line":595,"column":6},"end":{"line":595,"column":59}},"174":{"start":{"line":596,"column":6},"end":{"line":600,"column":9}},"175":{"start":{"line":603,"column":4},"end":{"line":603,"column":93}},"176":{"start":{"line":605,"column":4},"end":{"line":608,"column":7}},"177":{"start":{"line":611,"column":20},"end":{"line":614,"column":5}},"178":{"start":{"line":612,"column":24},"end":{"line":612,"column":44}},"179":{"start":{"line":613,"column":26},"end":{"line":613,"column":47}},"180":{"start":{"line":617,"column":51},"end":{"line":617,"column":93}},"181":{"start":{"line":619,"column":4},"end":{"line":624,"column":7}},"182":{"start":{"line":626,"column":19},"end":{"line":626,"column":72}},"183":{"start":{"line":628,"column":4},"end":{"line":632,"column":7}},"184":{"start":{"line":634,"column":4},"end":{"line":637,"column":7}},"185":{"start":{"line":640,"column":38},"end":{"line":640,"column":77}},"186":{"start":{"line":641,"column":27},"end":{"line":641,"column":64}},"187":{"start":{"line":643,"column":4},"end":{"line":647,"column":7}},"188":{"start":{"line":649,"column":4},"end":{"line":654,"column":7}},"189":{"start":{"line":656,"column":4},"end":{"line":663,"column":7}},"190":{"start":{"line":665,"column":4},"end":{"line":665,"column":53}},"191":{"start":{"line":668,"column":4},"end":{"line":675,"column":5}},"192":{"start":{"line":669,"column":6},"end":{"line":669,"column":65}},"193":{"start":{"line":670,"column":6},"end":{"line":674,"column":9}},"194":{"start":{"line":677,"column":4},"end":{"line":684,"column":5}},"195":{"start":{"line":678,"column":6},"end":{"line":678,"column":69}},"196":{"start":{"line":679,"column":6},"end":{"line":683,"column":9}},"197":{"start":{"line":686,"column":4},"end":{"line":686,"column":60}},"198":{"start":{"line":687,"column":4},"end":{"line":692,"column":7}},"199":{"start":{"line":701,"column":20},"end":{"line":701,"column":30}},"200":{"start":{"line":702,"column":36},"end":{"line":702,"column":39}},"201":{"start":{"line":703,"column":29},"end":{"line":703,"column":39}},"202":{"start":{"line":704,"column":53},"end":{"line":704,"column":62}},"203":{"start":{"line":706,"column":2},"end":{"line":749,"column":3}},"204":{"start":{"line":707,"column":4},"end":{"line":713,"column":7}},"205":{"start":{"line":715,"column":19},"end":{"line":719,"column":5}},"206":{"start":{"line":721,"column":4},"end":{"line":732,"column":5}},"207":{"start":{"line":722,"column":6},"end":{"line":726,"column":9}},"208":{"start":{"line":728,"column":6},"end":{"line":731,"column":9}},"209":{"start":{"line":734,"column":4},"end":{"line":738,"column":7}},"210":{"start":{"line":740,"column":4},"end":{"line":744,"column":7}},"211":{"start":{"line":746,"column":4},"end":{"line":746,"column":85}},"212":{"start":{"line":747,"column":4},"end":{"line":747,"column":96}},"213":{"start":{"line":748,"column":4},"end":{"line":748,"column":86}},"214":{"start":{"line":757,"column":20},"end":{"line":757,"column":30}},"215":{"start":{"line":758,"column":36},"end":{"line":758,"column":39}},"216":{"start":{"line":759,"column":29},"end":{"line":759,"column":39}},"217":{"start":{"line":761,"column":2},"end":{"line":796,"column":3}},"218":{"start":{"line":762,"column":4},"end":{"line":765,"column":7}},"219":{"start":{"line":767,"column":19},"end":{"line":767,"column":94}},"220":{"start":{"line":769,"column":4},"end":{"line":780,"column":5}},"221":{"start":{"line":770,"column":6},"end":{"line":774,"column":9}},"222":{"start":{"line":776,"column":6},"end":{"line":779,"column":9}},"223":{"start":{"line":782,"column":4},"end":{"line":786,"column":7}},"224":{"start":{"line":788,"column":4},"end":{"line":791,"column":7}},"225":{"start":{"line":793,"column":4},"end":{"line":793,"column":92}},"226":{"start":{"line":794,"column":4},"end":{"line":794,"column":103}},"227":{"start":{"line":795,"column":4},"end":{"line":795,"column":93}},"228":{"start":{"line":804,"column":20},"end":{"line":804,"column":30}},"229":{"start":{"line":805,"column":36},"end":{"line":805,"column":39}},"230":{"start":{"line":815,"column":6},"end":{"line":815,"column":15}},"231":{"start":{"line":817,"column":2},"end":{"line":869,"column":3}},"232":{"start":{"line":818,"column":20},"end":{"line":827,"column":5}},"233":{"start":{"line":829,"column":4},"end":{"line":832,"column":7}},"234":{"start":{"line":834,"column":19},"end":{"line":834,"column":76}},"235":{"start":{"line":836,"column":4},"end":{"line":847,"column":5}},"236":{"start":{"line":837,"column":6},"end":{"line":841,"column":9}},"237":{"start":{"line":843,"column":6},"end":{"line":846,"column":9}},"238":{"start":{"line":849,"column":4},"end":{"line":853,"column":7}},"239":{"start":{"line":855,"column":4},"end":{"line":864,"column":7}},"240":{"start":{"line":866,"column":4},"end":{"line":866,"column":62}},"241":{"start":{"line":867,"column":4},"end":{"line":867,"column":85}},"242":{"start":{"line":868,"column":4},"end":{"line":868,"column":75}},"243":{"start":{"line":877,"column":20},"end":{"line":877,"column":30}},"244":{"start":{"line":878,"column":36},"end":{"line":878,"column":39}},"245":{"start":{"line":880,"column":2},"end":{"line":1010,"column":3}},"246":{"start":{"line":881,"column":51},"end":{"line":881,"column":60}},"247":{"start":{"line":882,"column":28},"end":{"line":882,"column":86}},"248":{"start":{"line":883,"column":22},"end":{"line":883,"column":96}},"249":{"start":{"line":885,"column":4},"end":{"line":888,"column":6}},"250":{"start":{"line":890,"column":4},"end":{"line":896,"column":5}},"251":{"start":{"line":891,"column":6},"end":{"line":895,"column":9}},"252":{"start":{"line":898,"column":4},"end":{"line":904,"column":5}},"253":{"start":{"line":899,"column":6},"end":{"line":903,"column":9}},"254":{"start":{"line":907,"column":22},"end":{"line":907,"column":32}},"255":{"start":{"line":908,"column":20},"end":{"line":908,"column":30}},"256":{"start":{"line":909,"column":4},"end":{"line":909,"column":53}},"257":{"start":{"line":912,"column":27},"end":{"line":912,"column":78}},"258":{"start":{"line":912,"column":68},"end":{"line":912,"column":77}},"259":{"start":{"line":915,"column":4},"end":{"line":915,"column":95}},"260":{"start":{"line":916,"column":4},"end":{"line":916,"column":97}},"261":{"start":{"line":917,"column":4},"end":{"line":917,"column":99}},"262":{"start":{"line":918,"column":4},"end":{"line":918,"column":75}},"263":{"start":{"line":919,"column":4},"end":{"line":922,"column":6}},"264":{"start":{"line":921,"column":32},"end":{"line":921,"column":57}},"265":{"start":{"line":925,"column":4},"end":{"line":939,"column":5}},"266":{"start":{"line":926,"column":6},"end":{"line":938,"column":7}},"267":{"start":{"line":927,"column":8},"end":{"line":931,"column":11}},"268":{"start":{"line":932,"column":8},"end":{"line":937,"column":11}},"269":{"start":{"line":941,"column":4},"end":{"line":948,"column":7}},"270":{"start":{"line":951,"column":32},"end":{"line":951,"column":79}},"271":{"start":{"line":954,"column":20},"end":{"line":956,"column":5}},"272":{"start":{"line":955,"column":24},"end":{"line":955,"column":44}},"273":{"start":{"line":958,"column":31},"end":{"line":964,"column":5}},"274":{"start":{"line":967,"column":54},"end":{"line":967,"column":93}},"275":{"start":{"line":968,"column":36},"end":{"line":968,"column":77}},"276":{"start":{"line":970,"column":21},"end":{"line":976,"column":5}},"277":{"start":{"line":979,"column":20},"end":{"line":982,"column":6}},"278":{"start":{"line":984,"column":4},"end":{"line":984,"column":78}},"279":{"start":{"line":987,"column":26},"end":{"line":987,"column":57}},"280":{"start":{"line":990,"column":25},"end":{"line":995,"column":5}},"281":{"start":{"line":998,"column":23},"end":{"line":998,"column":67}},"282":{"start":{"line":1000,"column":4},"end":{"line":1000,"column":54}},"283":{"start":{"line":1001,"column":4},"end":{"line":1001,"column":32}},"284":{"start":{"line":1003,"column":4},"end":{"line":1003,"column":60}},"285":{"start":{"line":1005,"column":4},"end":{"line":1007,"column":7}},"286":{"start":{"line":1009,"column":4},"end":{"line":1009,"column":86}},"287":{"start":{"line":1019,"column":36},"end":{"line":1019,"column":39}},"288":{"start":{"line":1022,"column":17},"end":{"line":1022,"column":69}},"289":{"start":{"line":1025,"column":2},"end":{"line":1039,"column":5}},"290":{"start":{"line":1041,"column":2},"end":{"line":1047,"column":5}},"291":{"start":{"line":1049,"column":2},"end":{"line":1120,"column":3}},"292":{"start":{"line":1053,"column":4},"end":{"line":1107,"column":5}},"293":{"start":{"line":1055,"column":8},"end":{"line":1055,"column":63}},"294":{"start":{"line":1056,"column":8},"end":{"line":1056,"column":14}},"295":{"start":{"line":1058,"column":8},"end":{"line":1058,"column":63}},"296":{"start":{"line":1059,"column":8},"end":{"line":1059,"column":14}},"297":{"start":{"line":1062,"column":8},"end":{"line":1062,"column":63}},"298":{"start":{"line":1063,"column":8},"end":{"line":1063,"column":14}},"299":{"start":{"line":1065,"column":8},"end":{"line":1065,"column":60}},"300":{"start":{"line":1066,"column":8},"end":{"line":1066,"column":14}},"301":{"start":{"line":1068,"column":8},"end":{"line":1068,"column":62}},"302":{"start":{"line":1069,"column":8},"end":{"line":1069,"column":14}},"303":{"start":{"line":1072,"column":8},"end":{"line":1106,"column":9}},"304":{"start":{"line":1074,"column":31},"end":{"line":1074,"column":62}},"305":{"start":{"line":1077,"column":10},"end":{"line":1077,"column":40}},"306":{"start":{"line":1078,"column":10},"end":{"line":1078,"column":39}},"307":{"start":{"line":1080,"column":10},"end":{"line":1098,"column":11}},"308":{"start":{"line":1082,"column":14},"end":{"line":1082,"column":66}},"309":{"start":{"line":1083,"column":14},"end":{"line":1083,"column":20}},"310":{"start":{"line":1086,"column":14},"end":{"line":1086,"column":69}},"311":{"start":{"line":1087,"column":14},"end":{"line":1087,"column":20}},"312":{"start":{"line":1089,"column":14},"end":{"line":1089,"column":69}},"313":{"start":{"line":1090,"column":14},"end":{"line":1090,"column":20}},"314":{"start":{"line":1092,"column":14},"end":{"line":1097,"column":17}},"315":{"start":{"line":1100,"column":10},"end":{"line":1105,"column":13}},"316":{"start":{"line":1110,"column":4},"end":{"line":1110,"column":61}},"317":{"start":{"line":1112,"column":4},"end":{"line":1112,"column":51}},"318":{"start":{"line":1113,"column":4},"end":{"line":1119,"column":7}},"319":{"start":{"line":1125,"column":2},"end":{"line":1137,"column":3}},"320":{"start":{"line":1127,"column":6},"end":{"line":1127,"column":22}},"321":{"start":{"line":1129,"column":6},"end":{"line":1129,"column":19}},"322":{"start":{"line":1132,"column":6},"end":{"line":1132,"column":22}},"323":{"start":{"line":1134,"column":6},"end":{"line":1134,"column":22}},"324":{"start":{"line":1136,"column":6},"end":{"line":1136,"column":23}},"325":{"start":{"line":1142,"column":16},"end":{"line":1142,"column":112}},"326":{"start":{"line":1143,"column":20},"end":{"line":1143,"column":80}},"327":{"start":{"line":1145,"column":2},"end":{"line":1153,"column":3}},"328":{"start":{"line":1146,"column":4},"end":{"line":1152,"column":6}},"329":{"start":{"line":1155,"column":2},"end":{"line":1188,"column":3}},"330":{"start":{"line":1157,"column":20},"end":{"line":1160,"column":5}},"331":{"start":{"line":1158,"column":24},"end":{"line":1158,"column":44}},"332":{"start":{"line":1159,"column":26},"end":{"line":1159,"column":47}},"333":{"start":{"line":1163,"column":51},"end":{"line":1163,"column":93}},"334":{"start":{"line":1164,"column":19},"end":{"line":1164,"column":64}},"335":{"start":{"line":1167,"column":38},"end":{"line":1167,"column":77}},"336":{"start":{"line":1168,"column":26},"end":{"line":1168,"column":55}},"337":{"start":{"line":1170,"column":4},"end":{"line":1177,"column":6}},"338":{"start":{"line":1179,"column":4},"end":{"line":1179,"column":57}},"339":{"start":{"line":1180,"column":4},"end":{"line":1187,"column":6}},"340":{"start":{"line":1193,"column":16},"end":{"line":1193,"column":112}},"341":{"start":{"line":1194,"column":20},"end":{"line":1194,"column":80}},"342":{"start":{"line":1196,"column":2},"end":{"line":1204,"column":3}},"343":{"start":{"line":1197,"column":4},"end":{"line":1203,"column":6}},"344":{"start":{"line":1206,"column":2},"end":{"line":1239,"column":3}},"345":{"start":{"line":1208,"column":20},"end":{"line":1211,"column":5}},"346":{"start":{"line":1209,"column":24},"end":{"line":1209,"column":44}},"347":{"start":{"line":1210,"column":26},"end":{"line":1210,"column":47}},"348":{"start":{"line":1214,"column":45},"end":{"line":1214,"column":87}},"349":{"start":{"line":1215,"column":19},"end":{"line":1215,"column":61}},"350":{"start":{"line":1218,"column":38},"end":{"line":1218,"column":77}},"351":{"start":{"line":1219,"column":26},"end":{"line":1219,"column":55}},"352":{"start":{"line":1221,"column":4},"end":{"line":1228,"column":6}},"353":{"start":{"line":1230,"column":4},"end":{"line":1230,"column":54}},"354":{"start":{"line":1231,"column":4},"end":{"line":1238,"column":6}},"355":{"start":{"line":1244,"column":21},"end":{"line":1244,"column":24}},"356":{"start":{"line":1247,"column":2},"end":{"line":1258,"column":5}},"357":{"start":{"line":1260,"column":22},"end":{"line":1260,"column":30}},"358":{"start":{"line":1261,"column":2},"end":{"line":1261,"column":102}},"359":{"start":{"line":1263,"column":2},"end":{"line":1275,"column":5}},"360":{"start":{"line":1277,"column":2},"end":{"line":1303,"column":3}},"361":{"start":{"line":1278,"column":24},"end":{"line":1278,"column":32}},"362":{"start":{"line":1279,"column":19},"end":{"line":1279,"column":78}},"363":{"start":{"line":1282,"column":4},"end":{"line":1289,"column":6}},"364":{"start":{"line":1292,"column":4},"end":{"line":1302,"column":6}},"365":{"start":{"line":1307,"column":21},"end":{"line":1307,"column":24}},"366":{"start":{"line":1309,"column":2},"end":{"line":1379,"column":3}},"367":{"start":{"line":1311,"column":22},"end":{"line":1311,"column":103}},"368":{"start":{"line":1312,"column":21},"end":{"line":1312,"column":29}},"369":{"start":{"line":1314,"column":4},"end":{"line":1321,"column":7}},"370":{"start":{"line":1324,"column":4},"end":{"line":1327,"column":5}},"371":{"start":{"line":1325,"column":6},"end":{"line":1325,"column":66}},"372":{"start":{"line":1326,"column":6},"end":{"line":1326,"column":47}},"373":{"start":{"line":1330,"column":4},"end":{"line":1333,"column":5}},"374":{"start":{"line":1331,"column":6},"end":{"line":1331,"column":86}},"375":{"start":{"line":1332,"column":6},"end":{"line":1332,"column":35}},"376":{"start":{"line":1337,"column":6},"end":{"line":1337,"column":16}},"377":{"start":{"line":1340,"column":21},"end":{"line":1340,"column":59}},"378":{"start":{"line":1342,"column":4},"end":{"line":1351,"column":7}},"379":{"start":{"line":1353,"column":19},"end":{"line":1353,"column":119}},"380":{"start":{"line":1356,"column":4},"end":{"line":1363,"column":6}},"381":{"start":{"line":1365,"column":4},"end":{"line":1365,"column":61}},"382":{"start":{"line":1367,"column":4},"end":{"line":1378,"column":6}},"383":{"start":{"line":1384,"column":2},"end":{"line":1399,"column":3}},"384":{"start":{"line":1385,"column":19},"end":{"line":1388,"column":6}},"385":{"start":{"line":1386,"column":20},"end":{"line":1386,"column":24}},"386":{"start":{"line":1387,"column":23},"end":{"line":1387,"column":72}},"387":{"start":{"line":1387,"column":40},"end":{"line":1387,"column":69}},"388":{"start":{"line":1389,"column":4},"end":{"line":1389,"column":18}},"389":{"start":{"line":1391,"column":4},"end":{"line":1398,"column":6}},"390":{"start":{"line":1402,"column":0},"end":{"line":1420,"column":2}}},"fnMap":{"0":{"name":"createBookingCore","decl":{"start":{"line":21,"column":15},"end":{"line":21,"column":32}},"loc":{"start":{"line":21,"column":69},"end":{"line":262,"column":1}},"line":21},"1":{"name":"(anonymous_1)","decl":{"start":{"line":58,"column":63},"end":{"line":58,"column":64}},"loc":{"start":{"line":58,"column":75},"end":{"line":65,"column":5}},"line":58},"2":{"name":"(anonymous_2)","decl":{"start":{"line":91,"column":57},"end":{"line":91,"column":58}},"loc":{"start":{"line":91,"column":62},"end":{"line":91,"column":71}},"line":91},"3":{"name":"(anonymous_3)","decl":{"start":{"line":96,"column":48},"end":{"line":96,"column":49}},"loc":{"start":{"line":96,"column":56},"end":{"line":102,"column":5}},"line":96},"4":{"name":"(anonymous_4)","decl":{"start":{"line":108,"column":52},"end":{"line":108,"column":53}},"loc":{"start":{"line":108,"column":57},"end":{"line":108,"column":66}},"line":108},"5":{"name":"(anonymous_5)","decl":{"start":{"line":115,"column":61},"end":{"line":115,"column":62}},"loc":{"start":{"line":115,"column":67},"end":{"line":118,"column":7}},"line":115},"6":{"name":"(anonymous_6)","decl":{"start":{"line":170,"column":39},"end":{"line":170,"column":40}},"loc":{"start":{"line":170,"column":45},"end":{"line":174,"column":9}},"line":170},"7":{"name":"(anonymous_7)","decl":{"start":{"line":179,"column":58},"end":{"line":179,"column":59}},"loc":{"start":{"line":179,"column":69},"end":{"line":189,"column":7}},"line":179},"8":{"name":"(anonymous_8)","decl":{"start":{"line":194,"column":55},"end":{"line":194,"column":56}},"loc":{"start":{"line":194,"column":61},"end":{"line":198,"column":11}},"line":194},"9":{"name":"(anonymous_9)","decl":{"start":{"line":210,"column":34},"end":{"line":210,"column":35}},"loc":{"start":{"line":210,"column":40},"end":{"line":214,"column":11}},"line":210},"10":{"name":"createBooking","decl":{"start":{"line":268,"column":15},"end":{"line":268,"column":28}},"loc":{"start":{"line":268,"column":45},"end":{"line":359,"column":1}},"line":268},"11":{"name":"(anonymous_11)","decl":{"start":{"line":304,"column":42},"end":{"line":304,"column":43}},"loc":{"start":{"line":304,"column":63},"end":{"line":312,"column":7}},"line":304},"12":{"name":"updateBookingCore","decl":{"start":{"line":377,"column":15},"end":{"line":377,"column":32}},"loc":{"start":{"line":386,"column":2},"end":{"line":471,"column":1}},"line":386},"13":{"name":"(anonymous_13)","decl":{"start":{"line":390,"column":24},"end":{"line":390,"column":25}},"loc":{"start":{"line":390,"column":37},"end":{"line":401,"column":3}},"line":390},"14":{"name":"updateBooking","decl":{"start":{"line":477,"column":15},"end":{"line":477,"column":28}},"loc":{"start":{"line":477,"column":45},"end":{"line":553,"column":1}},"line":477},"15":{"name":"cancelBooking","decl":{"start":{"line":559,"column":15},"end":{"line":559,"column":28}},"loc":{"start":{"line":559,"column":39},"end":{"line":694,"column":1}},"line":559},"16":{"name":"(anonymous_16)","decl":{"start":{"line":612,"column":11},"end":{"line":612,"column":12}},"loc":{"start":{"line":612,"column":24},"end":{"line":612,"column":44}},"line":612},"17":{"name":"(anonymous_17)","decl":{"start":{"line":613,"column":13},"end":{"line":613,"column":14}},"loc":{"start":{"line":613,"column":26},"end":{"line":613,"column":47}},"line":613},"18":{"name":"getBookingsByCustomer","decl":{"start":{"line":700,"column":15},"end":{"line":700,"column":36}},"loc":{"start":{"line":700,"column":47},"end":{"line":750,"column":1}},"line":700},"19":{"name":"getActiveBookingsByCustomer","decl":{"start":{"line":756,"column":15},"end":{"line":756,"column":42}},"loc":{"start":{"line":756,"column":53},"end":{"line":797,"column":1}},"line":756},"20":{"name":"listBookings","decl":{"start":{"line":803,"column":15},"end":{"line":803,"column":27}},"loc":{"start":{"line":803,"column":38},"end":{"line":870,"column":1}},"line":803},"21":{"name":"getServiceAvailability","decl":{"start":{"line":876,"column":15},"end":{"line":876,"column":37}},"loc":{"start":{"line":876,"column":48},"end":{"line":1011,"column":1}},"line":876},"22":{"name":"(anonymous_22)","decl":{"start":{"line":912,"column":62},"end":{"line":912,"column":63}},"loc":{"start":{"line":912,"column":68},"end":{"line":912,"column":77}},"line":912},"23":{"name":"(anonymous_23)","decl":{"start":{"line":921,"column":25},"end":{"line":921,"column":26}},"loc":{"start":{"line":921,"column":32},"end":{"line":921,"column":57}},"line":921},"24":{"name":"(anonymous_24)","decl":{"start":{"line":955,"column":11},"end":{"line":955,"column":12}},"loc":{"start":{"line":955,"column":24},"end":{"line":955,"column":44}},"line":955},"25":{"name":"manageBooking","decl":{"start":{"line":1018,"column":15},"end":{"line":1018,"column":28}},"loc":{"start":{"line":1018,"column":39},"end":{"line":1121,"column":1}},"line":1018},"26":{"name":"getActionFromMethod","decl":{"start":{"line":1124,"column":9},"end":{"line":1124,"column":28}},"loc":{"start":{"line":1124,"column":37},"end":{"line":1138,"column":1}},"line":1124},"27":{"name":"handleCancelBooking","decl":{"start":{"line":1140,"column":15},"end":{"line":1140,"column":34}},"loc":{"start":{"line":1140,"column":55},"end":{"line":1189,"column":1}},"line":1140},"28":{"name":"(anonymous_28)","decl":{"start":{"line":1158,"column":11},"end":{"line":1158,"column":12}},"loc":{"start":{"line":1158,"column":24},"end":{"line":1158,"column":44}},"line":1158},"29":{"name":"(anonymous_29)","decl":{"start":{"line":1159,"column":13},"end":{"line":1159,"column":14}},"loc":{"start":{"line":1159,"column":26},"end":{"line":1159,"column":47}},"line":1159},"30":{"name":"handleGetBooking","decl":{"start":{"line":1191,"column":15},"end":{"line":1191,"column":31}},"loc":{"start":{"line":1191,"column":52},"end":{"line":1240,"column":1}},"line":1191},"31":{"name":"(anonymous_31)","decl":{"start":{"line":1209,"column":11},"end":{"line":1209,"column":12}},"loc":{"start":{"line":1209,"column":24},"end":{"line":1209,"column":44}},"line":1209},"32":{"name":"(anonymous_32)","decl":{"start":{"line":1210,"column":13},"end":{"line":1210,"column":14}},"loc":{"start":{"line":1210,"column":26},"end":{"line":1210,"column":47}},"line":1210},"33":{"name":"handleCreateBooking","decl":{"start":{"line":1243,"column":15},"end":{"line":1243,"column":34}},"loc":{"start":{"line":1243,"column":55},"end":{"line":1304,"column":1}},"line":1243},"34":{"name":"handleUpdateBooking","decl":{"start":{"line":1306,"column":15},"end":{"line":1306,"column":34}},"loc":{"start":{"line":1306,"column":55},"end":{"line":1380,"column":1}},"line":1306},"35":{"name":"handleListBookings","decl":{"start":{"line":1382,"column":15},"end":{"line":1382,"column":33}},"loc":{"start":{"line":1382,"column":54},"end":{"line":1400,"column":1}},"line":1382},"36":{"name":"(anonymous_36)","decl":{"start":{"line":1386,"column":12},"end":{"line":1386,"column":13}},"loc":{"start":{"line":1386,"column":20},"end":{"line":1386,"column":24}},"line":1386},"37":{"name":"(anonymous_37)","decl":{"start":{"line":1387,"column":14},"end":{"line":1387,"column":15}},"loc":{"start":{"line":1387,"column":23},"end":{"line":1387,"column":72}},"line":1387},"38":{"name":"(anonymous_38)","decl":{"start":{"line":1387,"column":31},"end":{"line":1387,"column":32}},"loc":{"start":{"line":1387,"column":40},"end":{"line":1387,"column":69}},"line":1387}},"branchMap":{"0":{"loc":{"start":{"line":32,"column":2},"end":{"line":41,"column":3}},"type":"if","locations":[{"start":{"line":32,"column":2},"end":{"line":41,"column":3}},{"start":{},"end":{}}],"line":32},"1":{"loc":{"start":{"line":60,"column":10},"end":{"line":64,"column":7}},"type":"binary-expr","locations":[{"start":{"line":60,"column":10},"end":{"line":60,"column":30}},{"start":{"line":60,"column":34},"end":{"line":64,"column":7}}],"line":60},"2":{"loc":{"start":{"line":87,"column":27},"end":{"line":87,"column":115}},"type":"binary-expr","locations":[{"start":{"line":87,"column":27},"end":{"line":87,"column":70}},{"start":{"line":87,"column":74},"end":{"line":87,"column":109}},{"start":{"line":87,"column":113},"end":{"line":87,"column":115}}],"line":87},"3":{"loc":{"start":{"line":104,"column":4},"end":{"line":120,"column":5}},"type":"if","locations":[{"start":{"line":104,"column":4},"end":{"line":120,"column":5}},{"start":{},"end":{}}],"line":104},"4":{"loc":{"start":{"line":127,"column":4},"end":{"line":130,"column":5}},"type":"if","locations":[{"start":{"line":127,"column":4},"end":{"line":130,"column":5}},{"start":{},"end":{}}],"line":127},"5":{"loc":{"start":{"line":143,"column":2},"end":{"line":228,"column":3}},"type":"if","locations":[{"start":{"line":143,"column":2},"end":{"line":228,"column":3}},{"start":{},"end":{}}],"line":143},"6":{"loc":{"start":{"line":166,"column":31},"end":{"line":166,"column":78}},"type":"binary-expr","locations":[{"start":{"line":166,"column":31},"end":{"line":166,"column":72}},{"start":{"line":166,"column":76},"end":{"line":166,"column":78}}],"line":166},"7":{"loc":{"start":{"line":180,"column":8},"end":{"line":182,"column":9}},"type":"if","locations":[{"start":{"line":180,"column":8},"end":{"line":182,"column":9}},{"start":{},"end":{}}],"line":180},"8":{"loc":{"start":{"line":180,"column":12},"end":{"line":180,"column":73}},"type":"binary-expr","locations":[{"start":{"line":180,"column":12},"end":{"line":180,"column":41}},{"start":{"line":180,"column":45},"end":{"line":180,"column":73}}],"line":180},"9":{"loc":{"start":{"line":191,"column":6},"end":{"line":217,"column":7}},"type":"if","locations":[{"start":{"line":191,"column":6},"end":{"line":217,"column":7}},{"start":{},"end":{}}],"line":191},"10":{"loc":{"start":{"line":221,"column":6},"end":{"line":224,"column":7}},"type":"if","locations":[{"start":{"line":221,"column":6},"end":{"line":224,"column":7}},{"start":{},"end":{}}],"line":221},"11":{"loc":{"start":{"line":233,"column":2},"end":{"line":244,"column":3}},"type":"if","locations":[{"start":{"line":233,"column":2},"end":{"line":244,"column":3}},{"start":{},"end":{}}],"line":233},"12":{"loc":{"start":{"line":233,"column":6},"end":{"line":233,"column":37}},"type":"binary-expr","locations":[{"start":{"line":233,"column":6},"end":{"line":233,"column":21}},{"start":{"line":233,"column":25},"end":{"line":233,"column":37}}],"line":233},"13":{"loc":{"start":{"line":242,"column":25},"end":{"line":242,"column":66}},"type":"binary-expr","locations":[{"start":{"line":242,"column":25},"end":{"line":242,"column":37}},{"start":{"line":242,"column":41},"end":{"line":242,"column":66}}],"line":242},"14":{"loc":{"start":{"line":289,"column":26},"end":{"line":289,"column":43}},"type":"binary-expr","locations":[{"start":{"line":289,"column":26},"end":{"line":289,"column":37}},{"start":{"line":289,"column":41},"end":{"line":289,"column":43}}],"line":289},"15":{"loc":{"start":{"line":294,"column":31},"end":{"line":296,"column":19}},"type":"cond-expr","locations":[{"start":{"line":295,"column":8},"end":{"line":295,"column":46}},{"start":{"line":296,"column":8},"end":{"line":296,"column":19}}],"line":294},"16":{"loc":{"start":{"line":301,"column":2},"end":{"line":314,"column":3}},"type":"if","locations":[{"start":{"line":301,"column":2},"end":{"line":314,"column":3}},{"start":{},"end":{}}],"line":301},"17":{"loc":{"start":{"line":307,"column":26},"end":{"line":307,"column":39}},"type":"binary-expr","locations":[{"start":{"line":307,"column":26},"end":{"line":307,"column":33}},{"start":{"line":307,"column":37},"end":{"line":307,"column":39}}],"line":307},"18":{"loc":{"start":{"line":332,"column":4},"end":{"line":340,"column":5}},"type":"if","locations":[{"start":{"line":332,"column":4},"end":{"line":340,"column":5}},{"start":{},"end":{}}],"line":332},"19":{"loc":{"start":{"line":342,"column":4},"end":{"line":354,"column":5}},"type":"if","locations":[{"start":{"line":342,"column":4},"end":{"line":354,"column":5}},{"start":{},"end":{}}],"line":342},"20":{"loc":{"start":{"line":349,"column":12},"end":{"line":349,"column":114}},"type":"binary-expr","locations":[{"start":{"line":349,"column":12},"end":{"line":349,"column":37}},{"start":{"line":349,"column":41},"end":{"line":349,"column":114}}],"line":349},"21":{"loc":{"start":{"line":350,"column":12},"end":{"line":350,"column":99}},"type":"binary-expr","locations":[{"start":{"line":350,"column":12},"end":{"line":350,"column":32}},{"start":{"line":350,"column":36},"end":{"line":350,"column":99}}],"line":350},"22":{"loc":{"start":{"line":391,"column":4},"end":{"line":391,"column":33}},"type":"if","locations":[{"start":{"line":391,"column":4},"end":{"line":391,"column":33}},{"start":{},"end":{}}],"line":391},"23":{"loc":{"start":{"line":394,"column":6},"end":{"line":396,"column":7}},"type":"if","locations":[{"start":{"line":394,"column":6},"end":{"line":396,"column":7}},{"start":{},"end":{}}],"line":394},"24":{"loc":{"start":{"line":418,"column":31},"end":{"line":418,"column":83}},"type":"cond-expr","locations":[{"start":{"line":418,"column":53},"end":{"line":418,"column":79}},{"start":{"line":418,"column":82},"end":{"line":418,"column":83}}],"line":418},"25":{"loc":{"start":{"line":423,"column":2},"end":{"line":426,"column":3}},"type":"if","locations":[{"start":{"line":423,"column":2},"end":{"line":426,"column":3}},{"start":{},"end":{}}],"line":423},"26":{"loc":{"start":{"line":429,"column":2},"end":{"line":432,"column":3}},"type":"if","locations":[{"start":{"line":429,"column":2},"end":{"line":432,"column":3}},{"start":{},"end":{}}],"line":429},"27":{"loc":{"start":{"line":429,"column":6},"end":{"line":429,"column":58}},"type":"binary-expr","locations":[{"start":{"line":429,"column":6},"end":{"line":429,"column":13}},{"start":{"line":429,"column":17},"end":{"line":429,"column":58}}],"line":429},"28":{"loc":{"start":{"line":435,"column":2},"end":{"line":438,"column":3}},"type":"if","locations":[{"start":{"line":435,"column":2},"end":{"line":438,"column":3}},{"start":{},"end":{}}],"line":435},"29":{"loc":{"start":{"line":435,"column":6},"end":{"line":435,"column":54}},"type":"binary-expr","locations":[{"start":{"line":435,"column":6},"end":{"line":435,"column":11}},{"start":{"line":435,"column":15},"end":{"line":435,"column":54}}],"line":435},"30":{"loc":{"start":{"line":455,"column":4},"end":{"line":455,"column":46}},"type":"if","locations":[{"start":{"line":455,"column":4},"end":{"line":455,"column":46}},{"start":{},"end":{}}],"line":455},"31":{"loc":{"start":{"line":456,"column":4},"end":{"line":456,"column":40}},"type":"if","locations":[{"start":{"line":456,"column":4},"end":{"line":456,"column":40}},{"start":{},"end":{}}],"line":456},"32":{"loc":{"start":{"line":457,"column":4},"end":{"line":457,"column":37}},"type":"if","locations":[{"start":{"line":457,"column":4},"end":{"line":457,"column":37}},{"start":{},"end":{}}],"line":457},"33":{"loc":{"start":{"line":458,"column":4},"end":{"line":458,"column":61}},"type":"if","locations":[{"start":{"line":458,"column":4},"end":{"line":458,"column":61}},{"start":{},"end":{}}],"line":458},"34":{"loc":{"start":{"line":459,"column":4},"end":{"line":459,"column":55}},"type":"if","locations":[{"start":{"line":459,"column":4},"end":{"line":459,"column":55}},{"start":{},"end":{}}],"line":459},"35":{"loc":{"start":{"line":460,"column":4},"end":{"line":460,"column":82}},"type":"if","locations":[{"start":{"line":460,"column":4},"end":{"line":460,"column":82}},{"start":{},"end":{}}],"line":460},"36":{"loc":{"start":{"line":488,"column":22},"end":{"line":488,"column":60}},"type":"binary-expr","locations":[{"start":{"line":488,"column":22},"end":{"line":488,"column":51}},{"start":{"line":488,"column":55},"end":{"line":488,"column":60}}],"line":488},"37":{"loc":{"start":{"line":489,"column":20},"end":{"line":489,"column":56}},"type":"binary-expr","locations":[{"start":{"line":489,"column":20},"end":{"line":489,"column":47}},{"start":{"line":489,"column":51},"end":{"line":489,"column":56}}],"line":489},"38":{"loc":{"start":{"line":490,"column":26},"end":{"line":490,"column":68}},"type":"binary-expr","locations":[{"start":{"line":490,"column":26},"end":{"line":490,"column":59}},{"start":{"line":490,"column":63},"end":{"line":490,"column":68}}],"line":490},"39":{"loc":{"start":{"line":497,"column":26},"end":{"line":497,"column":42}},"type":"binary-expr","locations":[{"start":{"line":497,"column":26},"end":{"line":497,"column":36}},{"start":{"line":497,"column":40},"end":{"line":497,"column":42}}],"line":497},"40":{"loc":{"start":{"line":498,"column":29},"end":{"line":498,"column":45}},"type":"binary-expr","locations":[{"start":{"line":498,"column":29},"end":{"line":498,"column":39}},{"start":{"line":498,"column":43},"end":{"line":498,"column":45}}],"line":498},"41":{"loc":{"start":{"line":528,"column":4},"end":{"line":536,"column":5}},"type":"if","locations":[{"start":{"line":528,"column":4},"end":{"line":536,"column":5}},{"start":{},"end":{}}],"line":528},"42":{"loc":{"start":{"line":538,"column":4},"end":{"line":548,"column":5}},"type":"if","locations":[{"start":{"line":538,"column":4},"end":{"line":548,"column":5}},{"start":{},"end":{}}],"line":538},"43":{"loc":{"start":{"line":543,"column":12},"end":{"line":543,"column":70}},"type":"binary-expr","locations":[{"start":{"line":543,"column":12},"end":{"line":543,"column":30}},{"start":{"line":543,"column":34},"end":{"line":543,"column":70}}],"line":543},"44":{"loc":{"start":{"line":544,"column":12},"end":{"line":544,"column":55}},"type":"binary-expr","locations":[{"start":{"line":544,"column":12},"end":{"line":544,"column":25}},{"start":{"line":544,"column":29},"end":{"line":544,"column":55}}],"line":544},"45":{"loc":{"start":{"line":569,"column":22},"end":{"line":569,"column":60}},"type":"binary-expr","locations":[{"start":{"line":569,"column":22},"end":{"line":569,"column":51}},{"start":{"line":569,"column":55},"end":{"line":569,"column":60}}],"line":569},"46":{"loc":{"start":{"line":570,"column":20},"end":{"line":570,"column":56}},"type":"binary-expr","locations":[{"start":{"line":570,"column":20},"end":{"line":570,"column":47}},{"start":{"line":570,"column":51},"end":{"line":570,"column":56}}],"line":570},"47":{"loc":{"start":{"line":571,"column":26},"end":{"line":571,"column":68}},"type":"binary-expr","locations":[{"start":{"line":571,"column":26},"end":{"line":571,"column":59}},{"start":{"line":571,"column":63},"end":{"line":571,"column":68}}],"line":571},"48":{"loc":{"start":{"line":581,"column":18},"end":{"line":581,"column":114}},"type":"cond-expr","locations":[{"start":{"line":581,"column":57},"end":{"line":581,"column":96}},{"start":{"line":581,"column":99},"end":{"line":581,"column":114}}],"line":581},"49":{"loc":{"start":{"line":581,"column":99},"end":{"line":581,"column":114}},"type":"binary-expr","locations":[{"start":{"line":581,"column":99},"end":{"line":581,"column":108}},{"start":{"line":581,"column":112},"end":{"line":581,"column":114}}],"line":581},"50":{"loc":{"start":{"line":584,"column":22},"end":{"line":584,"column":82}},"type":"binary-expr","locations":[{"start":{"line":584,"column":22},"end":{"line":584,"column":37}},{"start":{"line":584,"column":41},"end":{"line":584,"column":61}},{"start":{"line":584,"column":65},"end":{"line":584,"column":82}}],"line":584},"51":{"loc":{"start":{"line":594,"column":4},"end":{"line":601,"column":5}},"type":"if","locations":[{"start":{"line":594,"column":4},"end":{"line":601,"column":5}},{"start":{},"end":{}}],"line":594},"52":{"loc":{"start":{"line":630,"column":25},"end":{"line":630,"column":49}},"type":"binary-expr","locations":[{"start":{"line":630,"column":25},"end":{"line":630,"column":31}},{"start":{"line":630,"column":35},"end":{"line":630,"column":49}}],"line":630},"53":{"loc":{"start":{"line":644,"column":27},"end":{"line":644,"column":76}},"type":"cond-expr","locations":[{"start":{"line":644,"column":44},"end":{"line":644,"column":71}},{"start":{"line":644,"column":74},"end":{"line":644,"column":76}}],"line":644},"54":{"loc":{"start":{"line":645,"column":26},"end":{"line":645,"column":75}},"type":"cond-expr","locations":[{"start":{"line":645,"column":43},"end":{"line":645,"column":70}},{"start":{"line":645,"column":73},"end":{"line":645,"column":75}}],"line":645},"55":{"loc":{"start":{"line":668,"column":4},"end":{"line":675,"column":5}},"type":"if","locations":[{"start":{"line":668,"column":4},"end":{"line":675,"column":5}},{"start":{},"end":{}}],"line":668},"56":{"loc":{"start":{"line":668,"column":8},"end":{"line":668,"column":60}},"type":"binary-expr","locations":[{"start":{"line":668,"column":8},"end":{"line":668,"column":21}},{"start":{"line":668,"column":25},"end":{"line":668,"column":60}}],"line":668},"57":{"loc":{"start":{"line":677,"column":4},"end":{"line":684,"column":5}},"type":"if","locations":[{"start":{"line":677,"column":4},"end":{"line":684,"column":5}},{"start":{},"end":{}}],"line":677},"58":{"loc":{"start":{"line":677,"column":8},"end":{"line":677,"column":72}},"type":"binary-expr","locations":[{"start":{"line":677,"column":8},"end":{"line":677,"column":21}},{"start":{"line":677,"column":25},"end":{"line":677,"column":72}}],"line":677},"59":{"loc":{"start":{"line":704,"column":18},"end":{"line":704,"column":28}},"type":"default-arg","locations":[{"start":{"line":704,"column":26},"end":{"line":704,"column":28}}],"line":704},"60":{"loc":{"start":{"line":712,"column":17},"end":{"line":712,"column":69}},"type":"cond-expr","locations":[{"start":{"line":712,"column":40},"end":{"line":712,"column":62}},{"start":{"line":712,"column":65},"end":{"line":712,"column":69}}],"line":712},"61":{"loc":{"start":{"line":712,"column":17},"end":{"line":712,"column":37}},"type":"binary-expr","locations":[{"start":{"line":712,"column":17},"end":{"line":712,"column":26}},{"start":{"line":712,"column":30},"end":{"line":712,"column":37}}],"line":712},"62":{"loc":{"start":{"line":721,"column":4},"end":{"line":732,"column":5}},"type":"if","locations":[{"start":{"line":721,"column":4},"end":{"line":732,"column":5}},{"start":{},"end":{}}],"line":721},"63":{"loc":{"start":{"line":769,"column":4},"end":{"line":780,"column":5}},"type":"if","locations":[{"start":{"line":769,"column":4},"end":{"line":780,"column":5}},{"start":{},"end":{}}],"line":769},"64":{"loc":{"start":{"line":811,"column":4},"end":{"line":811,"column":14}},"type":"default-arg","locations":[{"start":{"line":811,"column":12},"end":{"line":811,"column":14}}],"line":811},"65":{"loc":{"start":{"line":812,"column":4},"end":{"line":812,"column":14}},"type":"default-arg","locations":[{"start":{"line":812,"column":13},"end":{"line":812,"column":14}}],"line":812},"66":{"loc":{"start":{"line":813,"column":4},"end":{"line":813,"column":22}},"type":"default-arg","locations":[{"start":{"line":813,"column":13},"end":{"line":813,"column":22}}],"line":813},"67":{"loc":{"start":{"line":814,"column":4},"end":{"line":814,"column":21}},"type":"default-arg","locations":[{"start":{"line":814,"column":16},"end":{"line":814,"column":21}}],"line":814},"68":{"loc":{"start":{"line":836,"column":4},"end":{"line":847,"column":5}},"type":"if","locations":[{"start":{"line":836,"column":4},"end":{"line":847,"column":5}},{"start":{},"end":{}}],"line":836},"69":{"loc":{"start":{"line":882,"column":28},"end":{"line":882,"column":86}},"type":"cond-expr","locations":[{"start":{"line":882,"column":50},"end":{"line":882,"column":79}},{"start":{"line":882,"column":82},"end":{"line":882,"column":86}}],"line":882},"70":{"loc":{"start":{"line":883,"column":22},"end":{"line":883,"column":96}},"type":"cond-expr","locations":[{"start":{"line":883,"column":76},"end":{"line":883,"column":91}},{"start":{"line":883,"column":94},"end":{"line":883,"column":96}}],"line":883},"71":{"loc":{"start":{"line":883,"column":22},"end":{"line":883,"column":73}},"type":"binary-expr","locations":[{"start":{"line":883,"column":22},"end":{"line":883,"column":46}},{"start":{"line":883,"column":50},"end":{"line":883,"column":73}}],"line":883},"72":{"loc":{"start":{"line":890,"column":4},"end":{"line":896,"column":5}},"type":"if","locations":[{"start":{"line":890,"column":4},"end":{"line":896,"column":5}},{"start":{},"end":{}}],"line":890},"73":{"loc":{"start":{"line":898,"column":4},"end":{"line":904,"column":5}},"type":"if","locations":[{"start":{"line":898,"column":4},"end":{"line":904,"column":5}},{"start":{},"end":{}}],"line":898},"74":{"loc":{"start":{"line":898,"column":8},"end":{"line":898,"column":39}},"type":"binary-expr","locations":[{"start":{"line":898,"column":8},"end":{"line":898,"column":21}},{"start":{"line":898,"column":25},"end":{"line":898,"column":39}}],"line":898},"75":{"loc":{"start":{"line":926,"column":6},"end":{"line":938,"column":7}},"type":"if","locations":[{"start":{"line":926,"column":6},"end":{"line":938,"column":7}},{"start":{},"end":{}}],"line":926},"76":{"loc":{"start":{"line":974,"column":13},"end":{"line":974,"column":48}},"type":"binary-expr","locations":[{"start":{"line":974,"column":13},"end":{"line":974,"column":42}},{"start":{"line":974,"column":46},"end":{"line":974,"column":48}}],"line":974},"77":{"loc":{"start":{"line":981,"column":18},"end":{"line":981,"column":45}},"type":"binary-expr","locations":[{"start":{"line":981,"column":18},"end":{"line":981,"column":40}},{"start":{"line":981,"column":44},"end":{"line":981,"column":45}}],"line":981},"78":{"loc":{"start":{"line":1022,"column":17},"end":{"line":1022,"column":69}},"type":"binary-expr","locations":[{"start":{"line":1022,"column":17},"end":{"line":1022,"column":34}},{"start":{"line":1022,"column":38},"end":{"line":1022,"column":69}}],"line":1022},"79":{"loc":{"start":{"line":1037,"column":26},"end":{"line":1037,"column":40}},"type":"binary-expr","locations":[{"start":{"line":1037,"column":26},"end":{"line":1037,"column":34}},{"start":{"line":1037,"column":38},"end":{"line":1037,"column":40}}],"line":1037},"80":{"loc":{"start":{"line":1053,"column":4},"end":{"line":1107,"column":5}},"type":"switch","locations":[{"start":{"line":1054,"column":6},"end":{"line":1056,"column":14}},{"start":{"line":1057,"column":6},"end":{"line":1059,"column":14}},{"start":{"line":1060,"column":6},"end":{"line":1060,"column":20}},{"start":{"line":1061,"column":6},"end":{"line":1063,"column":14}},{"start":{"line":1064,"column":6},"end":{"line":1066,"column":14}},{"start":{"line":1067,"column":6},"end":{"line":1069,"column":14}},{"start":{"line":1070,"column":6},"end":{"line":1106,"column":9}}],"line":1053},"81":{"loc":{"start":{"line":1072,"column":8},"end":{"line":1106,"column":9}},"type":"if","locations":[{"start":{"line":1072,"column":8},"end":{"line":1106,"column":9}},{"start":{"line":1099,"column":15},"end":{"line":1106,"column":9}}],"line":1072},"82":{"loc":{"start":{"line":1072,"column":12},"end":{"line":1072,"column":40}},"type":"binary-expr","locations":[{"start":{"line":1072,"column":12},"end":{"line":1072,"column":18}},{"start":{"line":1072,"column":22},"end":{"line":1072,"column":40}}],"line":1072},"83":{"loc":{"start":{"line":1080,"column":10},"end":{"line":1098,"column":11}},"type":"switch","locations":[{"start":{"line":1081,"column":12},"end":{"line":1083,"column":20}},{"start":{"line":1084,"column":12},"end":{"line":1084,"column":26}},{"start":{"line":1085,"column":12},"end":{"line":1087,"column":20}},{"start":{"line":1088,"column":12},"end":{"line":1090,"column":20}},{"start":{"line":1091,"column":12},"end":{"line":1097,"column":17}}],"line":1080},"84":{"loc":{"start":{"line":1110,"column":22},"end":{"line":1110,"column":46}},"type":"binary-expr","locations":[{"start":{"line":1110,"column":22},"end":{"line":1110,"column":39}},{"start":{"line":1110,"column":43},"end":{"line":1110,"column":46}}],"line":1110},"85":{"loc":{"start":{"line":1125,"column":2},"end":{"line":1137,"column":3}},"type":"switch","locations":[{"start":{"line":1126,"column":4},"end":{"line":1127,"column":22}},{"start":{"line":1128,"column":4},"end":{"line":1129,"column":19}},{"start":{"line":1130,"column":4},"end":{"line":1130,"column":15}},{"start":{"line":1131,"column":4},"end":{"line":1132,"column":22}},{"start":{"line":1133,"column":4},"end":{"line":1134,"column":22}},{"start":{"line":1135,"column":4},"end":{"line":1136,"column":23}}],"line":1125},"86":{"loc":{"start":{"line":1142,"column":16},"end":{"line":1142,"column":112}},"type":"cond-expr","locations":[{"start":{"line":1142,"column":55},"end":{"line":1142,"column":94}},{"start":{"line":1142,"column":97},"end":{"line":1142,"column":112}}],"line":1142},"87":{"loc":{"start":{"line":1142,"column":97},"end":{"line":1142,"column":112}},"type":"binary-expr","locations":[{"start":{"line":1142,"column":97},"end":{"line":1142,"column":106}},{"start":{"line":1142,"column":110},"end":{"line":1142,"column":112}}],"line":1142},"88":{"loc":{"start":{"line":1143,"column":20},"end":{"line":1143,"column":80}},"type":"binary-expr","locations":[{"start":{"line":1143,"column":20},"end":{"line":1143,"column":35}},{"start":{"line":1143,"column":39},"end":{"line":1143,"column":59}},{"start":{"line":1143,"column":63},"end":{"line":1143,"column":80}}],"line":1143},"89":{"loc":{"start":{"line":1145,"column":2},"end":{"line":1153,"column":3}},"type":"if","locations":[{"start":{"line":1145,"column":2},"end":{"line":1153,"column":3}},{"start":{},"end":{}}],"line":1145},"90":{"loc":{"start":{"line":1193,"column":16},"end":{"line":1193,"column":112}},"type":"cond-expr","locations":[{"start":{"line":1193,"column":55},"end":{"line":1193,"column":94}},{"start":{"line":1193,"column":97},"end":{"line":1193,"column":112}}],"line":1193},"91":{"loc":{"start":{"line":1193,"column":97},"end":{"line":1193,"column":112}},"type":"binary-expr","locations":[{"start":{"line":1193,"column":97},"end":{"line":1193,"column":106}},{"start":{"line":1193,"column":110},"end":{"line":1193,"column":112}}],"line":1193},"92":{"loc":{"start":{"line":1194,"column":20},"end":{"line":1194,"column":80}},"type":"binary-expr","locations":[{"start":{"line":1194,"column":20},"end":{"line":1194,"column":35}},{"start":{"line":1194,"column":39},"end":{"line":1194,"column":59}},{"start":{"line":1194,"column":63},"end":{"line":1194,"column":80}}],"line":1194},"93":{"loc":{"start":{"line":1196,"column":2},"end":{"line":1204,"column":3}},"type":"if","locations":[{"start":{"line":1196,"column":2},"end":{"line":1204,"column":3}},{"start":{},"end":{}}],"line":1196},"94":{"loc":{"start":{"line":1265,"column":26},"end":{"line":1265,"column":43}},"type":"binary-expr","locations":[{"start":{"line":1265,"column":26},"end":{"line":1265,"column":37}},{"start":{"line":1265,"column":41},"end":{"line":1265,"column":43}}],"line":1265},"95":{"loc":{"start":{"line":1270,"column":31},"end":{"line":1272,"column":19}},"type":"cond-expr","locations":[{"start":{"line":1271,"column":8},"end":{"line":1271,"column":46}},{"start":{"line":1272,"column":8},"end":{"line":1272,"column":19}}],"line":1270},"96":{"loc":{"start":{"line":1296,"column":10},"end":{"line":1296,"column":70}},"type":"binary-expr","locations":[{"start":{"line":1296,"column":10},"end":{"line":1296,"column":32}},{"start":{"line":1296,"column":36},"end":{"line":1296,"column":70}}],"line":1296},"97":{"loc":{"start":{"line":1297,"column":10},"end":{"line":1297,"column":44}},"type":"binary-expr","locations":[{"start":{"line":1297,"column":10},"end":{"line":1297,"column":20}},{"start":{"line":1297,"column":24},"end":{"line":1297,"column":44}}],"line":1297},"98":{"loc":{"start":{"line":1298,"column":10},"end":{"line":1298,"column":89}},"type":"binary-expr","locations":[{"start":{"line":1298,"column":10},"end":{"line":1298,"column":35}},{"start":{"line":1298,"column":39},"end":{"line":1298,"column":89}}],"line":1298},"99":{"loc":{"start":{"line":1300,"column":18},"end":{"line":1300,"column":41}},"type":"binary-expr","locations":[{"start":{"line":1300,"column":18},"end":{"line":1300,"column":34}},{"start":{"line":1300,"column":38},"end":{"line":1300,"column":41}}],"line":1300},"100":{"loc":{"start":{"line":1311,"column":22},"end":{"line":1311,"column":103}},"type":"binary-expr","locations":[{"start":{"line":1311,"column":22},"end":{"line":1311,"column":41}},{"start":{"line":1311,"column":45},"end":{"line":1311,"column":65}},{"start":{"line":1311,"column":69},"end":{"line":1311,"column":82}},{"start":{"line":1311,"column":86},"end":{"line":1311,"column":103}}],"line":1311},"101":{"loc":{"start":{"line":1324,"column":4},"end":{"line":1327,"column":5}},"type":"if","locations":[{"start":{"line":1324,"column":4},"end":{"line":1327,"column":5}},{"start":{},"end":{}}],"line":1324},"102":{"loc":{"start":{"line":1330,"column":4},"end":{"line":1333,"column":5}},"type":"if","locations":[{"start":{"line":1330,"column":4},"end":{"line":1333,"column":5}},{"start":{},"end":{}}],"line":1330},"103":{"loc":{"start":{"line":1340,"column":21},"end":{"line":1340,"column":59}},"type":"binary-expr","locations":[{"start":{"line":1340,"column":21},"end":{"line":1340,"column":40}},{"start":{"line":1340,"column":44},"end":{"line":1340,"column":59}}],"line":1340},"104":{"loc":{"start":{"line":1345,"column":36},"end":{"line":1345,"column":50}},"type":"binary-expr","locations":[{"start":{"line":1345,"column":36},"end":{"line":1345,"column":44}},{"start":{"line":1345,"column":48},"end":{"line":1345,"column":50}}],"line":1345},"105":{"loc":{"start":{"line":1371,"column":10},"end":{"line":1371,"column":70}},"type":"binary-expr","locations":[{"start":{"line":1371,"column":10},"end":{"line":1371,"column":32}},{"start":{"line":1371,"column":36},"end":{"line":1371,"column":70}}],"line":1371},"106":{"loc":{"start":{"line":1372,"column":10},"end":{"line":1372,"column":44}},"type":"binary-expr","locations":[{"start":{"line":1372,"column":10},"end":{"line":1372,"column":20}},{"start":{"line":1372,"column":24},"end":{"line":1372,"column":44}}],"line":1372},"107":{"loc":{"start":{"line":1373,"column":10},"end":{"line":1373,"column":68}},"type":"binary-expr","locations":[{"start":{"line":1373,"column":10},"end":{"line":1373,"column":28}},{"start":{"line":1373,"column":32},"end":{"line":1373,"column":68}}],"line":1373},"108":{"loc":{"start":{"line":1374,"column":10},"end":{"line":1374,"column":53}},"type":"binary-expr","locations":[{"start":{"line":1374,"column":10},"end":{"line":1374,"column":23}},{"start":{"line":1374,"column":27},"end":{"line":1374,"column":53}}],"line":1374},"109":{"loc":{"start":{"line":1376,"column":18},"end":{"line":1376,"column":41}},"type":"binary-expr","locations":[{"start":{"line":1376,"column":18},"end":{"line":1376,"column":34}},{"start":{"line":1376,"column":38},"end":{"line":1376,"column":41}}],"line":1376}},"s":{"0":1,"1":1,"2":1,"3":1,"4":1,"5":0,"6":0,"7":0,"8":0,"9":0,"10":0,"11":0,"12":0,"13":0,"14":0,"15":0,"16":0,"17":0,"18":0,"19":0,"20":0,"21":0,"22":0,"23":0,"24":0,"25":0,"26":0,"27":0,"28":0,"29":0,"30":0,"31":0,"32":0,"33":0,"34":0,"35":0,"36":0,"37":0,"38":0,"39":0,"40":0,"41":0,"42":0,"43":0,"44":0,"45":0,"46":0,"47":0,"48":0,"49":0,"50":0,"51":0,"52":0,"53":0,"54":0,"55":0,"56":0,"57":0,"58":0,"59":0,"60":0,"61":0,"62":0,"63":0,"64":0,"65":0,"66":0,"67":0,"68":0,"69":0,"70":0,"71":0,"72":0,"73":0,"74":0,"75":0,"76":0,"77":0,"78":0,"79":0,"80":0,"81":0,"82":0,"83":0,"84":0,"85":0,"86":0,"87":0,"88":0,"89":0,"90":0,"91":0,"92":0,"93":0,"94":0,"95":0,"96":0,"97":0,"98":0,"99":0,"100":0,"101":0,"102":0,"103":0,"104":0,"105":0,"106":0,"107":0,"108":0,"109":0,"110":0,"111":0,"112":0,"113":0,"114":0,"115":0,"116":0,"117":0,"118":0,"119":0,"120":0,"121":0,"122":0,"123":0,"124":0,"125":0,"126":0,"127":0,"128":0,"129":0,"130":0,"131":0,"132":0,"133":0,"134":0,"135":0,"136":0,"137":0,"138":0,"139":0,"140":0,"141":0,"142":0,"143":0,"144":0,"145":0,"146":0,"147":0,"148":0,"149":0,"150":0,"151":0,"152":0,"153":0,"154":0,"155":0,"156":0,"157":0,"158":0,"159":0,"160":0,"161":0,"162":0,"163":0,"164":0,"165":0,"166":0,"167":0,"168":0,"169":0,"170":0,"171":0,"172":0,"173":0,"174":0,"175":0,"176":0,"177":0,"178":0,"179":0,"180":0,"181":0,"182":0,"183":0,"184":0,"185":0,"186":0,"187":0,"188":0,"189":0,"190":0,"191":0,"192":0,"193":0,"194":0,"195":0,"196":0,"197":0,"198":0,"199":0,"200":0,"201":0,"202":0,"203":0,"204":0,"205":0,"206":0,"207":0,"208":0,"209":0,"210":0,"211":0,"212":0,"213":0,"214":0,"215":0,"216":0,"217":0,"218":0,"219":0,"220":0,"221":0,"222":0,"223":0,"224":0,"225":0,"226":0,"227":0,"228":0,"229":0,"230":0,"231":0,"232":0,"233":0,"234":0,"235":0,"236":0,"237":0,"238":0,"239":0,"240":0,"241":0,"242":0,"243":15,"244":15,"245":15,"246":15,"247":15,"248":15,"249":15,"250":15,"251":1,"252":14,"253":2,"254":12,"255":12,"256":12,"257":12,"258":14,"259":12,"260":12,"261":12,"262":12,"263":12,"264":14,"265":12,"266":14,"267":0,"268":0,"269":12,"270":12,"271":12,"272":0,"273":12,"274":11,"275":11,"276":11,"277":0,"278":0,"279":0,"280":0,"281":0,"282":0,"283":0,"284":12,"285":12,"286":12,"287":0,"288":0,"289":0,"290":0,"291":0,"292":0,"293":0,"294":0,"295":0,"296":0,"297":0,"298":0,"299":0,"300":0,"301":0,"302":0,"303":0,"304":0,"305":0,"306":0,"307":0,"308":0,"309":0,"310":0,"311":0,"312":0,"313":0,"314":0,"315":0,"316":0,"317":0,"318":0,"319":0,"320":0,"321":0,"322":0,"323":0,"324":0,"325":0,"326":0,"327":0,"328":0,"329":0,"330":0,"331":0,"332":0,"333":0,"334":0,"335":0,"336":0,"337":0,"338":0,"339":0,"340":0,"341":0,"342":0,"343":0,"344":0,"345":0,"346":0,"347":0,"348":0,"349":0,"350":0,"351":0,"352":0,"353":0,"354":0,"355":0,"356":0,"357":0,"358":0,"359":0,"360":0,"361":0,"362":0,"363":0,"364":0,"365":0,"366":0,"367":0,"368":0,"369":0,"370":0,"371":0,"372":0,"373":0,"374":0,"375":0,"376":0,"377":0,"378":0,"379":0,"380":0,"381":0,"382":0,"383":0,"384":0,"385":0,"386":0,"387":0,"388":0,"389":0,"390":1},"f":{"0":0,"1":0,"2":0,"3":0,"4":0,"5":0,"6":0,"7":0,"8":0,"9":0,"10":0,"11":0,"12":0,"13":0,"14":0,"15":0,"16":0,"17":0,"18":0,"19":0,"20":0,"21":15,"22":14,"23":14,"24":0,"25":0,"26":0,"27":0,"28":0,"29":0,"30":0,"31":0,"32":0,"33":0,"34":0,"35":0,"36":0,"37":0,"38":0},"b":{"0":[0,0],"1":[0,0],"2":[0,0,0],"3":[0,0],"4":[0,0],"5":[0,0],"6":[0,0],"7":[0,0],"8":[0,0],"9":[0,0],"10":[0,0],"11":[0,0],"12":[0,0],"13":[0,0],"14":[0,0],"15":[0,0],"16":[0,0],"17":[0,0],"18":[0,0],"19":[0,0],"20":[0,0],"21":[0,0],"22":[0,0],"23":[0,0],"24":[0,0],"25":[0,0],"26":[0,0],"27":[0,0],"28":[0,0],"29":[0,0],"30":[0,0],"31":[0,0],"32":[0,0],"33":[0,0],"34":[0,0],"35":[0,0],"36":[0,0],"37":[0,0],"38":[0,0],"39":[0,0],"40":[0,0],"41":[0,0],"42":[0,0],"43":[0,0],"44":[0,0],"45":[0,0],"46":[0,0],"47":[0,0],"48":[0,0],"49":[0,0],"50":[0,0,0],"51":[0,0],"52":[0,0],"53":[0,0],"54":[0,0],"55":[0,0],"56":[0,0],"57":[0,0],"58":[0,0],"59":[0],"60":[0,0],"61":[0,0],"62":[0,0],"63":[0,0],"64":[0],"65":[0],"66":[0],"67":[0],"68":[0,0],"69":[9,6],"70":[9,6],"71":[15,9],"72":[1,14],"73":[2,12],"74":[14,13],"75":[0,14],"76":[0,0],"77":[0,0],"78":[0,0],"79":[0,0],"80":[0,0,0,0,0,0,0],"81":[0,0],"82":[0,0],"83":[0,0,0,0,0],"84":[0,0],"85":[0,0,0,0,0,0],"86":[0,0],"87":[0,0],"88":[0,0,0],"89":[0,0],"90":[0,0],"91":[0,0],"92":[0,0,0],"93":[0,0],"94":[0,0],"95":[0,0],"96":[0,0],"97":[0,0],"98":[0,0],"99":[0,0],"100":[0,0,0,0],"101":[0,0],"102":[0,0],"103":[0,0],"104":[0,0],"105":[0,0],"106":[0,0],"107":[0,0],"108":[0,0],"109":[0,0]},"_coverageSchema":"1a1c01bbd47fc00a2c39e90264f33305004495a9","hash":"d8c2eacdda8cb4f0b6df951cd2f1ea05e35d2e6b"}
[...]
tart":{"line":310,"column":11},"end":{"line":314,"column":5}},"type":"if","locations":[{"start":{"line":310,"column":11},"end":{"line":314,"column":5}},{"start":{"line":312,"column":11},"end":{"line":314,"column":5}}],"line":310},"43":{"loc":{"start":{"line":312,"column":11},"end":{"line":314,"column":5}},"type":"if","locations":[{"start":{"line":312,"column":11},"end":{"line":314,"column":5}},{"start":{},"end":{}}],"line":312},"44":{"loc":{"start":{"line":341,"column":12},"end":{"line":341,"column":65}},"type":"binary-expr","locations":[{"start":{"line":341,"column":12},"end":{"line":341,"column":30}},{"start":{"line":341,"column":34},"end":{"line":341,"column":65}}],"line":341},"45":{"loc":{"start":{"line":342,"column":12},"end":{"line":342,"column":101}},"type":"binary-expr","locations":[{"start":{"line":342,"column":12},"end":{"line":342,"column":42}},{"start":{"line":342,"column":46},"end":{"line":342,"column":101}}],"line":342},"46":{"loc":{"start":{"line":343,"column":12},"end":{"line":343,"column":80}},"type":"binary-expr","locations":[{"start":{"line":343,"column":12},"end":{"line":343,"column":35}},{"start":{"line":343,"column":39},"end":{"line":343,"column":80}}],"line":343},"47":{"loc":{"start":{"line":344,"column":12},"end":{"line":344,"column":74}},"type":"binary-expr","locations":[{"start":{"line":344,"column":12},"end":{"line":344,"column":33}},{"start":{"line":344,"column":37},"end":{"line":344,"column":74}}],"line":344},"48":{"loc":{"start":{"line":356,"column":4},"end":{"line":364,"column":5}},"type":"if","locations":[{"start":{"line":356,"column":4},"end":{"line":364,"column":5}},{"start":{"line":358,"column":11},"end":{"line":364,"column":5}}],"line":356},"49":{"loc":{"start":{"line":358,"column":11},"end":{"line":364,"column":5}},"type":"if","locations":[{"start":{"line":358,"column":11},"end":{"line":364,"column":5}},{"start":{"line":360,"column":11},"end":{"line":364,"column":5}}],"line":358},"50":{"loc":{"start":{"line":360,"column":11},"end":{"line":364,"column":5}},"type":"if","locations":[{"start":{"line":360,"column":11},"end":{"line":364,"column":5}},{"start":{"line":362,"column":11},"end":{"line":364,"column":5}}],"line":360},"51":{"loc":{"start":{"line":362,"column":11},"end":{"line":364,"column":5}},"type":"if","locations":[{"start":{"line":362,"column":11},"end":{"line":364,"column":5}},{"start":{},"end":{}}],"line":362},"52":{"loc":{"start":{"line":397,"column":4},"end":{"line":403,"column":5}},"type":"if","locations":[{"start":{"line":397,"column":4},"end":{"line":403,"column":5}},{"start":{"line":399,"column":11},"end":{"line":403,"column":5}}],"line":397},"53":{"loc":{"start":{"line":399,"column":11},"end":{"line":403,"column":5}},"type":"if","locations":[{"start":{"line":399,"column":11},"end":{"line":403,"column":5}},{"start":{"line":401,"column":11},"end":{"line":403,"column":5}}],"line":399},"54":{"loc":{"start":{"line":401,"column":11},"end":{"line":403,"column":5}},"type":"if","locations":[{"start":{"line":401,"column":11},"end":{"line":403,"column":5}},{"start":{},"end":{}}],"line":401},"55":{"loc":{"start":{"line":436,"column":4},"end":{"line":440,"column":5}},"type":"if","locations":[{"start":{"line":436,"column":4},"end":{"line":440,"column":5}},{"start":{"line":438,"column":11},"end":{"line":440,"column":5}}],"line":436},"56":{"loc":{"start":{"line":438,"column":11},"end":{"line":440,"column":5}},"type":"if","locations":[{"start":{"line":438,"column":11},"end":{"line":440,"column":5}},{"start":{},"end":{}}],"line":438},"57":{"loc":{"start":{"line":459,"column":4},"end":{"line":469,"column":5}},"type":"if","locations":[{"start":{"line":459,"column":4},"end":{"line":469,"column":5}},{"start":{},"end":{}}],"line":459},"58":{"loc":{"start":{"line":459,"column":8},"end":{"line":459,"column":34}},"type":"binary-expr","locations":[{"start":{"line":459,"column":8},"end":{"line":459,"column":19}},{"start":{"line":459,"column":23},"end":{"line":459,"column":34}}],"line":459},"59":{"loc":{"start":{"line":462,"column":6},"end":{"line":468,"column":7}},"type":"if","locations":[{"start":{"line":462,"column":6},"end":{"line":468,"column":7}},{"start":{"line":465,"column":13},"end":{"line":468,"column":7}}],"line":462},"60":{"loc":{"start":{"line":471,"column":4},"end":{"line":474,"column":5}},"type":"if","locations":[{"start":{"line":471,"column":4},"end":{"line":474,"column":5}},{"start":{},"end":{}}],"line":471},"61":{"loc":{"start":{"line":497,"column":8},"end":{"line":500,"column":9}},"type":"if","locations":[{"start":{"line":497,"column":8},"end":{"line":500,"column":9}},{"start":{},"end":{}}],"line":497},"62":{"loc":{"start":{"line":509,"column":6},"end":{"line":525,"column":7}},"type":"if","locations":[{"start":{"line":509,"column":6},"end":{"line":525,"column":7}},{"start":{"line":512,"column":13},"end":{"line":525,"column":7}}],"line":509},"63":{"loc":{"start":{"line":509,"column":10},"end":{"line":509,"column":53}},"type":"binary-expr","locations":[{"start":{"line":509,"column":10},"end":{"line":509,"column":25}},{"start":{"line":509,"column":29},"end":{"line":509,"column":53}}],"line":509},"64":{"loc":{"start":{"line":512,"column":13},"end":{"line":525,"column":7}},"type":"if","locations":[{"start":{"line":512,"column":13},"end":{"line":525,"column":7}},{"start":{"line":515,"column":13},"end":{"line":525,"column":7}}],"line":512},"65":{"loc":{"start":{"line":515,"column":13},"end":{"line":525,"column":7}},"type":"if","locations":[{"start":{"line":515,"column":13},"end":{"line":525,"column":7}},{"start":{"line":518,"column":13},"end":{"line":525,"column":7}}],"line":515},"66":{"loc":{"start":{"line":515,"column":17},"end":{"line":515,"column":64}},"type":"binary-expr","locations":[{"start":{"line":515,"column":17},"end":{"line":515,"column":34}},{"start":{"line":515,"column":38},"end":{"line":515,"column":64}}],"line":515},"67":{"loc":{"start":{"line":518,"column":13},"end":{"line":525,"column":7}},"type":"if","locations":[{"start":{"line":518,"column":13},"end":{"line":525,"column":7}},{"start":{"line":521,"column":13},"end":{"line":525,"column":7}}],"line":518},"68":{"loc":{"start":{"line":528,"column":6},"end":{"line":530,"column":7}},"type":"if","locations":[{"start":{"line":528,"column":6},"end":{"line":530,"column":7}},{"start":{},"end":{}}],"line":528},"69":{"loc":{"start":{"line":546,"column":4},"end":{"line":553,"column":5}},"type":"if","locations":[{"start":{"line":546,"column":4},"end":{"line":553,"column":5}},{"start":{},"end":{}}],"line":546},"70":{"loc":{"start":{"line":570,"column":13},"end":{"line":570,"column":37}},"type":"binary-expr","locations":[{"start":{"line":570,"column":13},"end":{"line":570,"column":23}},{"start":{"line":570,"column":27},"end":{"line":570,"column":37}}],"line":570},"71":{"loc":{"start":{"line":577,"column":25},"end":{"line":577,"column":77}},"type":"cond-expr","locations":[{"start":{"line":577,"column":53},"end":{"line":577,"column":72}},{"start":{"line":577,"column":75},"end":{"line":577,"column":77}}],"line":577},"72":{"loc":{"start":{"line":616,"column":4},"end":{"line":622,"column":5}},"type":"if","locations":[{"start":{"line":616,"column":4},"end":{"line":622,"column":5}},{"start":{},"end":{}}],"line":616},"73":{"loc":{"start":{"line":616,"column":8},"end":{"line":616,"column":34}},"type":"binary-expr","locations":[{"start":{"line":616,"column":8},"end":{"line":616,"column":19}},{"start":{"line":616,"column":23},"end":{"line":616,"column":34}}],"line":616},"74":{"loc":{"start":{"line":618,"column":6},"end":{"line":620,"column":7}},"type":"if","locations":[{"start":{"line":618,"column":6},"end":{"line":620,"column":7}},{"start":{},"end":{}}],"line":618},"75":{"loc":{"start":{"line":624,"column":4},"end":{"line":626,"column":5}},"type":"if","locations":[{"start":{"line":624,"column":4},"end":{"line":626,"column":5}},{"start":{},"end":{}}],"line":624},"76":{"loc":{"start":{"line":646,"column":6},"end":{"line":649,"column":7}},"type":"if","locations":[{"start":{"line":646,"column":6},"end":{"line":649,"column":7}},{"start":{},"end":{}}],"line":646},"77":{"loc":{"start":{"line":652,"column":6},"end":{"line":654,"column":7}},"type":"if","locations":[{"start":{"line":652,"column":6},"end":{"line":654,"column":7}},{"start":{},"end":{}}],"line":652},"78":{"loc":{"start":{"line":658,"column":6},"end":{"line":662,"column":7}},"type":"if","locations":[{"start":{"line":658,"column":6},"end":{"line":662,"column":7}},{"start":{"line":660,"column":13},"end":{"line":662,"column":7}}],"line":658},"79":{"loc":{"start":{"line":660,"column":13},"end":{"line":662,"column":7}},"type":"if","locations":[{"start":{"line":660,"column":13},"end":{"line":662,"column":7}},{"start":{},"end":{}}],"line":660},"80":{"loc":{"start":{"line":668,"column":26},"end":{"line":668,"column":109}},"type":"cond-expr","locations":[{"start":{"line":668,"column":75},"end":{"line":668,"column":101}},{"start":{"line":668,"column":104},"end":{"line":668,"column":109}}],"line":668},"81":{"loc":{"start":{"line":682,"column":6},"end":{"line":695,"column":7}},"type":"if","locations":[{"start":{"line":682,"column":6},"end":{"line":695,"column":7}},{"start":{},"end":{}}],"line":682},"82":{"loc":{"start":{"line":684,"column":8},"end":{"line":691,"column":9}},"type":"if","locations":[{"start":{"line":684,"column":8},"end":{"line":691,"column":9}},{"start":{},"end":{}}],"line":684},"83":{"loc":{"start":{"line":686,"column":10},"end":{"line":689,"column":11}},"type":"if","locations":[{"start":{"line":686,"column":10},"end":{"line":689,"column":11}},{"start":{},"end":{}}],"line":686},"84":{"loc":{"start":{"line":698,"column":6},"end":{"line":701,"column":7}},"type":"if","locations":[{"start":{"line":698,"column":6},"end":{"line":701,"column":7}},{"start":{},"end":{}}],"line":698},"85":{"loc":{"start":{"line":704,"column":6},"end":{"line":717,"column":7}},"type":"if","locations":[{"start":{"line":704,"column":6},"end":{"line":717,"column":7}},{"start":{"line":714,"column":13},"end":{"line":717,"column":7}}],"line":704},"86":{"loc":{"start":{"line":704,"column":10},"end":{"line":704,"column":64}},"type":"binary-expr","locations":[{"start":{"line":704,"column":10},"end":{"line":704,"column":34}},{"start":{"line":704,"column":38},"end":{"line":704,"column":64}}],"line":704},"87":{"loc":{"start":{"line":718,"column":13},"end":{"line":718,"column":81}},"type":"binary-expr","locations":[{"start":{"line":718,"column":13},"end":{"line":718,"column":34}},{"start":{"line":718,"column":38},"end":{"line":718,"column":81}}],"line":718},"88":{"loc":{"start":{"line":734,"column":23},"end":{"line":734,"column":40}},"type":"binary-expr","locations":[{"start":{"line":734,"column":23},"end":{"line":734,"column":34}},{"start":{"line":734,"column":38},"end":{"line":734,"column":40}}],"line":734},"89":{"loc":{"start":{"line":744,"column":4},"end":{"line":750,"column":5}},"type":"if","locations":[{"start":{"line":744,"column":4},"end":{"line":750,"column":5}},{"start":{"line":746,"column":11},"end":{"line":750,"column":5}}],"line":744},"90":{"loc":{"start":{"line":746,"column":11},"end":{"line":750,"column":5}},"type":"if","locations":[{"start":{"line":746,"column":11},"end":{"line":750,"column":5}},{"start":{"line":748,"column":11},"end":{"line":750,"column":5}}],"line":746},"91":{"loc":{"start":{"line":748,"column":11},"end":{"line":750,"column":5}},"type":"if","locations":[{"start":{"line":748,"column":11},"end":{"line":750,"column":5}},{"start":{},"end":{}}],"line":748},"92":{"loc":{"start":{"line":761,"column":2},"end":{"line":764,"column":3}},"type":"if","locations":[{"start":{"line":761,"column":2},"end":{"line":764,"column":3}},{"start":{},"end":{}}],"line":761},"93":{"loc":{"start":{"line":773,"column":22},"end":{"line":773,"column":58}},"type":"binary-expr","locations":[{"start":{"line":773,"column":22},"end":{"line":773,"column":53}},{"start":{"line":773,"column":57},"end":{"line":773,"column":58}}],"line":773},"94":{"loc":{"start":{"line":775,"column":21},"end":{"line":775,"column":46}},"type":"binary-expr","locations":[{"start":{"line":775,"column":21},"end":{"line":775,"column":41}},{"start":{"line":775,"column":45},"end":{"line":775,"column":46}}],"line":775},"95":{"loc":{"start":{"line":778,"column":4},"end":{"line":781,"column":5}},"type":"if","locations":[{"start":{"line":778,"column":4},"end":{"line":781,"column":5}},{"start":{},"end":{}}],"line":778},"96":{"loc":{"start":{"line":778,"column":8},"end":{"line":778,"column":72}},"type":"binary-expr","locations":[{"start":{"line":778,"column":8},"end":{"line":778,"column":32}},{"start":{"line":778,"column":36},"end":{"line":778,"column":72}}],"line":778},"97":{"loc":{"start":{"line":798,"column":4},"end":{"line":825,"column":5}},"type":"if","locations":[{"start":{"line":798,"column":4},"end":{"line":825,"column":5}},{"start":{},"end":{}}],"line":798},"98":{"loc":{"start":{"line":801,"column":6},"end":{"line":812,"column":7}},"type":"if","locations":[{"start":{"line":801,"column":6},"end":{"line":812,"column":7}},{"start":{},"end":{}}],"line":801},"99":{"loc":{"start":{"line":803,"column":40},"end":{"line":803,"column":117}},"type":"cond-expr","locations":[{"start":{"line":803,"column":90},"end":{"line":803,"column":112}},{"start":{"line":803,"column":115},"end":{"line":803,"column":117}}],"line":803},"100":{"loc":{"start":{"line":803,"column":40},"end":{"line":803,"column":87}},"type":"binary-expr","locations":[{"start":{"line":803,"column":40},"end":{"line":803,"column":55}},{"start":{"line":803,"column":59},"end":{"line":803,"column":87}}],"line":803},"101":{"loc":{"start":{"line":805,"column":8},"end":{"line":807,"column":9}},"type":"if","locations":[{"start":{"line":805,"column":8},"end":{"line":807,"column":9}},{"start":{},"end":{}}],"line":805},"102":{"loc":{"start":{"line":809,"column":8},"end":{"line":811,"column":9}},"type":"if","locations":[{"start":{"line":809,"column":8},"end":{"line":811,"column":9}},{"start":{},"end":{}}],"line":809},"103":{"loc":{"start":{"line":816,"column":6},"end":{"line":824,"column":7}},"type":"if","locations":[{"start":{"line":816,"column":6},"end":{"line":824,"column":7}},{"start":{},"end":{}}],"line":816},"104":{"loc":{"start":{"line":817,"column":21},"end":{"line":817,"column":68}},"type":"binary-expr","locations":[{"start":{"line":817,"column":21},"end":{"line":817,"column":37}},{"start":{"line":817,"column":41},"end":{"line":817,"column":56}},{"start":{"line":817,"column":60},"end":{"line":817,"column":68}}],"line":817},"105":{"loc":{"start":{"line":819,"column":8},"end":{"line":821,"column":9}},"type":"if","locations":[{"start":{"line":819,"column":8},"end":{"line":821,"column":9}},{"start":{},"end":{}}],"line":819},"106":{"loc":{"start":{"line":829,"column":25},"end":{"line":829,"column":45}},"type":"binary-expr","locations":[{"start":{"line":829,"column":25},"end":{"line":829,"column":39}},{"start":{"line":829,"column":43},"end":{"line":829,"column":45}}],"line":829},"107":{"loc":{"start":{"line":842,"column":35},"end":{"line":842,"column":79}},"type":"binary-expr","locations":[{"start":{"line":842,"column":35},"end":{"line":842,"column":73}},{"start":{"line":842,"column":77},"end":{"line":842,"column":79}}],"line":842},"108":{"loc":{"start":{"line":844,"column":24},"end":{"line":844,"column":62}},"type":"binary-expr","locations":[{"start":{"line":844,"column":24},"end":{"line":844,"column":56}},{"start":{"line":844,"column":60},"end":{"line":844,"column":62}}],"line":844},"109":{"loc":{"start":{"line":847,"column":21},"end":{"line":847,"column":53}},"type":"binary-expr","locations":[{"start":{"line":847,"column":21},"end":{"line":847,"column":39}},{"start":{"line":847,"column":43},"end":{"line":847,"column":53}}],"line":847}},"s":{"0":10,"1":10,"2":0,"3":19,"4":19,"5":19,"6":1,"7":1,"8":1,"9":18,"10":16,"11":3,"12":13,"13":13,"14":0,"15":13,"16":2,"17":13,"18":2,"19":13,"20":2,"21":16,"22":2,"23":18,"24":14,"25":14,"26":1,"27":13,"28":2,"29":18,"30":1,"31":18,"32":1,"33":18,"34":4,"35":4,"36":2,"37":4,"38":2,"39":2,"40":0,"41":4,"42":2,"43":2,"44":0,"45":2,"46":18,"47":0,"48":0,"49":0,"50":0,"51":0,"52":0,"53":0,"54":0,"55":0,"56":0,"57":0,"58":0,"59":0,"60":0,"61":0,"62":0,"63":0,"64":0,"65":0,"66":0,"67":0,"68":0,"69":0,"70":0,"71":0,"72":0,"73":0,"74":0,"75":0,"76":0,"77":0,"78":0,"79":0,"80":0,"81":0,"82":0,"83":0,"84":0,"85":0,"86":0,"87":0,"88":0,"89":0,"90":0,"91":0,"92":0,"93":0,"94":0,"95":0,"96":0,"97":0,"98":0,"99":0,"100":0,"101":0,"102":0,"103":0,"104":0,"105":0,"106":0,"107":0,"108":0,"109":0,"110":0,"111":0,"112":0,"113":0,"114":0,"115":0,"116":0,"117":0,"118":0,"119":0,"120":0,"121":0,"122":0,"123":0,"124":0,"125":0,"126":0,"127":0,"128":0,"129":0,"130":0,"131":0,"132":0,"133":0,"134":0,"135":0,"136":0,"137":0,"138":0,"139":0,"140":0,"141":0,"142":0,"143":0,"144":0,"145":0,"146":0,"147":0,"148":0,"149":0,"150":0,"151":0,"152":0,"153":0,"154":0,"155":0,"156":0,"157":0,"158":0,"159":0,"160":0,"161":0,"162":0,"163":0,"164":0,"165":0,"166":0,"167":0,"168":0,"169":0,"170":0,"171":0,"172":0,"173":0,"174":0,"175":0,"176":0,"177":0,"178":0,"179":0,"180":0,"181":0,"182":0,"183":0,"184":0,"185":0,"186":0,"187":0,"188":0,"189":0,"190":0,"191":0,"192":0,"193":0,"194":0,"195":0,"196":0,"197":0,"198":0,"199":0,"200":0,"201":0,"202":0,"203":0,"204":0,"205":0,"206":0,"207":0,"208":0,"209":0,"210":0,"211":0,"212":0,"213":0,"214":0,"215":0,"216":0,"217":0,"218":0,"219":0,"220":0,"221":0,"222":0,"223":0,"224":0,"225":0,"226":0,"227":0,"228":0,"229":0,"230":0,"231":0,"232":0,"233":0,"234":0,"235":0,"236":0,"237":0,"238":0,"239":0,"240":0,"241":0,"242":0,"243":0,"244":0,"245":0,"246":0,"247":0,"248":0,"249":0,"250":0,"251":0,"252":0,"253":0,"254":0,"255":0,"256":0,"257":0,"258":0,"259":0,"260":0,"261":0,"262":0,"263":0,"264":0,"265":0,"266":0,"267":0,"268":0,"269":0,"270":0,"271":0,"272":0,"273":0,"274":0,"275":0,"276":0,"277":0,"278":0,"279":0,"280":0,"281":0,"282":0,"283":0,"284":0,"285":0,"286":0,"287":0,"288":0,"289":0,"290":0,"291":0,"292":0,"293":0,"294":0,"295":0,"296":0,"297":0,"298":0,"299":0,"300":0,"301":0,"302":0,"303":0,"304":0,"305":0,"306":0,"307":0,"308":0,"309":0,"310":0,"311":0,"312":0,"313":0,"314":0,"315":0,"316":0,"317":0,"318":0,"319":0,"320":0,"321":0,"322":0,"323":0,"324":0,"325":0,"326":0,"327":0,"328":0,"329":0,"330":0,"331":0,"332":0,"333":0,"334":0,"335":0,"336":0,"337":0,"338":0,"339":0,"340":0,"341":0,"342":0,"343":0,"344":0,"345":0,"346":0,"347":0,"348":0,"349":0,"350":0,"351":0,"352":10},"f":{"0":0,"1":19,"2":13,"3":0,"4":0,"5":0,"6":0,"7":0,"8":0,"9":0,"10":0,"11":0,"12":0,"13":0,"14":0,"15":0,"16":0,"17":0,"18":0,"19":0,"20":0,"21":0},"b":{"0":[17],"1":[18,1],"2":[1,18],"3":[19,18],"4":[16,2],"5":[3,13],"6":[16,14],"7":[0,13],"8":[2,11],"9":[2,11],"10":[2,11],"11":[2,14],"12":[14,4],"13":[1,13],"14":[2,11],"15":[1,17],"16":[18,9],"17":[1,17],"18":[18,3],"19":[4,14],"20":[18,6],"21":[2,2],"22":[4,2,2,2],"23":[2,2],"24":[0,2],"25":[2,2],"26":[0,2],"27":[12,6],"28":[0,0],"29":[0,0],"30":[0,0],"31":[0,0],"32":[0,0],"33":[0,0],"34":[0,0],"35":[0,0],"36":[0,0],"37":[0,0],"38":[0,0],"39":[0,0],"40":[0,0],"41":[0,0],"42":[0,0],"43":[0,0],"44":[0,0],"45":[0,0],"46":[0,0],"47":[0,0],"48":[0,0],"49":[0,0],"50":[0,0],"51":[0,0],"52":[0,0],"53":[0,0],"54":[0,0],"55":[0,0],"56":[0,0],"57":[0,0],"58":[0,0],"59":[0,0],"60":[0,0],"61":[0,0],"62":[0,0],"63":[0,0],"64":[0,0],"65":[0,0],"66":[0,0],"67":[0,0],"68":[0,0],"69":[0,0],"70":[0,0],"71":[0,0],"72":[0,0],"73":[0,0],"74":[0,0],"75":[0,0],"76":[0,0],"77":[0,0],"78":[0,0],"79":[0,0],"80":[0,0],"81":[0,0],"82":[0,0],"83":[0,0],"84":[0,0],"85":[0,0],"86":[0,0],"87":[0,0],"88":[0,0],"89":[0,0],"90":[0,0],"91":[0,0],"92":[0,0],"93":[0,0],"94":[0,0],"95":[0,0],"96":[0,0],"97":[0,0],"98":[0,0],"99":[0,0],"100":[0,0],"101":[0,0],"102":[0,0],"103":[0,0],"104":[0,0,0],"105":[0,0],"106":[0,0],"107":[0,0],"108":[0,0],"109":[0,0]},"_coverageSchema":"1a1c01bbd47fc00a2c39e90264f33305004495a9","hash":"64453e7a16fe70476131c230b0088408e679b8de"}
}
