TN:
SF:src/express-app.js
FN:27,createApp
FN:58,(anonymous_1)
FN:78,(anonymous_2)
FNF:3
FNH:0
FNDA:0,createApp
FNDA:0,(anonymous_1)
FNDA:0,(anonymous_2)
DA:6,0
DA:7,0
DA:8,0
DA:9,0
DA:10,0
DA:13,0
DA:16,0
DA:17,0
DA:18,0
DA:19,0
DA:28,0
DA:31,0
DA:34,0
DA:42,0
DA:52,0
DA:55,0
DA:60,0
DA:64,0
DA:65,0
DA:68,0
DA:80,0
DA:83,0
DA:86,0
DA:89,0
DA:92,0
DA:95,0
DA:103,0
DA:106,0
DA:108,0
DA:111,0
LF:30
LH:0
BRDA:44,0,0,0
BRDA:44,0,1,0
BRDA:70,1,0,0
BRDA:70,1,1,0
BRDA:80,2,0,0
BRDA:80,2,1,0
BRF:6
BRH:0
end_of_record
TN:
SF:src/server.js
FN:35,startServer
FN:36,(anonymous_1)
FN:60,(anonymous_2)
FN:64,(anonymous_3)
FN:76,(anonymous_4)
FN:84,(anonymous_5)
FN:85,(anonymous_6)
FN:86,(anonymous_7)
FN:89,(anonymous_8)
FN:96,(anonymous_9)
FNF:10
FNH:0
FNDA:0,startServer
FNDA:0,(anonymous_1)
FNDA:0,(anonymous_2)
FNDA:0,(anonymous_3)
FNDA:0,(anonymous_4)
FNDA:0,(anonymous_5)
FNDA:0,(anonymous_6)
FNDA:0,(anonymous_7)
FNDA:0,(anonymous_8)
FNDA:0,(anonymous_9)
DA:6,0
DA:7,0
DA:10,0
DA:11,0
DA:14,0
DA:15,0
DA:28,0
DA:29,0
DA:30,0
DA:36,0
DA:37,0
DA:46,0
DA:47,0
DA:48,0
DA:49,0
DA:50,0
DA:51,0
DA:53,0
DA:54,0
DA:55,0
DA:60,0
DA:61,0
DA:62,0
DA:64,0
DA:65,0
DA:66,0
DA:67,0
DA:70,0
DA:71,0
DA:72,0
DA:76,0
DA:77,0
DA:78,0
DA:79,0
DA:84,0
DA:85,0
DA:86,0
DA:89,0
DA:90,0
DA:91,0
DA:92,0
DA:96,0
DA:97,0
DA:98,0
DA:99,0
DA:102,0
DA:106,0
DA:107,0
DA:110,0
LF:49
LH:0
BRDA:14,0,0,0
BRDA:14,0,1,0
BRDA:29,1,0,0
BRDA:29,1,1,0
BRDA:30,2,0,0
BRDA:30,2,1,0
BRDA:49,3,0,0
BRDA:49,3,1,0
BRDA:53,4,0,0
BRDA:53,4,1,0
BRDA:65,5,0,0
BRDA:65,5,1,0
BRDA:106,6,0,0
BRDA:106,6,1,0
BRF:14
BRH:0
end_of_record
TN:
SF:src/controllers/bookingController.js
FN:21,createBookingCore
FN:58,(anonymous_1)
FN:91,(anonymous_2)
FN:96,(anonymous_3)
FN:108,(anonymous_4)
FN:115,(anonymous_5)
FN:170,(anonymous_6)
FN:179,(anonymous_7)
FN:194,(anonymous_8)
FN:210,(anonymous_9)
FN:268,createBooking
FN:304,(anonymous_11)
FN:377,updateBookingCore
FN:390,(anonymous_13)
FN:477,updateBooking
FN:559,cancelBooking
FN:612,(anonymous_16)
FN:613,(anonymous_17)
FN:700,getBookingsByCustomer
FN:756,getActiveBookingsByCustomer
FN:803,listBookings
FN:876,getServiceAvailability
FN:912,(anonymous_22)
FN:921,(anonymous_23)
FN:955,(anonymous_24)
FN:1018,manageBooking
FN:1124,getActionFromMethod
FN:1140,handleCancelBooking
FN:1158,(anonymous_28)
FN:1159,(anonymous_29)
FN:1191,handleGetBooking
FN:1209,(anonymous_31)
FN:1210,(anonymous_32)
FN:1243,handleCreateBooking
FN:1306,handleUpdateBooking
FN:1382,handleListBookings
FN:1386,(anonymous_36)
FN:1387,(anonymous_37)
FN:1387,(anonymous_38)
FNF:39
FNH:3
FNDA:0,createBookingCore
FNDA:0,(anonymous_1)
FNDA:0,(anonymous_2)
FNDA:0,(anonymous_3)
FNDA:0,(anonymous_4)
FNDA:0,(anonymous_5)
FNDA:0,(anonymous_6)
FNDA:0,(anonymous_7)
FNDA:0,(anonymous_8)
FNDA:0,(anonymous_9)
FNDA:0,createBooking
FNDA:0,(anonymous_11)
FNDA:0,updateBookingCore
FNDA:0,(anonymous_13)
FNDA:0,updateBooking
FNDA:0,cancelBooking
FNDA:0,(anonymous_16)
FNDA:0,(anonymous_17)
FNDA:0,getBookingsByCustomer
FNDA:0,getActiveBookingsByCustomer
FNDA:0,listBookings
FNDA:15,getServiceAvailability
FNDA:14,(anonymous_22)
FNDA:14,(anonymous_23)
FNDA:0,(anonymous_24)
FNDA:0,manageBooking
FNDA:0,getActionFromMethod
FNDA:0,handleCancelBooking
FNDA:0,(anonymous_28)
FNDA:0,(anonymous_29)
FNDA:0,handleGetBooking
FNDA:0,(anonymous_31)
FNDA:0,(anonymous_32)
FNDA:0,handleCreateBooking
FNDA:0,handleUpdateBooking
FNDA:0,handleListBookings
FNDA:0,(anonymous_36)
FNDA:0,(anonymous_37)
FNDA:0,(anonymous_38)
DA:7,1
DA:8,1
DA:9,1
DA:10,1
DA:11,1
DA:22,0
DA:31,0
DA:32,0
DA:33,0
DA:37,0
DA:38,0
DA:39,0
DA:40,0
DA:45,0
DA:51,0
DA:52,0
DA:55,0
DA:58,0
DA:69,0
DA:70,0
DA:71,0
DA:73,0
DA:87,0
DA:89,0
DA:91,0
DA:96,0
DA:97,0
DA:98,0
DA:101,0
DA:104,0
DA:105,0
DA:108,0
DA:112,0
DA:113,0
DA:114,0
DA:115,0
DA:119,0
DA:122,0
DA:127,0
DA:129,0
DA:131,0
DA:132,0
DA:143,0
DA:144,0
DA:150,0
DA:151,0
DA:154,0
DA:155,0
DA:156,0
DA:157,0
DA:159,0
DA:166,0
DA:168,0
DA:170,0
DA:179,0
DA:180,0
DA:181,0
DA:184,0
DA:185,0
DA:188,0
DA:191,0
DA:192,0
DA:194,0
DA:202,0
DA:204,0
DA:207,0
DA:208,0
DA:209,0
DA:210,0
DA:216,0
DA:219,0
DA:221,0
DA:223,0
DA:225,0
DA:230,0
DA:233,0
DA:234,0
DA:239,0
DA:240,0
DA:241,0
DA:242,0
DA:243,0
DA:246,0
DA:252,0
DA:259,0
DA:269,0
DA:270,0
DA:273,0
DA:285,0
DA:287,0
DA:301,0
DA:302,0
DA:304,0
DA:316,0
DA:317,0
DA:320,0
DA:329,0
DA:332,0
DA:333,0
DA:342,0
DA:343,0
DA:345,0
DA:357,0
DA:387,0
DA:390,0
DA:391,0
DA:392,0
DA:393,0
DA:394,0
DA:395,0
DA:397,0
DA:399,0
DA:404,0
DA:423,0
DA:424,0
DA:425,0
DA:429,0
DA:430,0
DA:431,0
DA:435,0
DA:436,0
DA:437,0
DA:440,0
DA:442,0
DA:452,0
DA:454,0
DA:455,0
DA:456,0
DA:457,0
DA:458,0
DA:459,0
DA:460,0
DA:462,0
DA:464,0
DA:465,0
DA:466,0
DA:468,0
DA:469,0
DA:478,0
DA:479,0
DA:480,0
DA:483,0
DA:495,0
DA:496,0
DA:503,0
DA:511,0
DA:512,0
DA:515,0
DA:524,0
DA:525,0
DA:528,0
DA:529,0
DA:538,0
DA:539,0
DA:551,0
DA:560,0
DA:563,0
DA:576,0
DA:577,0
DA:579,0
DA:581,0
DA:584,0
DA:586,0
DA:594,0
DA:595,0
DA:596,0
DA:603,0
DA:605,0
DA:611,0
DA:612,0
DA:613,0
DA:617,0
DA:619,0
DA:626,0
DA:628,0
DA:634,0
DA:640,0
DA:641,0
DA:643,0
DA:649,0
DA:656,0
DA:665,0
DA:668,0
DA:669,0
DA:670,0
DA:677,0
DA:678,0
DA:679,0
DA:686,0
DA:687,0
DA:701,0
DA:702,0
DA:703,0
DA:704,0
DA:706,0
DA:707,0
DA:715,0
DA:721,0
DA:722,0
DA:728,0
DA:734,0
DA:740,0
DA:746,0
DA:747,0
DA:748,0
DA:757,0
DA:758,0
DA:759,0
DA:761,0
DA:762,0
DA:767,0
DA:769,0
DA:770,0
DA:776,0
DA:782,0
DA:788,0
DA:793,0
DA:794,0
DA:795,0
DA:804,0
DA:805,0
DA:815,0
DA:817,0
DA:818,0
DA:829,0
DA:834,0
DA:836,0
DA:837,0
DA:843,0
DA:849,0
DA:855,0
DA:866,0
DA:867,0
DA:868,0
DA:877,15
DA:878,15
DA:880,15
DA:881,15
DA:882,15
DA:883,15
DA:885,15
DA:890,15
DA:891,1
DA:898,14
DA:899,2
DA:907,12
DA:908,12
DA:909,12
DA:912,14
DA:915,12
DA:916,12
DA:917,12
DA:918,12
DA:919,12
DA:921,14
DA:925,12
DA:926,14
DA:927,0
DA:932,0
DA:941,12
DA:951,12
DA:954,12
DA:955,0
DA:958,12
DA:967,11
DA:968,11
DA:970,11
DA:979,0
DA:984,0
DA:987,0
DA:990,0
DA:998,0
DA:1000,0
DA:1001,0
DA:1003,12
DA:1005,12
DA:1009,12
DA:1019,0
DA:1022,0
DA:1025,0
DA:1041,0
DA:1049,0
DA:1053,0
DA:1055,0
DA:1056,0
DA:1058,0
DA:1059,0
DA:1062,0
DA:1063,0
DA:1065,0
DA:1066,0
DA:1068,0
DA:1069,0
DA:1072,0
DA:1074,0
DA:1077,0
DA:1078,0
DA:1080,0
DA:1082,0
DA:1083,0
DA:1086,0
DA:1087,0
DA:1089,0
DA:1090,0
DA:1092,0
DA:1100,0
DA:1110,0
DA:1112,0
DA:1113,0
DA:1125,0
DA:1127,0
DA:1129,0
DA:1132,0
DA:1134,0
DA:1136,0
DA:1142,0
DA:1143,0
DA:1145,0
DA:1146,0
DA:1155,0
DA:1157,0
DA:1158,0
DA:1159,0
DA:1163,0
DA:1164,0
DA:1167,0
DA:1168,0
DA:1170,0
DA:1179,0
DA:1180,0
DA:1193,0
DA:1194,0
DA:1196,0
DA:1197,0
DA:1206,0
DA:1208,0
DA:1209,0
DA:1210,0
DA:1214,0
DA:1215,0
DA:1218,0
DA:1219,0
DA:1221,0
DA:1230,0
DA:1231,0
DA:1244,0
DA:1247,0
DA:1260,0
DA:1261,0
DA:1263,0
DA:1277,0
DA:1278,0
DA:1279,0
DA:1282,0
DA:1292,0
DA:1307,0
DA:1309,0
DA:1311,0
DA:1312,0
DA:1314,0
DA:1324,0
DA:1325,0
DA:1326,0
DA:1330,0
DA:1331,0
DA:1332,0
DA:1337,0
DA:1340,0
DA:1342,0
DA:1353,0
DA:1356,0
DA:1365,0
DA:1367,0
DA:1384,0
DA:1385,0
DA:1386,0
DA:1387,0
DA:1389,0
DA:1391,0
DA:1402,1
LF:380
LH:39
BRDA:32,0,0,0
BRDA:32,0,1,0
BRDA:60,1,0,0
BRDA:60,1,1,0
BRDA:87,2,0,0
BRDA:87,2,1,0
BRDA:87,2,2,0
BRDA:104,3,0,0
BRDA:104,3,1,0
BRDA:127,4,0,0
BRDA:127,4,1,0
BRDA:143,5,0,0
BRDA:143,5,1,0
BRDA:166,6,0,0
BRDA:166,6,1,0
BRDA:180,7,0,0
BRDA:180,7,1,0
BRDA:180,8,0,0
BRDA:180,8,1,0
BRDA:191,9,0,0
BRDA:191,9,1,0
BRDA:221,10,0,0
BRDA:221,10,1,0
BRDA:233,11,0,0
BRDA:233,11,1,0
BRDA:233,12,0,0
BRDA:233,12,1,0
BRDA:242,13,0,0
BRDA:242,13,1,0
BRDA:289,14,0,0
BRDA:289,14,1,0
BRDA:294,15,0,0
BRDA:294,15,1,0
BRDA:301,16,0,0
BRDA:301,16,1,0
BRDA:307,17,0,0
BRDA:307,17,1,0
BRDA:332,18,0,0
BRDA:332,18,1,0
BRDA:342,19,0,0
BRDA:342,19,1,0
BRDA:349,20,0,0
BRDA:349,20,1,0
BRDA:350,21,0,0
BRDA:350,21,1,0
BRDA:391,22,0,0
BRDA:391,22,1,0
BRDA:394,23,0,0
BRDA:394,23,1,0
BRDA:418,24,0,0
BRDA:418,24,1,0
BRDA:423,25,0,0
BRDA:423,25,1,0
BRDA:429,26,0,0
BRDA:429,26,1,0
BRDA:429,27,0,0
BRDA:429,27,1,0
BRDA:435,28,0,0
BRDA:435,28,1,0
BRDA:435,29,0,0
BRDA:435,29,1,0
BRDA:455,30,0,0
BRDA:455,30,1,0
BRDA:456,31,0,0
BRDA:456,31,1,0
BRDA:457,32,0,0
BRDA:457,32,1,0
BRDA:458,33,0,0
BRDA:458,33,1,0
BRDA:459,34,0,0
BRDA:459,34,1,0
BRDA:460,35,0,0
BRDA:460,35,1,0
BRDA:488,36,0,0
BRDA:488,36,1,0
BRDA:489,37,0,0
BRDA:489,37,1,0
BRDA:490,38,0,0
BRDA:490,38,1,0
BRDA:497,39,0,0
BRDA:497,39,1,0
BRDA:498,40,0,0
BRDA:498,40,1,0
BRDA:528,41,0,0
BRDA:528,41,1,0
BRDA:538,42,0,0
BRDA:538,42,1,0
BRDA:543,43,0,0
BRDA:543,43,1,0
BRDA:544,44,0,0
BRDA:544,44,1,0
BRDA:569,45,0,0
BRDA:569,45,1,0
BRDA:570,46,0,0
BRDA:570,46,1,0
BRDA:571,47,0,0
BRDA:571,47,1,0
BRDA:581,48,0,0
BRDA:581,48,1,0
BRDA:581,49,0,0
BRDA:581,49,1,0
BRDA:584,50,0,0
BRDA:584,50,1,0
BRDA:584,50,2,0
BRDA:594,51,0,0
BRDA:594,51,1,0
BRDA:630,52,0,0
BRDA:630,52,1,0
BRDA:644,53,0,0
BRDA:644,53,1,0
BRDA:645,54,0,0
BRDA:645,54,1,0
BRDA:668,55,0,0
BRDA:668,55,1,0
BRDA:668,56,0,0
BRDA:668,56,1,0
BRDA:677,57,0,0
BRDA:677,57,1,0
BRDA:677,58,0,0
BRDA:677,58,1,0
BRDA:704,59,0,0
BRDA:712,60,0,0
BRDA:712,60,1,0
BRDA:712,61,0,0
BRDA:712,61,1,0
BRDA:721,62,0,0
BRDA:721,62,1,0
BRDA:769,63,0,0
BRDA:769,63,1,0
BRDA:811,64,0,0
BRDA:812,65,0,0
BRDA:813,66,0,0
BRDA:814,67,0,0
BRDA:836,68,0,0
BRDA:836,68,1,0
BRDA:882,69,0,9
BRDA:882,69,1,6
BRDA:883,70,0,9
BRDA:883,70,1,6
BRDA:883,71,0,15
BRDA:883,71,1,9
BRDA:890,72,0,1
BRDA:890,72,1,14
BRDA:898,73,0,2
BRDA:898,73,1,12
BRDA:898,74,0,14
BRDA:898,74,1,13
BRDA:926,75,0,0
BRDA:926,75,1,14
BRDA:974,76,0,0
BRDA:974,76,1,0
BRDA:981,77,0,0
BRDA:981,77,1,0
BRDA:1022,78,0,0
BRDA:1022,78,1,0
BRDA:1037,79,0,0
BRDA:1037,79,1,0
BRDA:1053,80,0,0
BRDA:1053,80,1,0
BRDA:1053,80,2,0
BRDA:1053,80,3,0
BRDA:1053,80,4,0
BRDA:1053,80,5,0
BRDA:1053,80,6,0
BRDA:1072,81,0,0
BRDA:1072,81,1,0
BRDA:1072,82,0,0
BRDA:1072,82,1,0
BRDA:1080,83,0,0
BRDA:1080,83,1,0
BRDA:1080,83,2,0
BRDA:1080,83,3,0
BRDA:1080,83,4,0
BRDA:1110,84,0,0
BRDA:1110,84,1,0
BRDA:1125,85,0,0
BRDA:1125,85,1,0
BRDA:1125,85,2,0
BRDA:1125,85,3,0
BRDA:1125,85,4,0
BRDA:1125,85,5,0
BRDA:1142,86,0,0
BRDA:1142,86,1,0
BRDA:1142,87,0,0
BRDA:1142,87,1,0
BRDA:1143,88,0,0
BRDA:1143,88,1,0
BRDA:1143,88,2,0
BRDA:1145,89,0,0
BRDA:1145,89,1,0
BRDA:1193,90,0,0
BRDA:1193,90,1,0
BRDA:1193,91,0,0
BRDA:1193,91,1,0
BRDA:1194,92,0,0
BRDA:1194,92,1,0
BRDA:1194,92,2,0
BRDA:1196,93,0,0
BRDA:1196,93,1,0
BRDA:1265,94,0,0
BRDA:1265,94,1,0
BRDA:1270,95,0,0
BRDA:1270,95,1,0
BRDA:1296,96,0,0
BRDA:1296,96,1,0
BRDA:1297,97,0,0
BRDA:1297,97,1,0
BRDA:1298,98,0,0
BRDA:1298,98,1,0
BRDA:1300,99,0,0
BRDA:1300,99,1,0
BRDA:1311,100,0,0
BRDA:1311,100,1,0
BRDA:1311,100,2,0
BRDA:1311,100,3,0
BRDA:1324,101,0,0
BRDA:1324,101,1,0
BRDA:1330,102,0,0
BRDA:1330,102,1,0
BRDA:1340,103,0,0
BRDA:1340,103,1,0
BRDA:1345,104,0,0
BRDA:1345,104,1,0
BRDA:1371,105,0,0
BRDA:1371,105,1,0
BRDA:1372,106,0,0
BRDA:1372,106,1,0
BRDA:1373,107,0,0
BRDA:1373,107,1,0
BRDA:1374,108,0,0
BRDA:1374,108,1,0
BRDA:1376,109,0,0
BRDA:1376,109,1,0
BRF:233
BRH:13
end_of_record
TN:
SF:src/controllers/customerController.js
FN:17,getCustomerById
FN:32,getCustomerByPhone
FN:46,createCustomer
FN:61,updateCustomer
FN:75,listCustomers
FN:87,updateCustomerInfo
FN:185,cancelBooking
FN:230,getCustomerInfoByPhone
FN:329,(anonymous_8)
FN:330,(anonymous_9)
FN:394,(anonymous_10)
FN:395,(anonymous_11)
FN:401,(anonymous_12)
FN:402,(anonymous_13)
FN:407,(anonymous_14)
FN:408,(anonymous_15)
FN:412,(anonymous_16)
FN:454,(anonymous_17)
FN:455,(anonymous_18)
FN:460,(anonymous_19)
FN:461,(anonymous_20)
FN:474,(anonymous_21)
FN:494,(anonymous_22)
FN:552,(anonymous_23)
FN:553,(anonymous_24)
FN:588,updateCustomerInfoCompatibility
FN:623,getCustomerInfo
FN:680,getCustomerBookings
FNF:28
FNH:9
FNDA:3,getCustomerById
FNDA:5,getCustomerByPhone
FNDA:2,createCustomer
FNDA:2,updateCustomer
FNDA:3,listCustomers
FNDA:6,updateCustomerInfo
FNDA:3,cancelBooking
FNDA:0,getCustomerInfoByPhone
FNDA:0,(anonymous_8)
FNDA:0,(anonymous_9)
FNDA:0,(anonymous_10)
FNDA:0,(anonymous_11)
FNDA:0,(anonymous_12)
FNDA:0,(anonymous_13)
FNDA:0,(anonymous_14)
FNDA:0,(anonymous_15)
FNDA:0,(anonymous_16)
FNDA:0,(anonymous_17)
FNDA:0,(anonymous_18)
FNDA:0,(anonymous_19)
FNDA:0,(anonymous_20)
FNDA:0,(anonymous_21)
FNDA:0,(anonymous_22)
FNDA:0,(anonymous_23)
FNDA:0,(anonymous_24)
FNDA:0,updateCustomerInfoCompatibility
FNDA:5,getCustomerInfo
FNDA:2,getCustomerBookings
DA:6,1
DA:7,1
DA:8,1
DA:9,1
DA:18,3
DA:19,3
DA:21,1
DA:22,1
DA:33,5
DA:34,5
DA:36,2
DA:37,2
DA:47,2
DA:48,2
DA:50,1
DA:51,1
DA:62,2
DA:63,2
DA:65,1
DA:66,1
DA:76,3
DA:77,3
DA:79,1
DA:80,1
DA:88,6
DA:89,6
DA:92,6
DA:104,6
DA:105,6
DA:106,6
DA:113,6
DA:115,6
DA:125,6
DA:126,6
DA:127,6
DA:129,6
DA:136,6
DA:137,1
DA:138,1
DA:145,5
DA:147,5
DA:148,5
DA:154,5
DA:156,3
DA:161,3
DA:167,3
DA:169,2
DA:174,2
DA:175,1
DA:178,1
DA:186,3
DA:187,3
DA:188,3
DA:190,3
DA:191,3
DA:198,3
DA:200,1
DA:205,1
DA:211,1
DA:213,2
DA:219,2
DA:220,1
DA:223,1
DA:231,0
DA:232,0
DA:233,0
DA:236,0
DA:238,0
DA:239,0
DA:246,0
DA:249,0
DA:252,0
DA:253,0
DA:259,0
DA:260,0
DA:262,0
DA:263,0
DA:266,0
DA:268,0
DA:269,0
DA:272,0
DA:273,0
DA:276,0
DA:277,0
DA:278,0
DA:284,0
DA:285,0
DA:286,0
DA:287,0
DA:288,0
DA:289,0
DA:290,0
DA:291,0
DA:296,0
DA:299,0
DA:304,0
DA:305,0
DA:312,0
DA:318,0
DA:321,0
DA:325,0
DA:326,0
DA:328,0
DA:329,0
DA:330,0
DA:333,0
DA:334,0
DA:335,0
DA:338,0
DA:339,0
DA:341,0
DA:342,0
DA:344,0
DA:351,0
DA:359,0
DA:362,0
DA:363,0
DA:364,0
DA:365,0
DA:368,0
DA:369,0
DA:370,0
DA:371,0
DA:374,0
DA:380,0
DA:386,0
DA:387,0
DA:388,0
DA:391,0
DA:394,0
DA:395,0
DA:400,0
DA:401,0
DA:402,0
DA:406,0
DA:407,0
DA:408,0
DA:412,0
DA:413,0
DA:414,0
DA:421,0
DA:428,0
DA:430,0
DA:451,0
DA:453,0
DA:454,0
DA:455,0
DA:459,0
DA:460,0
DA:461,0
DA:462,0
DA:474,0
DA:481,0
DA:494,0
DA:495,0
DA:496,0
DA:497,0
DA:498,0
DA:500,0
DA:504,0
DA:506,0
DA:508,0
DA:509,0
DA:514,0
DA:517,0
DA:518,0
DA:519,0
DA:520,0
DA:521,0
DA:522,0
DA:523,0
DA:526,0
DA:527,0
DA:532,0
DA:552,0
DA:553,0
DA:561,0
DA:565,0
DA:567,0
DA:569,0
DA:574,0
DA:589,0
DA:591,0
DA:592,0
DA:594,0
DA:596,0
DA:597,0
DA:598,0
DA:599,0
DA:601,0
DA:603,0
DA:604,0
DA:605,0
DA:608,0
DA:610,0
DA:614,0
DA:615,0
DA:618,0
DA:624,5
DA:626,5
DA:627,5
DA:635,5
DA:636,5
DA:638,5
DA:639,1
DA:647,4
DA:648,1
DA:650,3
DA:653,3
DA:654,1
DA:661,2
DA:667,1
DA:668,1
DA:681,2
DA:682,2
DA:683,2
DA:684,2
DA:686,2
DA:687,2
DA:694,2
DA:701,2
DA:703,1
DA:708,1
DA:714,1
DA:716,1
DA:721,1
DA:725,1
LF:227
LH:92
BRDA:75,0,0,2
BRDA:97,1,0,6
BRDA:97,1,1,6
BRDA:98,2,0,6
BRDA:98,2,1,6
BRDA:99,3,0,6
BRDA:99,3,1,6
BRDA:107,4,0,6
BRDA:107,4,1,0
BRDA:108,5,0,6
BRDA:108,5,1,0
BRDA:113,6,0,6
BRDA:113,6,1,3
BRDA:113,6,2,2
BRDA:113,6,3,2
BRDA:130,7,0,6
BRDA:130,7,1,0
BRDA:136,8,0,1
BRDA:136,8,1,5
BRDA:174,9,0,1
BRDA:174,9,1,1
BRDA:219,10,0,1
BRDA:219,10,1,1
BRDA:236,11,0,0
BRDA:236,11,1,0
BRDA:236,11,2,0
BRDA:252,12,0,0
BRDA:252,12,1,0
BRDA:262,13,0,0
BRDA:262,13,1,0
BRDA:266,14,0,0
BRDA:266,14,1,0
BRDA:268,15,0,0
BRDA:268,15,1,0
BRDA:272,16,0,0
BRDA:272,16,1,0
BRDA:272,17,0,0
BRDA:272,17,1,0
BRDA:276,18,0,0
BRDA:276,18,1,0
BRDA:285,19,0,0
BRDA:285,19,1,0
BRDA:289,20,0,0
BRDA:289,20,1,0
BRDA:304,21,0,0
BRDA:304,21,1,0
BRDA:341,22,0,0
BRDA:341,22,1,0
BRDA:362,23,0,0
BRDA:362,23,1,0
BRDA:364,24,0,0
BRDA:364,24,1,0
BRDA:368,25,0,0
BRDA:368,25,1,0
BRDA:370,26,0,0
BRDA:370,26,1,0
BRDA:401,27,0,0
BRDA:401,27,1,0
BRDA:438,28,0,0
BRDA:438,28,1,0
BRDA:439,29,0,0
BRDA:439,29,1,0
BRDA:441,30,0,0
BRDA:441,30,1,0
BRDA:442,31,0,0
BRDA:442,31,1,0
BRDA:443,32,0,0
BRDA:443,32,1,0
BRDA:446,33,0,0
BRDA:446,33,1,0
BRDA:465,34,0,0
BRDA:465,34,1,0
BRDA:466,35,0,0
BRDA:466,35,1,0
BRDA:467,36,0,0
BRDA:467,36,1,0
BRDA:474,37,0,0
BRDA:474,37,1,0
BRDA:476,38,0,0
BRDA:476,38,1,0
BRDA:477,39,0,0
BRDA:477,39,1,0
BRDA:477,40,0,0
BRDA:477,40,1,0
BRDA:495,41,0,0
BRDA:495,41,1,0
BRDA:497,42,0,0
BRDA:497,42,1,0
BRDA:506,43,0,0
BRDA:506,43,1,0
BRDA:508,44,0,0
BRDA:508,44,1,0
BRDA:508,44,2,0
BRDA:509,45,0,0
BRDA:509,45,1,0
BRDA:510,46,0,0
BRDA:510,46,1,0
BRDA:510,46,2,0
BRDA:511,47,0,0
BRDA:511,47,1,0
BRDA:511,47,2,0
BRDA:514,48,0,0
BRDA:514,48,1,0
BRDA:514,48,2,0
BRDA:518,49,0,0
BRDA:518,49,1,0
BRDA:520,50,0,0
BRDA:520,50,1,0
BRDA:522,51,0,0
BRDA:522,51,1,0
BRDA:526,52,0,0
BRDA:526,52,1,0
BRDA:536,53,0,0
BRDA:536,53,1,0
BRDA:536,53,2,0
BRDA:537,54,0,0
BRDA:537,54,1,0
BRDA:537,54,2,0
BRDA:538,55,0,0
BRDA:538,55,1,0
BRDA:539,56,0,0
BRDA:539,56,1,0
BRDA:539,56,2,0
BRDA:540,57,0,0
BRDA:540,57,1,0
BRDA:540,57,2,0
BRDA:543,58,0,0
BRDA:543,58,1,0
BRDA:543,58,2,0
BRDA:545,59,0,0
BRDA:545,59,1,0
BRDA:553,60,0,0
BRDA:553,60,1,0
BRDA:596,61,0,0
BRDA:596,61,1,0
BRDA:603,62,0,0
BRDA:603,62,1,0
BRDA:614,63,0,0
BRDA:614,63,1,0
BRDA:635,64,0,5
BRDA:635,64,1,2
BRDA:636,65,0,5
BRDA:636,65,1,5
BRDA:638,66,0,1
BRDA:638,66,1,4
BRDA:638,67,0,5
BRDA:638,67,1,2
BRDA:647,68,0,1
BRDA:647,68,1,3
BRDA:653,69,0,1
BRDA:653,69,1,2
BRDA:698,70,0,2
BRDA:698,70,1,0
BRF:153
BRH:33
end_of_record
TN:
SF:src/controllers/healthController.js
FN:13,basicHealthCheck
FN:40,detailedHealthCheck
FN:47,(anonymous_2)
FN:68,(anonymous_3)
FN:97,readinessCheck
FN:136,livenessCheck
FNF:6
FNH:6
FNDA:3,basicHealthCheck
FNDA:3,detailedHealthCheck
FNDA:4,(anonymous_2)
FNDA:4,(anonymous_3)
FNDA:3,readinessCheck
FNDA:3,livenessCheck
DA:6,1
DA:7,1
DA:8,1
DA:14,3
DA:16,3
DA:17,3
DA:25,2
DA:31,2
DA:33,1
DA:41,3
DA:43,3
DA:44,3
DA:47,4
DA:48,2
DA:50,2
DA:63,2
DA:68,4
DA:71,2
DA:73,2
DA:74,1
DA:76,1
DA:84,1
DA:90,1
DA:98,3
DA:100,3
DA:101,3
DA:103,2
DA:108,2
DA:113,2
DA:114,1
DA:116,1
DA:124,1
DA:129,1
DA:137,3
DA:139,3
DA:140,3
DA:142,2
DA:148,2
DA:154,2
DA:155,1
DA:157,1
DA:165,1
DA:170,1
DA:174,1
LF:44
LH:44
BRDA:20,0,0,2
BRDA:20,0,1,1
BRDA:21,1,0,2
BRDA:21,1,1,1
BRDA:48,2,0,1
BRDA:48,2,1,1
BRDA:53,3,0,2
BRDA:53,3,1,0
BRDA:54,4,0,2
BRDA:54,4,1,0
BRDA:71,5,0,1
BRDA:71,5,1,1
BRDA:73,6,0,1
BRDA:73,6,1,1
BRDA:113,7,0,1
BRDA:113,7,1,1
BRDA:154,8,0,1
BRDA:154,8,1,1
BRF:18
BRH:16
end_of_record
TN:
SF:src/controllers/retellWebhookController.js
FN:16,handleRetellWebhook
FN:275,handleCallStarted
FN:297,(anonymous_2)
FN:298,(anonymous_3)
FN:358,handleCallAnalyzed
FN:401,handleCallEnded
FN:442,handleCallInbound
FN:465,(anonymous_7)
FN:466,(anonymous_8)
FNF:9
FNH:0
FNDA:0,handleRetellWebhook
FNDA:0,handleCallStarted
FNDA:0,(anonymous_2)
FNDA:0,(anonymous_3)
FNDA:0,handleCallAnalyzed
FNDA:0,handleCallEnded
FNDA:0,handleCallInbound
FNDA:0,(anonymous_7)
FNDA:0,(anonymous_8)
DA:6,0
DA:7,0
DA:8,0
DA:9,0
DA:10,0
DA:17,0
DA:18,0
DA:20,0
DA:22,0
DA:23,0
DA:24,0
DA:25,0
DA:26,0
DA:27,0
DA:28,0
DA:30,0
DA:33,0
DA:34,0
DA:35,0
DA:38,0
DA:39,0
DA:40,0
DA:49,0
DA:50,0
DA:51,0
DA:54,0
DA:66,0
DA:67,0
DA:68,0
DA:81,0
DA:82,0
DA:83,0
DA:84,0
DA:85,0
DA:98,0
DA:99,0
DA:100,0
DA:113,0
DA:114,0
DA:115,0
DA:119,0
DA:121,0
DA:122,0
DA:125,0
DA:126,0
DA:129,0
DA:130,0
DA:134,0
DA:135,0
DA:136,0
DA:137,0
DA:141,0
DA:142,0
DA:143,0
DA:146,0
DA:147,0
DA:152,0
DA:155,0
DA:161,0
DA:169,0
DA:170,0
DA:171,0
DA:172,0
DA:175,0
DA:176,0
DA:178,0
DA:179,0
DA:200,0
DA:201,0
DA:213,0
DA:232,0
DA:234,0
DA:250,0
DA:251,0
DA:256,0
DA:257,0
DA:259,0
DA:260,0
DA:262,0
DA:267,0
DA:276,0
DA:278,0
DA:285,0
DA:287,0
DA:290,0
DA:295,0
DA:296,0
DA:297,0
DA:299,0
DA:300,0
DA:305,0
DA:308,0
DA:315,0
DA:322,0
DA:359,0
DA:361,0
DA:369,0
DA:371,0
DA:379,0
DA:387,0
DA:393,0
DA:402,0
DA:404,0
DA:412,0
DA:414,0
DA:421,0
DA:428,0
DA:443,0
DA:445,0
DA:452,0
DA:455,0
DA:458,0
DA:463,0
DA:464,0
DA:465,0
DA:467,0
DA:468,0
DA:473,0
DA:475,0
DA:476,0
DA:479,0
DA:488,0
DA:489,0
DA:491,0
DA:498,0
DA:531,0
LF:126
LH:0
BRDA:33,0,0,0
BRDA:33,0,1,0
BRDA:38,1,0,0
BRDA:38,1,1,0
BRDA:49,2,0,0
BRDA:49,2,1,0
BRDA:60,3,0,0
BRDA:60,3,1,0
BRDA:66,4,0,0
BRDA:66,4,1,0
BRDA:81,5,0,0
BRDA:81,5,1,0
BRDA:82,6,0,0
BRDA:82,6,1,0
BRDA:90,7,0,0
BRDA:90,7,1,0
BRDA:98,8,0,0
BRDA:98,8,1,0
BRDA:114,9,0,0
BRDA:114,9,1,0
BRDA:115,10,0,0
BRDA:115,10,1,0
BRDA:119,11,0,0
BRDA:119,11,1,0
BRDA:119,11,2,0
BRDA:119,11,3,0
BRDA:119,11,4,0
BRDA:119,11,5,0
BRDA:157,12,0,0
BRDA:157,12,1,0
BRDA:157,12,2,0
BRDA:164,13,0,0
BRDA:164,13,1,0
BRDA:164,13,2,0
BRDA:169,14,0,0
BRDA:169,14,1,0
BRDA:176,15,0,0
BRDA:176,15,1,0
BRDA:180,16,0,0
BRDA:180,16,1,0
BRDA:181,17,0,0
BRDA:181,17,1,0
BRDA:182,18,0,0
BRDA:182,18,1,0
BRDA:183,19,0,0
BRDA:183,19,1,0
BRDA:184,20,0,0
BRDA:184,20,1,0
BRDA:185,21,0,0
BRDA:185,21,1,0
BRDA:186,22,0,0
BRDA:186,22,1,0
BRDA:187,23,0,0
BRDA:187,23,1,0
BRDA:188,24,0,0
BRDA:188,24,1,0
BRDA:189,25,0,0
BRDA:189,25,1,0
BRDA:190,26,0,0
BRDA:190,26,1,0
BRDA:191,27,0,0
BRDA:191,27,1,0
BRDA:192,28,0,0
BRDA:192,28,1,0
BRDA:193,29,0,0
BRDA:193,29,1,0
BRDA:194,30,0,0
BRDA:194,30,1,0
BRDA:196,31,0,0
BRDA:196,31,1,0
BRDA:218,32,0,0
BRDA:218,32,1,0
BRDA:228,33,0,0
BRDA:228,33,1,0
BRDA:237,34,0,0
BRDA:237,34,1,0
BRDA:246,35,0,0
BRDA:246,35,1,0
BRDA:281,36,0,0
BRDA:281,36,1,0
BRDA:364,37,0,0
BRDA:364,37,1,0
BRDA:407,38,0,0
BRDA:407,38,1,0
BRDA:448,39,0,0
BRDA:448,39,1,0
BRDA:449,40,0,0
BRDA:449,40,1,0
BRDA:511,41,0,0
BRDA:511,41,1,0
BRDA:521,42,0,0
BRDA:521,42,1,0
BRF:92
BRH:0
end_of_record
TN:
SF:src/controllers/smsController.js
FN:14,sendMessage
FN:88,sendBookingConfirmation
FN:172,sendCustomerMessage
FNF:3
FNH:2
FNDA:2,sendMessage
FNDA:1,sendBookingConfirmation
FNDA:0,sendCustomerMessage
DA:6,2
DA:7,2
DA:8,2
DA:15,2
DA:17,2
DA:18,2
DA:21,2
DA:22,1
DA:31,1
DA:32,1
DA:40,0
DA:46,0
DA:48,0
DA:49,0
DA:61,0
DA:70,0
DA:75,0
DA:89,1
DA:91,1
DA:92,1
DA:95,1
DA:96,1
DA:105,0
DA:106,0
DA:114,0
DA:121,0
DA:128,0
DA:130,0
DA:131,0
DA:144,0
DA:153,0
DA:158,0
DA:173,0
DA:175,0
DA:176,0
DA:178,0
DA:187,0
DA:196,0
DA:197,0
DA:212,0
DA:221,0
DA:226,0
DA:235,2
LF:43
LH:16
BRDA:15,0,0,2
BRDA:15,0,1,2
BRDA:21,1,0,1
BRDA:21,1,1,1
BRDA:21,2,0,2
BRDA:21,2,1,1
BRDA:31,3,0,1
BRDA:31,3,1,0
BRDA:48,4,0,0
BRDA:48,4,1,0
BRDA:89,5,0,1
BRDA:89,5,1,1
BRDA:95,6,0,1
BRDA:95,6,1,0
BRDA:95,7,0,1
BRDA:95,7,1,0
BRDA:105,8,0,0
BRDA:105,8,1,0
BRDA:130,9,0,0
BRDA:130,9,1,0
BRDA:182,10,0,0
BRDA:182,10,1,0
BRDA:196,11,0,0
BRDA:196,11,1,0
BRF:24
BRH:11
end_of_record
TN:
SF:src/controllers/webhookController.js
FN:15,handleElevenLabsPostCall
FN:80,handleSquarePayment
FN:152,handleSquareBooking
FN:224,healthCheck
FNF:4
FNH:4
FNDA:5,handleElevenLabsPostCall
FNDA:4,handleSquarePayment
FNDA:4,handleSquareBooking
FNDA:2,healthCheck
DA:6,1
DA:7,1
DA:8,1
DA:9,1
DA:10,1
DA:16,5
DA:17,5
DA:18,5
DA:20,5
DA:21,5
DA:29,5
DA:30,5
DA:31,2
DA:32,2
DA:34,2
DA:35,1
DA:44,1
DA:49,4
DA:51,2
DA:59,2
DA:66,2
DA:68,2
DA:73,2
DA:81,4
DA:82,4
DA:83,4
DA:85,4
DA:86,4
DA:93,4
DA:94,4
DA:95,1
DA:103,1
DA:106,3
DA:112,3
DA:113,1
DA:122,1
DA:125,2
DA:127,1
DA:132,1
DA:138,1
DA:140,1
DA:145,1
DA:153,4
DA:154,4
DA:155,4
DA:157,4
DA:158,4
DA:165,4
DA:166,4
DA:167,1
DA:175,1
DA:178,3
DA:184,3
DA:185,1
DA:194,1
DA:197,2
DA:199,1
DA:204,1
DA:210,1
DA:212,1
DA:217,1
DA:225,2
DA:227,2
DA:228,2
DA:238,2
DA:243,1
DA:245,1
DA:249,1
LF:68
LH:68
BRDA:29,0,0,5
BRDA:29,0,1,3
BRDA:30,1,0,2
BRDA:30,1,1,3
BRDA:30,2,0,5
BRDA:30,2,1,2
BRDA:31,3,0,0
BRDA:31,3,1,2
BRDA:34,4,0,1
BRDA:34,4,1,1
BRDA:39,5,0,1
BRDA:39,5,1,0
BRDA:56,6,0,2
BRDA:56,6,1,1
BRDA:94,7,0,1
BRDA:94,7,1,3
BRDA:112,8,0,1
BRDA:112,8,1,2
BRDA:166,9,0,1
BRDA:166,9,1,3
BRDA:184,10,0,1
BRDA:184,10,1,2
BRF:22
BRH:20
end_of_record
TN:
SF:src/middlewares/agentAuth.js
FN:23,agentAuthMiddleware
FNF:1
FNH:0
FNDA:0,agentAuthMiddleware
DA:1,1
DA:24,0
DA:25,0
DA:28,0
DA:29,0
DA:34,0
DA:35,0
DA:40,0
DA:42,0
DA:44,0
DA:47,0
DA:48,0
DA:54,0
DA:63,0
DA:65,0
DA:67,0
DA:68,0
DA:73,0
DA:79,1
LF:19
LH:2
BRDA:28,0,0,0
BRDA:28,0,1,0
BRDA:28,1,0,0
BRDA:28,1,1,0
BRDA:34,2,0,0
BRDA:34,2,1,0
BRDA:47,3,0,0
BRDA:47,3,1,0
BRDA:67,4,0,0
BRDA:67,4,1,0
BRF:10
BRH:0
end_of_record
TN:
SF:src/middlewares/correlationId.js
FN:11,correlationId
FNF:1
FNH:1
FNDA:9,correlationId
DA:6,1
DA:13,9
DA:16,9
DA:17,7
DA:21,9
DA:24,9
DA:26,9
DA:29,1
LF:8
LH:8
BRDA:16,0,0,7
BRDA:16,0,1,2
BRF:2
BRH:2
end_of_record
TN:
SF:src/middlewares/errorHandler.js
FN:12,errorHandler
FN:61,notFoundHandler
FN:71,asyncHandler
FN:72,(anonymous_3)
FNF:4
FNH:4
FNDA:13,errorHandler
FNDA:2,notFoundHandler
FNDA:4,asyncHandler
FNDA:4,(anonymous_3)
DA:6,1
DA:7,1
DA:14,13
DA:15,13
DA:16,13
DA:19,13
DA:20,3
DA:21,3
DA:22,3
DA:23,10
DA:24,1
DA:25,1
DA:26,9
DA:27,1
DA:28,1
DA:29,8
DA:30,1
DA:31,1
DA:32,7
DA:33,3
DA:34,3
DA:35,4
DA:36,3
DA:40,13
DA:50,13
DA:51,1
DA:55,13
DA:62,2
DA:63,2
DA:64,2
DA:65,2
DA:72,4
DA:73,4
DA:77,1
LF:34
LH:34
BRDA:19,0,0,3
BRDA:19,0,1,10
BRDA:23,1,0,1
BRDA:23,1,1,9
BRDA:26,2,0,1
BRDA:26,2,1,8
BRDA:29,3,0,1
BRDA:29,3,1,7
BRDA:32,4,0,3
BRDA:32,4,1,4
BRDA:32,5,0,7
BRDA:32,5,1,5
BRDA:33,6,0,3
BRDA:33,6,1,1
BRDA:34,7,0,3
BRDA:34,7,1,0
BRDA:35,8,0,3
BRDA:35,8,1,1
BRDA:50,9,0,1
BRDA:50,9,1,12
BRF:20
BRH:19
end_of_record
TN:
SF:src/middlewares/rateLimiter.js
FN:18,(anonymous_0)
FN:24,(anonymous_1)
FN:33,(anonymous_2)
FNF:3
FNH:0
FNDA:0,(anonymous_0)
FNDA:0,(anonymous_1)
FNDA:0,(anonymous_2)
DA:1,1
DA:13,1
DA:19,0
DA:20,0
DA:25,0
DA:34,0
DA:41,1
LF:7
LH:3
BRDA:20,0,0,0
BRDA:20,0,1,0
BRDA:20,0,2,0
BRF:3
BRH:0
end_of_record
TN:
SF:src/middlewares/requestLogger.js
FN:11,requestLogger
FN:19,(anonymous_1)
FNF:2
FNH:0
FNDA:0,requestLogger
FNDA:0,(anonymous_1)
DA:6,0
DA:13,0
DA:16,0
DA:19,0
DA:21,0
DA:24,0
DA:25,0
DA:27,0
DA:34,0
DA:37,0
LF:10
LH:0
BRF:0
BRH:0
end_of_record
TN:
SF:src/middlewares/retellAuth.js
FN:22,retellAuthMiddleware
FNF:1
FNH:0
FNDA:0,retellAuthMiddleware
DA:1,1
DA:2,1
DA:23,0
DA:24,0
DA:27,0
DA:28,0
DA:33,0
DA:34,0
DA:40,0
DA:41,0
DA:42,0
DA:44,0
DA:46,0
DA:51,0
DA:53,0
DA:56,0
DA:57,0
DA:60,0
DA:62,0
DA:63,0
DA:69,0
DA:71,0
DA:72,0
DA:78,1
LF:24
LH:3
BRDA:27,0,0,0
BRDA:27,0,1,0
BRDA:33,1,0,0
BRDA:33,1,1,0
BRDA:44,2,0,0
BRDA:44,2,1,0
BRDA:62,3,0,0
BRDA:62,3,1,0
BRF:8
BRH:0
end_of_record
TN:
SF:src/middlewares/validation.js
FN:13,checkSecurityThreats
FN:26,(anonymous_1)
FN:32,securityValidation
FN:35,(anonymous_3)
FN:93,sanitizeInputs
FN:96,(anonymous_5)
FN:130,validateContentType
FN:131,(anonymous_7)
FN:143,(anonymous_8)
FN:156,validateRequestSize
FN:158,(anonymous_10)
FN:172,validateSchema
FN:173,(anonymous_12)
FNF:13
FNH:5
FNDA:0,checkSecurityThreats
FNDA:0,(anonymous_1)
FNDA:0,securityValidation
FNDA:0,(anonymous_3)
FNDA:0,sanitizeInputs
FNDA:0,(anonymous_5)
FNDA:3,validateContentType
FNDA:5,(anonymous_7)
FNDA:3,(anonymous_8)
FNDA:0,validateRequestSize
FNDA:0,(anonymous_10)
FNDA:3,validateSchema
FNDA:5,(anonymous_12)
DA:6,1
DA:7,1
DA:8,1
DA:14,0
DA:17,0
DA:26,0
DA:33,0
DA:35,0
DA:36,0
DA:37,0
DA:39,0
DA:40,0
DA:41,0
DA:50,0
DA:52,0
DA:53,0
DA:54,0
DA:57,0
DA:61,0
DA:62,0
DA:63,0
DA:66,0
DA:67,0
DA:68,0
DA:71,0
DA:72,0
DA:73,0
DA:76,0
DA:78,0
DA:86,0
DA:94,0
DA:96,0
DA:97,0
DA:98,0
DA:99,0
DA:100,0
DA:101,0
DA:107,0
DA:108,0
DA:112,0
DA:113,0
DA:117,0
DA:118,0
DA:121,0
DA:123,0
DA:131,3
DA:133,5
DA:134,2
DA:137,3
DA:139,3
DA:140,0
DA:143,3
DA:145,3
DA:146,0
DA:149,3
DA:158,0
DA:159,0
DA:161,0
DA:162,0
DA:165,0
DA:173,3
DA:174,5
DA:175,5
DA:177,5
DA:178,5
DA:181,0
DA:183,0
DA:188,1
LF:68
LH:17
BRDA:14,0,0,0
BRDA:14,0,1,0
BRDA:35,1,0,0
BRDA:37,2,0,0
BRDA:37,2,1,0
BRDA:39,3,0,0
BRDA:39,3,1,0
BRDA:40,4,0,0
BRDA:40,4,1,0
BRDA:52,5,0,0
BRDA:52,5,1,0
BRDA:52,6,0,0
BRDA:52,6,1,0
BRDA:54,7,0,0
BRDA:54,7,1,0
BRDA:61,8,0,0
BRDA:61,8,1,0
BRDA:61,9,0,0
BRDA:61,9,1,0
BRDA:63,10,0,0
BRDA:63,10,1,0
BRDA:66,11,0,0
BRDA:66,11,1,0
BRDA:66,12,0,0
BRDA:66,12,1,0
BRDA:68,13,0,0
BRDA:68,13,1,0
BRDA:71,14,0,0
BRDA:71,14,1,0
BRDA:71,15,0,0
BRDA:71,15,1,0
BRDA:73,16,0,0
BRDA:73,16,1,0
BRDA:98,17,0,0
BRDA:98,17,1,0
BRDA:100,18,0,0
BRDA:100,18,1,0
BRDA:100,19,0,0
BRDA:100,19,1,0
BRDA:107,20,0,0
BRDA:107,20,1,0
BRDA:107,21,0,0
BRDA:107,21,1,0
BRDA:112,22,0,0
BRDA:112,22,1,0
BRDA:112,23,0,0
BRDA:112,23,1,0
BRDA:117,24,0,0
BRDA:117,24,1,0
BRDA:117,25,0,0
BRDA:117,25,1,0
BRDA:130,26,0,0
BRDA:133,27,0,2
BRDA:133,27,1,3
BRDA:133,28,0,5
BRDA:133,28,1,5
BRDA:133,28,2,5
BRDA:139,29,0,0
BRDA:139,29,1,3
BRDA:145,30,0,0
BRDA:145,30,1,3
BRDA:156,31,0,0
BRDA:161,32,0,0
BRDA:161,32,1,0
BRDA:161,33,0,0
BRDA:161,33,1,0
BRDA:177,34,0,5
BRDA:177,34,1,0
BRDA:177,35,0,5
BRDA:177,35,1,5
BRF:70
BRH:10
end_of_record
TN:
SF:src/routes/api.js
FNF:0
FNH:0
DA:7,0
DA:8,0
DA:9,0
DA:10,0
DA:11,0
DA:13,0
DA:16,0
DA:23,0
DA:24,0
DA:25,0
DA:32,0
DA:39,0
DA:46,0
DA:47,0
DA:49,0
LF:15
LH:0
BRF:0
BRH:0
end_of_record
TN:
SF:src/routes/bookings.js
FN:20,(anonymous_0)
FNF:1
FNH:0
FNDA:0,(anonymous_0)
DA:7,0
DA:8,0
DA:9,0
DA:10,0
DA:11,0
DA:12,0
DA:14,0
DA:17,0
DA:20,0
DA:21,0
DA:22,0
DA:29,0
DA:35,0
DA:46,0
DA:52,0
DA:63,0
DA:69,0
DA:75,0
DA:81,0
DA:87,0
DA:93,0
DA:95,0
LF:22
LH:0
BRDA:22,0,0,0
BRDA:22,0,1,0
BRF:2
BRH:0
end_of_record
TN:
SF:src/routes/customers.js
FNF:0
FNH:0
DA:6,0
DA:7,0
DA:8,0
DA:9,0
DA:10,0
DA:12,0
DA:24,0
DA:34,0
DA:44,0
DA:55,0
DA:65,0
DA:67,0
LF:12
LH:0
BRF:0
BRH:0
end_of_record
TN:
SF:src/routes/health.js
FNF:0
FNH:0
DA:6,0
DA:7,0
DA:8,0
DA:10,0
DA:16,0
DA:22,0
DA:28,0
DA:34,0
DA:36,0
LF:9
LH:0
BRF:0
BRH:0
end_of_record
TN:
SF:src/routes/index.js
FN:17,(anonymous_0)
FNF:1
FNH:0
FNDA:0,(anonymous_0)
DA:6,0
DA:7,0
DA:8,0
DA:9,0
DA:10,0
DA:11,0
DA:12,0
DA:14,0
DA:17,0
DA:18,0
DA:27,0
DA:28,0
DA:29,0
DA:30,0
DA:31,0
DA:34,0
DA:36,0
LF:17
LH:0
BRF:0
BRH:0
end_of_record
TN:
SF:src/routes/sms.js
FN:12,(anonymous_0)
FN:32,(anonymous_1)
FN:48,(anonymous_2)
FNF:3
FNH:2
FNDA:3,(anonymous_0)
FNDA:0,(anonymous_1)
FNDA:2,(anonymous_2)
DA:6,1
DA:7,1
DA:8,1
DA:9,1
DA:12,1
DA:13,3
DA:15,3
DA:16,1
DA:17,2
DA:18,1
DA:21,3
DA:22,1
DA:23,2
DA:24,0
DA:25,2
DA:26,1
DA:29,3
DA:32,1
DA:33,0
DA:35,0
DA:36,0
DA:39,0
DA:40,0
DA:41,0
DA:42,0
DA:45,0
DA:48,1
DA:49,2
DA:51,2
DA:52,1
DA:53,1
DA:54,0
DA:57,2
DA:58,1
DA:59,1
DA:60,0
DA:63,2
DA:64,1
DA:65,1
DA:66,0
DA:69,2
DA:70,1
DA:71,1
DA:72,0
DA:73,1
DA:74,0
DA:78,2
DA:79,1
DA:80,0
DA:81,1
DA:82,1
DA:86,2
DA:93,1
DA:104,1
DA:115,1
DA:122,1
LF:56
LH:41
BRDA:15,0,0,1
BRDA:15,0,1,2
BRDA:15,1,0,3
BRDA:15,1,1,2
BRDA:17,2,0,1
BRDA:17,2,1,1
BRDA:21,3,0,1
BRDA:21,3,1,2
BRDA:21,4,0,3
BRDA:21,4,1,2
BRDA:23,5,0,0
BRDA:23,5,1,2
BRDA:25,6,0,1
BRDA:25,6,1,1
BRDA:35,7,0,0
BRDA:35,7,1,0
BRDA:35,8,0,0
BRDA:35,8,1,0
BRDA:39,9,0,0
BRDA:39,9,1,0
BRDA:39,10,0,0
BRDA:39,10,1,0
BRDA:41,11,0,0
BRDA:41,11,1,0
BRDA:51,12,0,1
BRDA:51,12,1,1
BRDA:51,13,0,2
BRDA:51,13,1,1
BRDA:53,14,0,0
BRDA:53,14,1,1
BRDA:57,15,0,1
BRDA:57,15,1,1
BRDA:57,16,0,2
BRDA:57,16,1,1
BRDA:59,17,0,0
BRDA:59,17,1,1
BRDA:63,18,0,1
BRDA:63,18,1,1
BRDA:63,19,0,2
BRDA:63,19,1,1
BRDA:65,20,0,0
BRDA:65,20,1,1
BRDA:69,21,0,1
BRDA:69,21,1,1
BRDA:69,22,0,2
BRDA:69,22,1,1
BRDA:71,23,0,0
BRDA:71,23,1,1
BRDA:73,24,0,0
BRDA:73,24,1,1
BRDA:78,25,0,1
BRDA:78,25,1,1
BRDA:79,26,0,0
BRDA:79,26,1,1
BRDA:81,27,0,1
BRDA:81,27,1,0
BRF:56
BRH:38
end_of_record
TN:
SF:src/routes/webhooks.js
FN:18,methodNotAllowed
FN:25,handleElevenLabsRequest
FN:27,(anonymous_2)
FN:39,handleSquarePaymentRequest
FN:41,(anonymous_4)
FN:53,handleSquareBookingRequest
FN:55,(anonymous_6)
FN:67,handleRetellRequest
FN:69,(anonymous_8)
FNF:9
FNH:0
FNDA:0,methodNotAllowed
FNDA:0,handleElevenLabsRequest
FNDA:0,(anonymous_2)
FNDA:0,handleSquarePaymentRequest
FNDA:0,(anonymous_4)
FNDA:0,handleSquareBookingRequest
FNDA:0,(anonymous_6)
FNDA:0,handleRetellRequest
FNDA:0,(anonymous_8)
DA:6,0
DA:7,0
DA:8,0
DA:9,0
DA:10,0
DA:11,0
DA:13,0
DA:19,0
DA:26,0
DA:27,0
DA:28,0
DA:29,0
DA:32,0
DA:40,0
DA:41,0
DA:42,0
DA:43,0
DA:46,0
DA:54,0
DA:55,0
DA:56,0
DA:57,0
DA:60,0
DA:68,0
DA:69,0
DA:70,0
DA:71,0
DA:74,0
DA:81,0
DA:86,0
DA:91,0
DA:96,0
DA:102,0
DA:104,0
LF:34
LH:0
BRDA:26,0,0,0
BRDA:26,0,1,0
BRDA:28,1,0,0
BRDA:28,1,1,0
BRDA:40,2,0,0
BRDA:40,2,1,0
BRDA:42,3,0,0
BRDA:42,3,1,0
BRDA:54,4,0,0
BRDA:54,4,1,0
BRDA:56,5,0,0
BRDA:56,5,1,0
BRDA:68,6,0,0
BRDA:68,6,1,0
BRDA:70,7,0,0
BRDA:70,7,1,0
BRF:16
BRH:0
end_of_record
TN:
SF:src/services/bookingService.js
FN:11,(anonymous_0)
FN:17,(anonymous_1)
FN:18,(anonymous_2)
FN:19,(anonymous_3)
FN:20,(anonymous_4)
FN:48,(anonymous_5)
FN:58,(anonymous_6)
FN:59,(anonymous_7)
FN:60,(anonymous_8)
FN:61,(anonymous_9)
FN:68,(anonymous_10)
FNF:11
FNH:0
FNDA:0,(anonymous_0)
FNDA:0,(anonymous_1)
FNDA:0,(anonymous_2)
FNDA:0,(anonymous_3)
FNDA:0,(anonymous_4)
FNDA:0,(anonymous_5)
FNDA:0,(anonymous_6)
FNDA:0,(anonymous_7)
FNDA:0,(anonymous_8)
FNDA:0,(anonymous_9)
FNDA:0,(anonymous_10)
DA:1,2
DA:2,2
DA:12,0
DA:14,0
DA:16,0
DA:17,0
DA:18,0
DA:19,0
DA:20,0
DA:24,0
DA:26,0
DA:28,0
DA:35,0
DA:36,0
DA:49,0
DA:55,0
DA:57,0
DA:58,0
DA:59,0
DA:60,0
DA:61,0
DA:65,0
DA:67,0
DA:68,0
DA:76,0
DA:80,0
DA:82,0
DA:84,0
DA:93,0
DA:94,0
DA:103,2
LF:31
LH:3
BRDA:67,0,0,0
BRDA:67,0,1,0
BRDA:71,1,0,0
BRDA:71,1,1,0
BRF:4
BRH:0
end_of_record
TN:
SF:src/services/comprehensiveWebhookService.js
FN:14,verifyWebhookSignature
FN:46,sanitizeInput
FN:59,createCollapsibleJson
FN:97,createTranscriptSection
FN:108,(anonymous_4)
FN:120,(anonymous_5)
FN:133,(anonymous_6)
FN:150,(anonymous_7)
FN:171,(anonymous_8)
FN:213,createEmailContent
FN:243,(anonymous_10)
FN:245,(anonymous_11)
FN:374,createEmailTransporter
FN:393,processElevenLabsPostCall
FN:429,(anonymous_14)
FNF:15
FNH:0
FNDA:0,verifyWebhookSignature
FNDA:0,sanitizeInput
FNDA:0,createCollapsibleJson
FNDA:0,createTranscriptSection
FNDA:0,(anonymous_4)
FNDA:0,(anonymous_5)
FNDA:0,(anonymous_6)
FNDA:0,(anonymous_7)
FNDA:0,(anonymous_8)
FNDA:0,createEmailContent
FNDA:0,(anonymous_10)
FNDA:0,(anonymous_11)
FNDA:0,createEmailTransporter
FNDA:0,processElevenLabsPostCall
FNDA:0,(anonymous_14)
DA:6,1
DA:7,1
DA:8,1
DA:9,1
DA:15,0
DA:16,0
DA:19,0
DA:20,0
DA:21,0
DA:22,0
DA:25,0
DA:26,0
DA:27,0
DA:28,0
DA:32,0
DA:33,0
DA:36,0
DA:38,0
DA:39,0
DA:47,0
DA:48,0
DA:60,0
DA:61,0
DA:63,0
DA:65,0
DA:67,0
DA:76,0
DA:79,0
DA:82,0
DA:99,0
DA:100,0
DA:104,0
DA:105,0
DA:106,0
DA:109,0
DA:110,0
DA:112,0
DA:113,0
DA:115,0
DA:116,0
DA:118,0
DA:120,0
DA:123,0
DA:127,0
DA:128,0
DA:131,0
DA:133,0
DA:134,0
DA:135,0
DA:136,0
DA:138,0
DA:139,0
DA:140,0
DA:145,0
DA:152,0
DA:153,0
DA:166,0
DA:173,0
DA:174,0
DA:177,0
DA:190,0
DA:191,0
DA:195,0
DA:207,0
DA:214,0
DA:215,0
DA:216,0
DA:219,0
DA:220,0
DA:221,0
DA:222,0
DA:227,0
DA:232,0
DA:233,0
DA:234,0
DA:235,0
DA:236,0
DA:239,0
DA:243,0
DA:244,0
DA:245,0
DA:246,0
DA:247,0
DA:250,0
DA:253,0
DA:254,0
DA:256,0
DA:258,0
DA:261,0
DA:263,0
DA:375,0
DA:394,0
DA:396,0
DA:397,0
DA:404,0
DA:405,0
DA:409,0
DA:410,0
DA:412,0
DA:420,0
DA:421,0
DA:422,0
DA:423,0
DA:426,0
DA:429,0
DA:430,0
DA:436,0
DA:439,0
DA:441,0
DA:448,0
DA:455,0
DA:458,0
DA:466,0
DA:472,0
DA:484,0
DA:485,0
DA:490,0
DA:499,0
DA:502,0
DA:508,0
DA:512,1
LF:121
LH:5
BRDA:15,0,0,0
BRDA:15,0,1,0
BRDA:27,1,0,0
BRDA:27,1,1,0
BRDA:47,2,0,0
BRDA:47,2,1,0
BRDA:59,3,0,0
BRDA:63,4,0,0
BRDA:63,4,1,0
BRDA:84,5,0,0
BRDA:84,5,1,0
BRDA:86,6,0,0
BRDA:86,6,1,0
BRDA:99,7,0,0
BRDA:99,7,1,0
BRDA:104,8,0,0
BRDA:104,8,1,0
BRDA:109,9,0,0
BRDA:109,9,1,0
BRDA:109,10,0,0
BRDA:109,10,1,0
BRDA:112,11,0,0
BRDA:112,11,1,0
BRDA:112,12,0,0
BRDA:112,12,1,0
BRDA:115,13,0,0
BRDA:115,13,1,0
BRDA:123,14,0,0
BRDA:123,14,1,0
BRDA:127,15,0,0
BRDA:127,15,1,0
BRDA:127,16,0,0
BRDA:127,16,1,0
BRDA:134,17,0,0
BRDA:134,17,1,0
BRDA:135,18,0,0
BRDA:135,18,1,0
BRDA:136,19,0,0
BRDA:136,19,1,0
BRDA:138,20,0,0
BRDA:138,20,1,0
BRDA:140,21,0,0
BRDA:140,21,1,0
BRDA:145,22,0,0
BRDA:145,22,1,0
BRDA:145,23,0,0
BRDA:145,23,1,0
BRDA:155,24,0,0
BRDA:155,24,1,0
BRDA:166,25,0,0
BRDA:166,25,1,0
BRDA:166,26,0,0
BRDA:166,26,1,0
BRDA:174,27,0,0
BRDA:174,27,1,0
BRDA:179,28,0,0
BRDA:179,28,1,0
BRDA:179,29,0,0
BRDA:179,29,1,0
BRDA:190,30,0,0
BRDA:190,30,1,0
BRDA:191,31,0,0
BRDA:191,31,1,0
BRDA:213,32,0,0
BRDA:215,33,0,0
BRDA:215,33,1,0
BRDA:216,34,0,0
BRDA:216,34,1,0
BRDA:219,35,0,0
BRDA:219,35,1,0
BRDA:220,36,0,0
BRDA:220,36,1,0
BRDA:221,37,0,0
BRDA:221,37,1,0
BRDA:222,38,0,0
BRDA:222,38,1,0
BRDA:227,39,0,0
BRDA:227,39,1,0
BRDA:232,40,0,0
BRDA:232,40,1,0
BRDA:233,41,0,0
BRDA:233,41,1,0
BRDA:234,42,0,0
BRDA:234,42,1,0
BRDA:235,43,0,0
BRDA:235,43,1,0
BRDA:236,44,0,0
BRDA:236,44,1,0
BRDA:236,44,2,0
BRDA:239,45,0,0
BRDA:239,45,1,0
BRDA:243,46,0,0
BRDA:243,46,1,0
BRDA:244,47,0,0
BRDA:244,47,1,0
BRDA:246,48,0,0
BRDA:246,48,1,0
BRDA:247,49,0,0
BRDA:247,49,1,0
BRDA:305,50,0,0
BRDA:305,50,1,0
BRDA:321,51,0,0
BRDA:321,51,1,0
BRDA:332,52,0,0
BRDA:332,52,1,0
BRDA:343,53,0,0
BRDA:343,53,1,0
BRDA:404,54,0,0
BRDA:404,54,1,0
BRDA:404,55,0,0
BRDA:404,55,1,0
BRDA:409,56,0,0
BRDA:409,56,1,0
BRDA:420,57,0,0
BRDA:420,57,1,0
BRDA:421,58,0,0
BRDA:421,58,1,0
BRDA:422,59,0,0
BRDA:422,59,1,0
BRDA:423,60,0,0
BRDA:423,60,1,0
BRDA:426,61,0,0
BRDA:426,61,1,0
BRDA:429,62,0,0
BRDA:429,62,1,0
BRDA:429,62,2,0
BRDA:430,63,0,0
BRDA:430,63,1,0
BRDA:484,64,0,0
BRDA:484,64,1,0
BRF:130
BRH:0
end_of_record
TN:
SF:src/services/customerService.js
FN:25,getCustomerInfo
FN:102,(anonymous_1)
FN:104,(anonymous_2)
FN:111,(anonymous_3)
FN:165,updateCustomerInfo
FN:259,getCustomerBookings
FN:295,createBooking
FN:332,cancelBooking
FNF:8
FNH:0
FNDA:0,getCustomerInfo
FNDA:0,(anonymous_1)
FNDA:0,(anonymous_2)
FNDA:0,(anonymous_3)
FNDA:0,updateCustomerInfo
FNDA:0,getCustomerBookings
FNDA:0,createBooking
FNDA:0,cancelBooking
DA:7,1
DA:8,1
DA:16,1
DA:17,1
DA:26,0
DA:28,0
DA:29,0
DA:32,0
DA:33,0
DA:37,0
DA:38,0
DA:40,0
DA:41,0
DA:42,0
DA:47,0
DA:54,0
DA:60,0
DA:61,0
DA:63,0
DA:70,0
DA:76,0
DA:102,0
DA:105,0
DA:106,0
DA:107,0
DA:112,0
DA:113,0
DA:114,0
DA:132,0
DA:134,0
DA:143,0
DA:145,0
DA:146,0
DA:148,0
DA:154,0
DA:166,0
DA:168,0
DA:169,0
DA:176,0
DA:185,0
DA:186,0
DA:187,0
DA:188,0
DA:192,0
DA:203,0
DA:204,0
DA:205,0
DA:206,0
DA:210,0
DA:211,0
DA:214,0
DA:220,0
DA:221,0
DA:223,0
DA:229,0
DA:236,0
DA:238,0
DA:244,0
DA:245,0
DA:248,0
DA:260,0
DA:262,0
DA:263,0
DA:269,0
DA:271,0
DA:277,0
DA:279,0
DA:285,0
DA:296,0
DA:298,0
DA:299,0
DA:305,0
DA:307,0
DA:313,0
DA:315,0
DA:321,0
DA:333,0
DA:335,0
DA:336,0
DA:342,0
DA:344,0
DA:350,0
DA:352,0
DA:359,0
DA:363,1
LF:85
LH:5
BRDA:32,0,0,0
BRDA:32,0,1,0
BRDA:32,1,0,0
BRDA:32,1,1,0
BRDA:40,2,0,0
BRDA:40,2,1,0
BRDA:60,3,0,0
BRDA:60,3,1,0
BRDA:65,4,0,0
BRDA:65,4,1,0
BRDA:65,5,0,0
BRDA:65,5,1,0
BRDA:78,6,0,0
BRDA:78,6,1,0
BRDA:82,7,0,0
BRDA:82,7,1,0
BRDA:83,8,0,0
BRDA:83,8,1,0
BRDA:84,9,0,0
BRDA:84,9,1,0
BRDA:85,10,0,0
BRDA:85,10,1,0
BRDA:90,11,0,0
BRDA:90,11,1,0
BRDA:91,12,0,0
BRDA:91,12,1,0
BRDA:94,13,0,0
BRDA:94,13,1,0
BRDA:97,14,0,0
BRDA:97,14,1,0
BRDA:98,15,0,0
BRDA:98,15,1,0
BRDA:99,16,0,0
BRDA:99,16,1,0
BRDA:102,17,0,0
BRDA:102,17,1,0
BRDA:103,18,0,0
BRDA:103,18,1,0
BRDA:105,19,0,0
BRDA:105,19,1,0
BRDA:106,20,0,0
BRDA:106,20,1,0
BRDA:110,21,0,0
BRDA:110,21,1,0
BRDA:112,22,0,0
BRDA:112,22,1,0
BRDA:113,23,0,0
BRDA:113,23,1,0
BRDA:121,24,0,0
BRDA:121,24,1,0
BRDA:138,25,0,0
BRDA:138,25,1,0
BRDA:139,26,0,0
BRDA:139,26,1,0
BRDA:187,27,0,0
BRDA:187,27,1,0
BRDA:205,28,0,0
BRDA:205,28,1,0
BRDA:205,29,0,0
BRDA:205,29,1,0
BRDA:210,30,0,0
BRDA:210,30,1,0
BRDA:244,31,0,0
BRDA:244,31,1,0
BRDA:259,32,0,0
BRF:65
BRH:0
end_of_record
TN:
SF:src/services/emailService.js
FN:13,createTransporter
FN:31,sendBookingConfirmation
FN:82,sendStaffNotification
FN:136,generateBookingConfirmationHTML
FN:203,generateBookingConfirmationText
FN:232,generateStaffNotificationHTML
FN:328,generateStaffNotificationText
FN:365,testEmailConfiguration
FNF:8
FNH:0
FNDA:0,createTransporter
FNDA:0,sendBookingConfirmation
FNDA:0,sendStaffNotification
FNDA:0,generateBookingConfirmationHTML
FNDA:0,generateBookingConfirmationText
FNDA:0,generateStaffNotificationHTML
FNDA:0,generateStaffNotificationText
FNDA:0,testEmailConfiguration
DA:6,3
DA:7,3
DA:8,3
DA:11,3
DA:14,0
DA:15,0
DA:25,0
DA:32,0
DA:34,0
DA:35,0
DA:41,0
DA:43,0
DA:51,0
DA:53,0
DA:58,0
DA:64,0
DA:70,0
DA:75,0
DA:83,0
DA:85,0
DA:86,0
DA:92,0
DA:94,0
DA:95,0
DA:96,0
DA:104,0
DA:106,0
DA:112,0
DA:118,0
DA:124,0
DA:129,0
DA:137,0
DA:204,0
DA:233,0
DA:329,0
DA:330,0
DA:366,0
DA:367,0
DA:368,0
DA:370,0
DA:371,0
DA:373,0
DA:376,0
DA:380,3
LF:44
LH:5
BRDA:14,0,0,0
BRDA:14,0,1,0
BRDA:94,1,0,0
BRDA:94,1,1,0
BRDA:158,2,0,0
BRDA:158,2,1,0
BRDA:168,3,0,0
BRDA:168,3,1,0
BRDA:173,4,0,0
BRDA:173,4,1,0
BRDA:178,5,0,0
BRDA:178,5,1,0
BRDA:207,6,0,0
BRDA:207,6,1,0
BRDA:213,7,0,0
BRDA:213,7,1,0
BRDA:214,8,0,0
BRDA:214,8,1,0
BRDA:215,9,0,0
BRDA:215,9,1,0
BRDA:242,10,0,0
BRDA:242,10,1,0
BRDA:256,11,0,0
BRDA:256,11,1,0
BRDA:263,12,0,0
BRDA:263,12,1,0
BRDA:270,13,0,0
BRDA:270,13,1,0
BRDA:275,14,0,0
BRDA:275,14,1,0
BRDA:280,15,0,0
BRDA:280,15,1,0
BRDA:285,16,0,0
BRDA:285,16,1,0
BRDA:290,17,0,0
BRDA:290,17,1,0
BRDA:295,18,0,0
BRDA:295,18,1,0
BRDA:300,19,0,0
BRDA:300,19,1,0
BRDA:312,20,0,0
BRDA:312,20,1,0
BRDA:316,21,0,0
BRDA:316,21,1,0
BRDA:329,22,0,0
BRDA:329,22,1,0
BRDA:334,23,0,0
BRDA:334,23,1,0
BRDA:340,24,0,0
BRDA:340,24,1,0
BRDA:343,25,0,0
BRDA:343,25,1,0
BRDA:344,26,0,0
BRDA:344,26,1,0
BRDA:345,27,0,0
BRDA:345,27,1,0
BRDA:346,28,0,0
BRDA:346,28,1,0
BRDA:347,29,0,0
BRDA:347,29,1,0
BRDA:348,30,0,0
BRDA:348,30,1,0
BRDA:354,31,0,0
BRDA:354,31,1,0
BRDA:355,32,0,0
BRDA:355,32,1,0
BRF:66
BRH:0
end_of_record
TN:
SF:src/services/healthService.js
FN:18,getDetailedHealth
FN:61,(anonymous_1)
FN:65,(anonymous_2)
FN:81,checkReadiness
FN:88,(anonymous_4)
FN:107,checkLiveness
FN:131,checkSquareConnection
FN:160,checkEmailService
FN:188,checkMemoryUsage
FN:222,checkDiskSpace
FN:237,checkEnvironmentVariables
FN:241,(anonymous_11)
FN:268,getSystemMetrics
FNF:13
FNH:0
FNDA:0,getDetailedHealth
FNDA:0,(anonymous_1)
FNDA:0,(anonymous_2)
FNDA:0,checkReadiness
FNDA:0,(anonymous_4)
FNDA:0,checkLiveness
FNDA:0,checkSquareConnection
FNDA:0,checkEmailService
FNDA:0,checkMemoryUsage
FNDA:0,checkDiskSpace
FNDA:0,checkEnvironmentVariables
FNDA:0,(anonymous_11)
FNDA:0,getSystemMetrics
DA:6,1
DA:7,1
DA:8,1
DA:9,1
DA:12,1
DA:19,0
DA:21,0
DA:22,0
DA:25,0
DA:32,0
DA:59,0
DA:61,0
DA:64,0
DA:65,0
DA:68,0
DA:70,0
DA:74,0
DA:82,0
DA:83,0
DA:86,0
DA:88,0
DA:90,0
DA:95,0
DA:97,0
DA:100,0
DA:108,0
DA:109,0
DA:112,0
DA:114,0
DA:119,0
DA:121,0
DA:124,0
DA:132,0
DA:134,0
DA:136,0
DA:138,0
DA:140,0
DA:146,0
DA:148,0
DA:161,0
DA:163,0
DA:164,0
DA:165,0
DA:167,0
DA:174,0
DA:176,0
DA:189,0
DA:190,0
DA:191,0
DA:192,0
DA:193,0
DA:196,0
DA:197,0
DA:199,0
DA:211,0
DA:224,0
DA:238,0
DA:239,0
DA:241,0
DA:243,0
DA:245,0
DA:257,0
DA:269,0
DA:270,0
DA:271,0
DA:273,0
DA:290,0
DA:293,0
DA:297,1
LF:69
LH:6
BRDA:14,0,0,0
BRDA:14,0,1,1
BRDA:35,1,0,0
BRDA:35,1,1,0
BRDA:35,2,0,0
BRDA:35,2,1,0
BRDA:36,3,0,0
BRDA:36,3,1,0
BRDA:37,4,0,0
BRDA:37,4,1,0
BRDA:41,5,0,0
BRDA:41,5,1,0
BRDA:41,6,0,0
BRDA:41,6,1,0
BRDA:42,7,0,0
BRDA:42,7,1,0
BRDA:43,8,0,0
BRDA:43,8,1,0
BRDA:47,9,0,0
BRDA:47,9,1,0
BRDA:47,10,0,0
BRDA:47,10,1,0
BRDA:49,11,0,0
BRDA:49,11,1,0
BRDA:53,12,0,0
BRDA:53,12,1,0
BRDA:53,13,0,0
BRDA:53,13,1,0
BRDA:55,14,0,0
BRDA:55,14,1,0
BRDA:88,15,0,0
BRDA:88,15,1,0
BRDA:112,16,0,0
BRDA:112,16,1,0
BRDA:171,17,0,0
BRDA:171,17,1,0
BRDA:197,18,0,0
BRDA:197,18,1,0
BRDA:208,19,0,0
BRDA:208,19,1,0
BRDA:250,20,0,0
BRDA:250,20,1,0
BRDA:252,21,0,0
BRDA:252,21,1,0
BRF:44
BRH:1
end_of_record
TN:
SF:src/services/keyVaultService.js
FN:17,(anonymous_0)
FN:39,(anonymous_1)
FN:72,(anonymous_2)
FN:81,(anonymous_3)
FN:90,(anonymous_4)
FN:98,(anonymous_5)
FNF:6
FNH:6
FNDA:3,(anonymous_0)
FNDA:6,(anonymous_1)
FNDA:3,(anonymous_2)
FNDA:3,(anonymous_3)
FNDA:11,(anonymous_4)
FNDA:6,(anonymous_5)
DA:1,3
DA:2,3
DA:18,3
DA:19,3
DA:20,3
DA:21,3
DA:24,3
DA:25,0
DA:26,0
DA:27,0
DA:29,0
DA:30,0
DA:41,6
DA:42,6
DA:43,0
DA:47,6
DA:48,6
DA:52,0
DA:53,0
DA:56,0
DA:61,0
DA:63,0
DA:64,0
DA:73,3
DA:82,3
DA:83,3
DA:84,3
DA:91,11
DA:99,6
DA:100,3
DA:104,3
DA:105,3
DA:106,3
DA:116,0
DA:120,3
LF:35
LH:22
BRDA:21,0,0,3
BRDA:21,0,1,3
BRDA:24,1,0,0
BRDA:24,1,1,3
BRDA:26,2,0,0
BRDA:26,2,1,0
BRDA:42,3,0,0
BRDA:42,3,1,6
BRDA:42,4,0,6
BRDA:42,4,1,0
BRDA:47,5,0,6
BRDA:47,5,1,0
BRDA:99,6,0,3
BRDA:99,6,1,3
BRDA:100,7,0,3
BRDA:100,7,1,3
BRDA:104,8,0,3
BRDA:104,8,1,0
BRDA:108,9,0,3
BRDA:108,9,1,3
BRDA:109,10,0,3
BRDA:109,10,1,3
BRDA:110,11,0,3
BRDA:110,11,1,3
BRDA:111,12,0,3
BRDA:111,12,1,3
BRDA:112,13,0,3
BRDA:112,13,1,3
BRF:28
BRH:21
end_of_record
TN:
SF:src/services/retellEmailService.js
FN:13,createEmailTransporter
FN:32,formatTimestamp
FN:48,formatDuration
FN:61,formatCost
FN:75,createRetellEmailContent
FN:91,(anonymous_5)
FN:92,(anonymous_6)
FN:318,(anonymous_7)
FN:379,sendRetellPostCallEmail
FNF:9
FNH:0
FNDA:0,createEmailTransporter
FNDA:0,formatTimestamp
FNDA:0,formatDuration
FNDA:0,formatCost
FNDA:0,createRetellEmailContent
FNDA:0,(anonymous_5)
FNDA:0,(anonymous_6)
FNDA:0,(anonymous_7)
FNDA:0,sendRetellPostCallEmail
DA:6,0
DA:7,0
DA:8,0
DA:14,0
DA:33,0
DA:34,0
DA:49,0
DA:50,0
DA:51,0
DA:52,0
DA:53,0
DA:62,0
DA:63,0
DA:64,0
DA:65,0
DA:76,0
DA:77,0
DA:80,0
DA:81,0
DA:82,0
DA:83,0
DA:84,0
DA:85,0
DA:86,0
DA:87,0
DA:90,0
DA:91,0
DA:92,0
DA:95,0
DA:96,0
DA:97,0
DA:99,0
DA:319,0
DA:320,0
DA:330,0
DA:331,0
DA:336,0
DA:337,0
DA:349,0
DA:380,0
DA:381,0
DA:382,0
DA:385,0
DA:386,0
DA:389,0
DA:390,0
DA:391,0
DA:392,0
DA:396,0
DA:398,0
DA:399,0
DA:400,0
DA:401,0
DA:403,0
DA:407,0
DA:410,0
DA:411,0
DA:418,0
DA:427,0
DA:429,0
DA:436,0
DA:441,0
DA:447,0
DA:451,0
LF:64
LH:0
BRDA:33,0,0,0
BRDA:33,0,1,0
BRDA:49,1,0,0
BRDA:49,1,1,0
BRDA:61,2,0,0
BRDA:68,3,0,0
BRDA:68,3,1,0
BRDA:77,4,0,0
BRDA:77,4,1,0
BRDA:80,5,0,0
BRDA:80,5,1,0
BRDA:81,6,0,0
BRDA:81,6,1,0
BRDA:82,7,0,0
BRDA:82,7,1,0
BRDA:87,8,0,0
BRDA:87,8,1,0
BRDA:90,9,0,0
BRDA:90,9,1,0
BRDA:91,10,0,0
BRDA:91,10,1,0
BRDA:92,11,0,0
BRDA:92,11,1,0
BRDA:95,12,0,0
BRDA:95,12,1,0
BRDA:96,13,0,0
BRDA:96,13,1,0
BRDA:97,14,0,0
BRDA:97,14,1,0
BRDA:108,15,0,0
BRDA:108,15,1,0
BRDA:109,16,0,0
BRDA:109,16,1,0
BRDA:136,17,0,0
BRDA:136,17,1,0
BRDA:146,18,0,0
BRDA:146,18,1,0
BRDA:148,19,0,0
BRDA:148,19,1,0
BRDA:150,20,0,0
BRDA:150,20,1,0
BRDA:153,21,0,0
BRDA:153,21,1,0
BRDA:153,22,0,0
BRDA:153,22,1,0
BRDA:153,23,0,0
BRDA:153,23,1,0
BRDA:185,24,0,0
BRDA:185,24,1,0
BRDA:189,25,0,0
BRDA:189,25,1,0
BRDA:193,26,0,0
BRDA:193,26,1,0
BRDA:202,27,0,0
BRDA:202,27,1,0
BRDA:205,28,0,0
BRDA:205,28,1,0
BRDA:217,29,0,0
BRDA:217,29,1,0
BRDA:236,30,0,0
BRDA:236,30,1,0
BRDA:240,31,0,0
BRDA:240,31,1,0
BRDA:250,32,0,0
BRDA:250,32,1,0
BRDA:256,33,0,0
BRDA:256,33,1,0
BRDA:266,34,0,0
BRDA:266,34,1,0
BRDA:270,35,0,0
BRDA:270,35,1,0
BRDA:275,36,0,0
BRDA:275,36,1,0
BRDA:292,37,0,0
BRDA:292,37,1,0
BRDA:311,38,0,0
BRDA:311,38,1,0
BRDA:311,39,0,0
BRDA:311,39,1,0
BRDA:319,40,0,0
BRDA:319,40,1,0
BRDA:325,41,0,0
BRDA:325,41,1,0
BRDA:330,42,0,0
BRDA:330,42,1,0
BRDA:336,43,0,0
BRDA:336,43,1,0
BRDA:342,44,0,0
BRDA:342,44,1,0
BRDA:382,45,0,0
BRDA:382,45,1,0
BRDA:389,46,0,0
BRDA:389,46,1,0
BRDA:392,47,0,0
BRDA:392,47,1,0
BRDA:396,48,0,0
BRDA:396,48,1,0
BRDA:399,49,0,0
BRDA:399,49,1,0
BRDA:400,50,0,0
BRDA:400,50,1,0
BRDA:422,51,0,0
BRDA:422,51,1,0
BRDA:424,52,0,0
BRDA:424,52,1,0
BRF:105
BRH:0
end_of_record
TN:
SF:src/services/retellWebhookService.js
FN:13,processCallAnalysis
FN:163,extractBookingInfo
FNF:2
FNH:0
FNDA:0,processCallAnalysis
FNDA:0,extractBookingInfo
DA:6,0
DA:7,0
DA:8,0
DA:14,0
DA:16,0
DA:17,0
DA:25,0
DA:26,0
DA:27,0
DA:29,0
DA:38,0
DA:41,0
DA:44,0
DA:45,0
DA:53,0
DA:54,0
DA:55,0
DA:63,0
DA:69,0
DA:75,0
DA:84,0
DA:85,0
DA:94,0
DA:95,0
DA:96,0
DA:106,0
DA:111,0
DA:119,0
DA:134,0
DA:140,0
DA:147,0
DA:149,0
DA:155,0
DA:164,0
DA:174,0
DA:176,0
DA:177,0
DA:178,0
DA:179,0
DA:182,0
DA:189,0
DA:190,0
DA:191,0
DA:192,0
DA:197,0
DA:198,0
DA:199,0
DA:203,0
DA:204,0
DA:205,0
DA:211,0
DA:212,0
DA:213,0
DA:216,0
DA:217,0
DA:218,0
DA:219,0
DA:220,0
DA:221,0
DA:225,0
DA:229,0
DA:234,0
DA:237,0
LF:63
LH:0
BRDA:32,0,0,0
BRDA:32,0,1,0
BRDA:44,1,0,0
BRDA:44,1,1,0
BRDA:48,2,0,0
BRDA:48,2,1,0
BRDA:53,3,0,0
BRDA:53,3,1,0
BRDA:84,4,0,0
BRDA:84,4,1,0
BRDA:84,5,0,0
BRDA:84,5,1,0
BRDA:94,6,0,0
BRDA:94,6,1,0
BRDA:94,7,0,0
BRDA:94,7,1,0
BRDA:94,7,2,0
BRDA:102,8,0,0
BRDA:102,8,1,0
BRDA:123,9,0,0
BRDA:123,9,1,0
BRDA:126,10,0,0
BRDA:126,10,1,0
BRDA:126,11,0,0
BRDA:126,11,1,0
BRDA:176,12,0,0
BRDA:176,12,1,0
BRDA:178,13,0,0
BRDA:178,13,1,0
BRDA:190,14,0,0
BRDA:190,14,1,0
BRDA:198,15,0,0
BRDA:198,15,1,0
BRDA:204,16,0,0
BRDA:204,16,1,0
BRDA:211,17,0,0
BRDA:211,17,1,0
BRDA:212,18,0,0
BRDA:212,18,1,0
BRDA:212,19,0,0
BRDA:212,19,1,0
BRDA:216,20,0,0
BRDA:216,20,1,0
BRDA:217,21,0,0
BRDA:217,21,1,0
BRDA:218,22,0,0
BRDA:218,22,1,0
BRDA:219,23,0,0
BRDA:219,23,1,0
BRDA:226,24,0,0
BRDA:226,24,1,0
BRDA:226,24,2,0
BRF:52
BRH:0
end_of_record
TN:
SF:src/services/smsService.js
FN:13,getTwilioClient
FN:28,sendTextMessage
FN:96,sendCustomerMessageToBarbershop
FN:228,sendBookingConfirmation
FN:278,validatePhoneNumber
FN:289,formatPhoneNumber
FNF:6
FNH:2
FNDA:0,getTwilioClient
FNDA:0,sendTextMessage
FNDA:0,sendCustomerMessageToBarbershop
FNDA:0,sendBookingConfirmation
FNDA:11,validatePhoneNumber
FNDA:2,formatPhoneNumber
DA:6,3
DA:7,3
DA:8,3
DA:14,0
DA:15,0
DA:18,0
DA:29,0
DA:31,0
DA:32,0
DA:35,0
DA:37,0
DA:43,0
DA:49,0
DA:51,0
DA:58,0
DA:63,0
DA:71,0
DA:77,0
DA:104,0
DA:106,0
DA:107,0
DA:110,0
DA:122,0
DA:123,0
DA:126,0
DA:132,0
DA:141,0
DA:142,0
DA:148,0
DA:156,0
DA:157,0
DA:163,0
DA:164,0
DA:170,0
DA:178,0
DA:187,0
DA:193,0
DA:204,0
DA:213,0
DA:229,0
DA:231,0
DA:233,0
DA:242,0
DA:244,0
DA:251,0
DA:256,0
DA:258,0
DA:265,0
DA:280,11
DA:281,10
DA:291,2
DA:294,3
LF:52
LH:7
BRDA:14,0,0,0
BRDA:14,0,1,0
BRDA:14,1,0,0
BRDA:14,1,1,0
BRDA:28,2,0,0
BRDA:80,3,0,0
BRDA:80,3,1,0
BRDA:101,4,0,0
BRDA:102,5,0,0
BRDA:136,6,0,0
BRDA:136,6,1,0
BRDA:156,7,0,0
BRDA:156,7,1,0
BRDA:156,8,0,0
BRDA:156,8,1,0
BRDA:183,9,0,0
BRDA:183,9,1,0
BRDA:198,10,0,0
BRDA:198,10,1,0
BRDA:209,11,0,0
BRDA:209,11,1,0
BRDA:216,12,0,0
BRDA:216,12,1,0
BRDA:228,13,0,0
BRDA:235,14,0,0
BRDA:235,14,1,0
BRDA:236,15,0,0
BRDA:236,15,1,0
BRDA:237,16,0,0
BRDA:237,16,1,0
BRDA:268,17,0,0
BRDA:268,17,1,0
BRF:32
BRH:0
end_of_record
TN:
SF:src/services/webhookService.js
FN:14,verifyElevenLabsSignature
FN:52,verifySquareSignature
FN:90,processElevenLabsPostCall
FN:227,processSquarePayment
FN:307,processSquareBooking
FN:385,extractBookingInfo
FN:413,(anonymous_6)
FNF:7
FNH:7
FNDA:5,verifyElevenLabsSignature
FNDA:4,verifySquareSignature
FNDA:8,processElevenLabsPostCall
FNDA:4,processSquarePayment
FNDA:4,processSquareBooking
FNDA:7,extractBookingInfo
FNDA:10,(anonymous_6)
DA:6,4
DA:7,4
DA:8,4
DA:9,4
DA:15,5
DA:16,5
DA:17,1
DA:18,1
DA:21,4
DA:26,3
DA:28,3
DA:33,2
DA:34,0
DA:40,2
DA:42,2
DA:45,2
DA:53,4
DA:54,4
DA:55,1
DA:56,1
DA:60,3
DA:61,3
DA:63,3
DA:68,3
DA:69,3
DA:71,2
DA:72,0
DA:78,2
DA:80,1
DA:83,1
DA:91,8
DA:93,8
DA:94,8
DA:100,7
DA:103,7
DA:106,7
DA:108,7
DA:109,7
DA:116,7
DA:117,6
DA:118,6
DA:127,5
DA:133,1
DA:138,1
DA:147,7
DA:148,3
DA:157,7
DA:158,6
DA:168,7
DA:169,7
DA:170,7
DA:179,7
DA:184,0
DA:191,7
DA:201,7
DA:207,7
DA:213,7
DA:215,1
DA:220,0
DA:228,4
DA:230,4
DA:231,4
DA:236,3
DA:237,3
DA:239,3
DA:247,3
DA:249,1
DA:255,1
DA:256,1
DA:257,1
DA:258,1
DA:262,1
DA:267,1
DA:269,1
DA:276,1
DA:277,1
DA:280,1
DA:285,1
DA:288,3
DA:293,3
DA:295,1
DA:300,1
DA:308,4
DA:310,4
DA:311,4
DA:316,3
DA:317,3
DA:319,3
DA:327,3
DA:329,1
DA:335,1
DA:336,1
DA:339,1
DA:345,1
DA:347,1
DA:354,1
DA:355,1
DA:358,1
DA:363,1
DA:366,3
DA:371,3
DA:373,1
DA:378,1
DA:386,7
DA:396,7
DA:398,7
DA:399,7
DA:412,7
DA:413,10
DA:416,7
DA:417,7
DA:418,12
DA:419,6
DA:420,6
DA:425,7
DA:426,7
DA:427,1
DA:431,7
DA:432,7
DA:433,1
DA:438,7
DA:439,6
DA:440,6
DA:443,6
DA:444,5
DA:445,5
DA:446,5
DA:447,5
DA:448,5
DA:452,6
DA:456,0
DA:461,7
DA:464,4
LF:133
LH:128
BRDA:16,0,0,1
BRDA:16,0,1,4
BRDA:33,1,0,0
BRDA:33,1,1,2
BRDA:54,2,0,1
BRDA:54,2,1,3
BRDA:60,3,0,3
BRDA:60,3,1,0
BRDA:68,4,0,3
BRDA:68,4,1,2
BRDA:71,5,0,0
BRDA:71,5,1,2
BRDA:108,6,0,7
BRDA:108,6,1,0
BRDA:116,7,0,6
BRDA:116,7,1,1
BRDA:147,8,0,3
BRDA:147,8,1,4
BRDA:147,9,0,7
BRDA:147,9,1,7
BRDA:157,10,0,6
BRDA:157,10,1,1
BRDA:168,11,0,7
BRDA:168,11,1,0
BRDA:168,12,0,7
BRDA:168,12,1,7
BRDA:168,12,2,0
BRDA:174,13,0,7
BRDA:174,13,1,7
BRDA:176,14,0,7
BRDA:176,14,1,7
BRDA:237,15,0,3
BRDA:237,15,1,0
BRDA:247,16,0,1
BRDA:247,16,1,1
BRDA:247,16,2,1
BRDA:267,17,0,1
BRDA:267,17,1,0
BRDA:317,18,0,3
BRDA:317,18,1,0
BRDA:327,19,0,1
BRDA:327,19,1,1
BRDA:327,19,2,1
BRDA:345,20,0,1
BRDA:345,20,1,0
BRDA:398,21,0,7
BRDA:398,21,1,0
BRDA:418,22,0,6
BRDA:418,22,1,6
BRDA:426,23,0,1
BRDA:426,23,1,6
BRDA:432,24,0,1
BRDA:432,24,1,6
BRDA:438,25,0,6
BRDA:438,25,1,1
BRDA:439,26,0,6
BRDA:439,26,1,0
BRDA:439,27,0,6
BRDA:439,27,1,0
BRDA:443,28,0,5
BRDA:443,28,1,1
BRDA:444,29,0,5
BRDA:444,29,1,1
BRDA:445,30,0,5
BRDA:445,30,1,0
BRDA:446,31,0,5
BRDA:446,31,1,0
BRDA:453,32,0,6
BRDA:453,32,1,5
BRDA:453,32,2,5
BRF:70
BRH:55
end_of_record
TN:
SF:src/utils/config.js
FN:88,(anonymous_0)
FN:104,(anonymous_1)
FN:131,(anonymous_2)
FN:132,(anonymous_3)
FN:133,(anonymous_4)
FNF:5
FNH:4
FNDA:28,(anonymous_0)
FNDA:0,(anonymous_1)
FNDA:5,(anonymous_2)
FNDA:5,(anonymous_3)
FNDA:5,(anonymous_4)
DA:6,39
DA:8,39
DA:85,39
DA:88,39
DA:104,0
DA:128,39
DA:131,5
DA:132,5
DA:133,5
LF:9
LH:8
BRDA:6,0,0,39
BRDA:6,0,1,2
BRDA:85,1,0,39
BRDA:85,1,1,19
BRDA:92,2,0,1
BRDA:92,2,1,27
BRDA:93,3,0,1
BRDA:93,3,1,27
BRDA:94,4,0,1
BRDA:94,4,1,27
BRDA:96,5,0,1
BRDA:96,5,1,27
BRDA:100,6,0,1
BRDA:100,6,1,27
BRDA:103,7,0,0
BRDA:103,7,1,28
BRDA:116,8,0,0
BRDA:116,8,1,28
BRDA:124,9,0,28
BRDA:124,9,1,26
BRF:20
BRH:18
end_of_record
TN:
SF:src/utils/inputValidation.js
FN:8,validateStringField
FN:43,validateNumericField
FN:77,validateArrayField
FN:106,validatePagination
FN:153,sanitizeForLogs
FN:168,validateCustomerInfo
FNF:6
FNH:5
FNDA:7,validateStringField
FNDA:15,validateNumericField
FNDA:6,validateArrayField
FNDA:6,validatePagination
FNDA:7,sanitizeForLogs
FNDA:0,validateCustomerInfo
DA:9,7
DA:11,7
DA:12,0
DA:15,7
DA:16,1
DA:19,6
DA:20,1
DA:23,5
DA:25,5
DA:26,1
DA:29,4
DA:30,1
DA:33,3
DA:34,1
DA:37,2
DA:44,15
DA:46,15
DA:47,0
DA:50,15
DA:51,0
DA:54,15
DA:55,15
DA:56,1
DA:59,14
DA:60,3
DA:63,11
DA:64,3
DA:67,8
DA:68,2
DA:71,6
DA:78,6
DA:80,6
DA:81,0
DA:84,6
DA:85,1
DA:88,5
DA:89,1
DA:92,4
DA:93,1
DA:96,3
DA:97,1
DA:100,2
DA:107,6
DA:108,6
DA:111,6
DA:112,4
DA:118,4
DA:119,1
DA:121,3
DA:124,2
DA:128,6
DA:129,3
DA:134,3
DA:135,1
DA:137,2
DA:140,3
DA:143,6
DA:154,7
DA:155,3
DA:159,4
DA:169,0
DA:170,0
DA:173,0
DA:174,0
DA:180,0
DA:181,0
DA:185,0
DA:186,0
DA:192,0
DA:193,0
DA:197,0
DA:198,0
DA:204,0
DA:205,0
DA:206,0
DA:207,0
DA:211,0
DA:212,0
DA:218,0
DA:219,0
DA:223,0
DA:224,0
DA:229,0
DA:230,0
DA:234,0
DA:240,1
LF:86
LH:57
BRDA:8,0,0,4
BRDA:9,1,0,6
BRDA:9,2,0,6
BRDA:9,3,0,6
BRDA:9,4,0,7
BRDA:11,5,0,0
BRDA:11,5,1,7
BRDA:11,6,0,7
BRDA:11,6,1,6
BRDA:11,6,2,6
BRDA:15,7,0,1
BRDA:15,7,1,6
BRDA:15,8,0,7
BRDA:15,8,1,1
BRDA:15,8,2,1
BRDA:19,9,0,1
BRDA:19,9,1,5
BRDA:25,10,0,1
BRDA:25,10,1,4
BRDA:25,11,0,5
BRDA:25,11,1,5
BRDA:29,12,0,1
BRDA:29,12,1,3
BRDA:33,13,0,1
BRDA:33,13,1,2
BRDA:43,14,0,4
BRDA:44,15,0,8
BRDA:44,16,0,7
BRDA:46,17,0,0
BRDA:46,17,1,15
BRDA:46,18,0,15
BRDA:46,18,1,8
BRDA:46,18,2,8
BRDA:50,19,0,0
BRDA:50,19,1,15
BRDA:50,20,0,15
BRDA:50,20,1,7
BRDA:50,20,2,7
BRDA:55,21,0,1
BRDA:55,21,1,14
BRDA:59,22,0,3
BRDA:59,22,1,11
BRDA:59,23,0,14
BRDA:59,23,1,8
BRDA:63,24,0,3
BRDA:63,24,1,8
BRDA:63,25,0,11
BRDA:63,25,1,7
BRDA:67,26,0,2
BRDA:67,26,1,6
BRDA:67,27,0,8
BRDA:67,27,1,4
BRDA:77,28,0,3
BRDA:78,29,0,5
BRDA:78,30,0,5
BRDA:78,31,0,5
BRDA:80,32,0,0
BRDA:80,32,1,6
BRDA:80,33,0,6
BRDA:80,33,1,5
BRDA:80,33,2,5
BRDA:84,34,0,1
BRDA:84,34,1,5
BRDA:84,35,0,6
BRDA:84,35,1,1
BRDA:84,35,2,1
BRDA:88,36,0,1
BRDA:88,36,1,4
BRDA:92,37,0,1
BRDA:92,37,1,3
BRDA:96,38,0,1
BRDA:96,38,1,2
BRDA:111,39,0,4
BRDA:111,39,1,2
BRDA:118,40,0,1
BRDA:118,40,1,3
BRDA:128,41,0,3
BRDA:128,41,1,3
BRDA:134,42,0,1
BRDA:134,42,1,2
BRDA:145,43,0,4
BRDA:145,43,1,2
BRDA:146,44,0,2
BRDA:146,44,1,4
BRDA:154,45,0,3
BRDA:154,45,1,4
BRDA:170,46,0,0
BRDA:170,46,1,0
BRDA:173,47,0,0
BRDA:173,47,1,0
BRDA:180,48,0,0
BRDA:180,48,1,0
BRDA:185,49,0,0
BRDA:185,49,1,0
BRDA:192,50,0,0
BRDA:192,50,1,0
BRDA:197,51,0,0
BRDA:197,51,1,0
BRDA:204,52,0,0
BRDA:204,52,1,0
BRDA:206,53,0,0
BRDA:206,53,1,0
BRDA:206,54,0,0
BRDA:206,54,1,0
BRDA:211,55,0,0
BRDA:211,55,1,0
BRDA:218,56,0,0
BRDA:218,56,1,0
BRDA:223,57,0,0
BRDA:223,57,1,0
BRDA:229,58,0,0
BRDA:229,58,1,0
BRF:112
BRH:82
end_of_record
TN:
SF:src/utils/logger.js
FN:27,getCurrentLogLevel
FN:42,shouldLog
FN:51,createLogEntry
FN:78,(anonymous_3)
FN:120,setLogLevel
FN:130,resetLogLevel
FN:140,debug
FN:157,info
FN:174,warn
FN:191,error
FN:211,logApiStart
FN:221,logApiSuccess
FN:240,logApiError
FN:267,logRateLimit
FN:294,logPerformance
FN:308,logError
FN:318,logRequest
FN:336,logEvent
FN:347,logSecurityEvent
FNF:19
FNH:13
FNDA:33,getCurrentLogLevel
FNDA:33,shouldLog
FNDA:22,createLogEntry
FNDA:0,(anonymous_3)
FNDA:8,setLogLevel
FNDA:36,resetLogLevel
FNDA:9,debug
FNDA:12,info
FNDA:6,warn
FNDA:5,error
FNDA:2,logApiStart
FNDA:2,logApiSuccess
FNDA:2,logApiError
FNDA:2,logRateLimit
FNDA:0,logPerformance
FNDA:0,logError
FNDA:0,logRequest
FNDA:0,logEvent
FNDA:0,logSecurityEvent
DA:5,10
DA:6,10
DA:9,10
DA:12,10
DA:17,10
DA:28,33
DA:29,15
DA:30,15
DA:34,18
DA:35,18
DA:36,18
DA:43,33
DA:44,33
DA:45,33
DA:52,22
DA:55,22
DA:56,22
DA:58,22
DA:66,22
DA:72,10
DA:79,0
DA:80,0
DA:89,0
DA:96,10
DA:121,8
DA:122,8
DA:123,8
DA:131,36
DA:132,36
DA:133,36
DA:141,9
DA:143,1
DA:144,1
DA:150,1
DA:152,8
DA:153,4
DA:158,12
DA:160,1
DA:161,1
DA:167,1
DA:169,11
DA:170,9
DA:175,6
DA:177,1
DA:178,1
DA:184,1
DA:186,5
DA:187,4
DA:192,5
DA:194,1
DA:195,1
DA:201,1
DA:203,4
DA:204,4
DA:212,2
DA:213,1
DA:222,2
DA:223,2
DA:231,2
DA:232,1
DA:233,1
DA:236,1
DA:241,2
DA:242,2
DA:252,2
DA:253,1
DA:254,1
DA:258,1
DA:259,1
DA:268,2
DA:269,1
DA:270,1
DA:279,1
DA:280,1
DA:295,0
DA:296,0
DA:302,0
DA:309,0
DA:319,0
DA:320,0
DA:321,0
DA:337,0
DA:348,0
DA:358,10
DA:379,10
DA:380,10
DA:381,10
DA:382,10
DA:383,10
DA:384,10
DA:386,10
LF:91
LH:79
BRDA:28,0,0,15
BRDA:28,0,1,18
BRDA:30,1,0,15
BRDA:30,1,1,0
BRDA:34,2,0,18
BRDA:34,2,1,18
BRDA:36,3,0,18
BRDA:36,3,1,0
BRDA:51,4,0,0
BRDA:55,5,0,22
BRDA:55,5,1,21
BRDA:56,6,0,22
BRDA:56,6,1,21
BRDA:84,7,0,0
BRDA:84,7,1,0
BRDA:85,8,0,0
BRDA:85,8,1,0
BRDA:86,9,0,0
BRDA:86,9,1,0
BRDA:87,10,0,0
BRDA:87,10,1,0
BRDA:97,11,0,10
BRDA:97,11,1,0
BRDA:101,12,0,10
BRDA:101,12,1,0
BRDA:107,13,0,0
BRDA:107,13,1,10
BRDA:122,14,0,8
BRDA:122,14,1,0
BRDA:132,15,0,36
BRDA:132,15,1,0
BRDA:133,16,0,36
BRDA:133,16,1,0
BRDA:140,17,0,5
BRDA:140,18,0,8
BRDA:141,19,0,1
BRDA:141,19,1,8
BRDA:143,20,0,1
BRDA:143,20,1,0
BRDA:143,21,0,1
BRDA:143,21,1,1
BRDA:146,22,0,1
BRDA:146,22,1,0
BRDA:147,23,0,1
BRDA:147,23,1,0
BRDA:152,24,0,4
BRDA:152,24,1,4
BRDA:157,25,0,7
BRDA:157,26,0,11
BRDA:158,27,0,1
BRDA:158,27,1,11
BRDA:160,28,0,1
BRDA:160,28,1,0
BRDA:160,29,0,1
BRDA:160,29,1,1
BRDA:163,30,0,1
BRDA:163,30,1,0
BRDA:164,31,0,1
BRDA:164,31,1,0
BRDA:169,32,0,9
BRDA:169,32,1,2
BRDA:174,33,0,4
BRDA:174,34,0,5
BRDA:175,35,0,1
BRDA:175,35,1,5
BRDA:177,36,0,1
BRDA:177,36,1,0
BRDA:177,37,0,1
BRDA:177,37,1,1
BRDA:177,37,2,1
BRDA:180,38,0,1
BRDA:180,38,1,0
BRDA:181,39,0,1
BRDA:181,39,1,0
BRDA:186,40,0,4
BRDA:186,40,1,1
BRDA:191,41,0,4
BRDA:191,42,0,4
BRDA:192,43,0,1
BRDA:192,43,1,4
BRDA:194,44,0,1
BRDA:194,44,1,0
BRDA:194,45,0,1
BRDA:194,45,1,1
BRDA:194,45,2,1
BRDA:197,46,0,1
BRDA:197,46,1,0
BRDA:198,47,0,1
BRDA:198,47,1,0
BRDA:203,48,0,4
BRDA:203,48,1,0
BRDA:211,49,0,0
BRDA:212,50,0,1
BRDA:212,50,1,1
BRDA:221,51,0,0
BRDA:221,52,0,1
BRDA:231,53,0,1
BRDA:231,53,1,1
BRDA:232,54,0,1
BRDA:232,54,1,0
BRDA:232,55,0,1
BRDA:232,55,1,1
BRDA:240,56,0,0
BRDA:240,57,0,1
BRDA:252,58,0,1
BRDA:252,58,1,1
BRDA:253,59,0,1
BRDA:253,59,1,0
BRDA:253,60,0,1
BRDA:253,60,1,1
BRDA:253,60,2,1
BRDA:258,61,0,1
BRDA:258,61,1,0
BRDA:267,62,0,0
BRDA:268,63,0,1
BRDA:268,63,1,1
BRDA:269,64,0,1
BRDA:269,64,1,0
BRDA:279,65,0,1
BRDA:279,65,1,0
BRDA:294,66,0,0
BRDA:308,67,0,0
BRDA:320,68,0,0
BRDA:320,68,1,0
BRDA:336,69,0,0
BRDA:336,70,0,0
BRDA:347,71,0,0
BRDA:347,72,0,0
BRF:128
BRH:81
end_of_record
TN:
SF:src/utils/responseBuilder.js
FN:15,createSuccessResponse
FN:46,createErrorResponse
FN:78,createValidationErrorResponse
FN:89,createRateLimitResponse
FN:104,createInternalErrorResponse
FN:114,createMethodNotAllowedResponse
FN:126,createNotFoundResponse
FN:143,sendSuccess
FN:158,(anonymous_8)
FN:173,sendError
FN:192,(anonymous_10)
FN:206,sendNotFound
FN:218,sendValidationError
FNF:13
FNH:10
FNDA:5,createSuccessResponse
FNDA:20,createErrorResponse
FNDA:3,createValidationErrorResponse
FNDA:3,createRateLimitResponse
FNDA:3,createInternalErrorResponse
FNDA:3,createMethodNotAllowedResponse
FNDA:3,createNotFoundResponse
FNDA:0,sendSuccess
FNDA:0,(anonymous_8)
FNDA:5,sendError
FNDA:35,(anonymous_10)
FNDA:0,sendNotFound
FNDA:5,sendValidationError
DA:1,6
DA:16,5
DA:22,5
DA:23,1
DA:26,5
DA:47,20
DA:53,20
DA:54,6
DA:57,20
DA:65,20
DA:79,3
DA:90,3
DA:105,3
DA:115,3
DA:127,3
DA:144,0
DA:151,0
DA:152,0
DA:153,0
DA:157,0
DA:158,0
DA:159,0
DA:162,0
DA:174,5
DA:181,5
DA:182,5
DA:185,5
DA:186,0
DA:187,0
DA:191,5
DA:192,5
DA:193,35
DA:196,5
DA:207,0
DA:208,0
DA:219,5
DA:222,6
LF:37
LH:25
BRDA:15,0,0,2
BRDA:15,1,0,3
BRDA:15,2,0,4
BRDA:22,3,0,1
BRDA:22,3,1,4
BRDA:32,4,0,5
BRDA:32,4,1,1
BRDA:46,5,0,1
BRDA:46,6,0,3
BRDA:46,7,0,13
BRDA:53,8,0,6
BRDA:53,8,1,14
BRDA:61,9,0,20
BRDA:61,9,1,8
BRDA:62,10,0,20
BRDA:62,10,1,6
BRDA:78,11,0,2
BRDA:79,12,0,1
BRDA:79,12,1,2
BRDA:89,13,0,1
BRDA:89,14,0,2
BRDA:104,15,0,1
BRDA:104,16,0,2
BRDA:114,17,0,1
BRDA:114,18,0,2
BRDA:126,19,0,1
BRDA:126,20,0,2
BRDA:143,21,0,0
BRDA:143,22,0,0
BRDA:143,23,0,0
BRDA:151,24,0,0
BRDA:151,24,1,0
BRDA:173,25,0,0
BRDA:173,26,0,0
BRDA:173,27,0,0
BRDA:173,28,0,0
BRDA:181,29,0,5
BRDA:181,29,1,0
BRDA:185,30,0,0
BRDA:185,30,1,5
BRDA:206,31,0,0
BRDA:206,32,0,0
BRDA:206,33,0,0
BRDA:207,34,0,0
BRDA:207,34,1,0
BRDA:218,35,0,5
BRDA:218,36,0,5
BRDA:219,37,0,5
BRDA:219,37,1,0
BRF:49
BRH:32
end_of_record
TN:
SF:src/utils/security.js
FN:13,clearRateLimitStore
FN:20,rateLimit
FN:83,getSecurityHeaders
FN:114,handleCORSPreflight
FN:145,sanitizeQueryParams
FN:173,sanitizePhoneNumber
FN:199,sanitizeInput
FN:219,(anonymous_7)
FN:234,generateCorrelationId
FNF:9
FNH:8
FNDA:38,clearRateLimitStore
FNDA:10367,rateLimit
FNDA:8,getSecurityHeaders
FNDA:0,handleCORSPreflight
FNDA:8,sanitizeQueryParams
FNDA:20,sanitizePhoneNumber
FNDA:26,sanitizeInput
FNDA:236,(anonymous_7)
FNDA:107,generateCorrelationId
DA:2,9
DA:3,9
DA:6,9
DA:7,9
DA:8,9
DA:14,38
DA:23,10367
DA:25,10367
DA:26,10367
DA:29,10367
DA:31,1
DA:32,10001
DA:33,0
DA:38,10367
DA:40,10367
DA:42,10015
DA:47,10015
DA:51,352
DA:53,1
DA:58,1
DA:62,351
DA:63,2
DA:64,2
DA:73,349
DA:74,349
DA:75,349
DA:77,349
DA:84,8
DA:95,8
DA:97,0
DA:99,0
DA:100,0
DA:101,0
DA:102,0
DA:103,0
DA:104,0
DA:108,8
DA:115,0
DA:116,0
DA:119,0
DA:121,0
DA:122,0
DA:134,0
DA:146,8
DA:148,8
DA:149,23
DA:150,17
DA:153,17
DA:156,17
DA:159,17
DA:161,17
DA:163,6
DA:167,8
DA:174,20
DA:175,7
DA:179,13
DA:182,13
DA:185,13
DA:188,13
DA:191,13
DA:193,13
DA:200,26
DA:201,9
DA:205,17
DA:208,17
DA:210,2
DA:213,15
DA:217,17
DA:220,236
DA:221,236
DA:226,17
DA:228,17
DA:235,107
DA:238,9
LF:74
LH:60
BRDA:23,0,0,10367
BRDA:23,0,1,3
BRDA:23,0,2,2
BRDA:23,0,3,1
BRDA:29,1,0,1
BRDA:29,1,1,10366
BRDA:32,2,0,0
BRDA:32,2,1,10001
BRDA:40,3,0,10015
BRDA:40,3,1,352
BRDA:51,4,0,1
BRDA:51,4,1,351
BRDA:62,5,0,2
BRDA:62,5,1,349
BRDA:83,6,0,8
BRDA:95,7,0,0
BRDA:95,7,1,8
BRDA:97,8,0,0
BRDA:97,8,1,0
BRDA:97,8,2,0
BRDA:99,9,0,0
BRDA:99,9,1,0
BRDA:100,10,0,0
BRDA:100,10,1,0
BRDA:115,11,0,0
BRDA:115,11,1,0
BRDA:119,12,0,0
BRDA:119,12,1,0
BRDA:119,12,2,0
BRDA:121,13,0,0
BRDA:121,13,1,0
BRDA:149,14,0,17
BRDA:149,14,1,6
BRDA:174,15,0,7
BRDA:174,15,1,13
BRDA:200,16,0,9
BRDA:200,16,1,17
BRDA:208,17,0,2
BRDA:208,17,1,15
BRDA:221,18,0,236
BRDA:221,18,1,225
BRF:41
BRH:25
end_of_record
TN:
SF:src/utils/squareUtils.js
FN:21,createSquareClient
FN:34,getTenantCache
FN:47,setTenantCache
FN:57,fmtLocal
FN:72,validateEnvironment
FN:97,loadServiceVariations
FN:139,(anonymous_6)
FN:140,(anonymous_7)
FN:146,(anonymous_8)
FN:186,loadStaffMembers
FN:221,(anonymous_10)
FN:251,loadBarbers
FN:258,validateServiceVariationId
FN:287,(anonymous_13)
FN:287,(anonymous_14)
FN:306,validateStaffMemberId
FN:351,(anonymous_16)
FN:365,validateBarberId
FN:375,validateDaysAhead
FN:409,formatPhoneNumber
FN:456,validatePhoneNumberFormat
FN:492,validatePhoneNumber
FN:505,sanitizeCustomerData
FN:523,validateEmailAddress
FN:553,createCustomer
FN:671,updateCustomer
FN:756,(anonymous_26)
FN:820,searchCustomerByPhone
FNF:28
FNH:11
FNDA:0,createSquareClient
FNDA:0,getTenantCache
FNDA:0,setTenantCache
FNDA:6,fmtLocal
FNDA:7,validateEnvironment
FNDA:0,loadServiceVariations
FNDA:0,(anonymous_6)
FNDA:0,(anonymous_7)
FNDA:0,(anonymous_8)
FNDA:0,loadStaffMembers
FNDA:0,(anonymous_10)
FNDA:0,loadBarbers
FNDA:17,validateServiceVariationId
FNDA:0,(anonymous_13)
FNDA:0,(anonymous_14)
FNDA:9,validateStaffMemberId
FNDA:0,(anonymous_16)
FNDA:9,validateBarberId
FNDA:22,validateDaysAhead
FNDA:36,formatPhoneNumber
FNDA:25,validatePhoneNumberFormat
FNDA:23,validatePhoneNumber
FNDA:3,sanitizeCustomerData
FNDA:11,validateEmailAddress
FNDA:0,createCustomer
FNDA:0,updateCustomer
FNDA:0,(anonymous_26)
FNDA:0,searchCustomerByPhone
DA:2,17
DA:3,17
DA:4,17
DA:7,17
DA:8,17
DA:12,17
DA:13,17
DA:22,0
DA:35,0
DA:36,0
DA:38,0
DA:48,0
DA:58,6
DA:73,7
DA:74,5
DA:78,2
DA:82,0
DA:86,2
DA:87,0
DA:98,0
DA:99,0
DA:102,0
DA:105,0
DA:106,0
DA:107,0
DA:110,0
DA:112,0
DA:114,0
DA:116,0
DA:118,0
DA:119,0
DA:120,0
DA:122,0
DA:124,0
DA:129,0
DA:131,0
DA:132,0
DA:135,0
DA:138,0
DA:139,0
DA:140,0
DA:146,0
DA:156,0
DA:158,0
DA:159,0
DA:160,0
DA:162,0
DA:163,0
DA:164,0
DA:165,0
DA:168,0
DA:169,0
DA:170,0
DA:171,0
DA:172,0
DA:173,0
DA:176,0
DA:187,0
DA:188,0
DA:191,0
DA:194,0
DA:195,0
DA:196,0
DA:199,0
DA:201,0
DA:203,0
DA:205,0
DA:206,0
DA:210,0
DA:212,0
DA:217,0
DA:221,0
DA:233,0
DA:235,0
DA:236,0
DA:237,0
DA:239,0
DA:240,0
DA:241,0
DA:242,0
DA:243,0
DA:252,0
DA:253,0
DA:260,17
DA:261,9
DA:265,8
DA:266,1
DA:270,7
DA:271,2
DA:275,5
DA:276,1
DA:280,4
DA:281,3
DA:285,1
DA:286,0
DA:287,0
DA:290,0
DA:291,0
DA:295,1
DA:308,9
DA:309,2
DA:312,7
DA:313,0
DA:317,7
DA:318,1
DA:322,6
DA:323,1
DA:327,5
DA:328,0
DA:332,5
DA:333,4
DA:338,1
DA:339,1
DA:340,0
DA:341,0
DA:342,0
DA:344,0
DA:346,0
DA:350,1
DA:351,0
DA:353,0
DA:354,0
DA:358,1
DA:367,9
DA:372,9
DA:377,22
DA:378,3
DA:380,19
DA:381,0
DA:385,19
DA:387,19
DA:388,1
DA:391,18
DA:392,6
DA:396,12
DA:397,12
DA:398,5
DA:400,7
DA:410,36
DA:411,4
DA:415,32
DA:418,32
DA:420,32
DA:422,16
DA:423,16
DA:425,9
DA:426,7
DA:428,0
DA:429,7
DA:431,0
DA:433,7
DA:441,25
DA:442,25
DA:443,3
DA:446,22
DA:457,25
DA:459,25
DA:460,0
DA:461,0
DA:465,25
DA:468,25
DA:469,0
DA:473,25
DA:474,0
DA:478,25
DA:479,25
DA:480,3
DA:483,25
DA:494,23
DA:495,23
DA:496,10
DA:498,13
DA:506,3
DA:524,11
DA:525,0
DA:528,11
DA:529,0
DA:533,11
DA:534,11
DA:535,5
DA:539,6
DA:540,0
DA:543,6
DA:554,0
DA:556,0
DA:558,0
DA:561,0
DA:562,0
DA:566,0
DA:567,0
DA:571,0
DA:572,0
DA:573,0
DA:574,0
DA:579,0
DA:580,0
DA:581,0
DA:582,0
DA:583,0
DA:585,0
DA:589,0
DA:592,0
DA:595,0
DA:596,0
DA:598,0
DA:599,0
DA:601,0
DA:602,0
DA:604,0
DA:605,0
DA:610,0
DA:611,0
DA:612,0
DA:616,0
DA:619,0
DA:621,0
DA:622,0
DA:623,0
DA:625,0
DA:633,0
DA:634,0
DA:635,0
DA:638,0
DA:641,0
DA:643,0
DA:644,0
DA:646,0
DA:648,0
DA:649,0
DA:650,0
DA:651,0
DA:652,0
DA:653,0
DA:654,0
DA:655,0
DA:658,0
DA:672,0
DA:674,0
DA:676,0
DA:677,0
DA:681,0
DA:685,0
DA:692,0
DA:693,0
DA:697,0
DA:698,0
DA:701,0
DA:702,0
DA:703,0
DA:709,0
DA:710,0
DA:711,0
DA:713,0
DA:715,0
DA:716,0
DA:717,0
DA:719,0
DA:724,0
DA:730,0
DA:731,0
DA:734,0
DA:735,0
DA:738,0
DA:739,0
DA:742,0
DA:743,0
DA:746,0
DA:747,0
DA:750,0
DA:751,0
DA:754,0
DA:756,0
DA:760,0
DA:762,0
DA:763,0
DA:764,0
DA:766,0
DA:775,0
DA:776,0
DA:777,0
DA:782,0
DA:785,0
DA:787,0
DA:789,0
DA:790,0
DA:792,0
DA:794,0
DA:795,0
DA:796,0
DA:797,0
DA:798,0
DA:799,0
DA:800,0
DA:801,0
DA:804,0
DA:805,0
DA:808,0
DA:821,0
DA:823,0
DA:825,0
DA:826,0
DA:827,0
DA:830,0
DA:831,0
DA:833,0
DA:836,0
DA:839,0
DA:842,0
DA:843,0
DA:852,0
DA:854,0
DA:861,0
DA:862,0
DA:863,0
DA:868,0
DA:869,0
DA:876,0
DA:879,0
DA:882,0
DA:883,0
DA:885,0
DA:886,0
DA:895,0
DA:897,0
DA:902,0
DA:905,0
DA:907,0
DA:910,0
DA:911,0
DA:914,0
DA:917,0
DA:921,0
DA:931,0
DA:932,0
DA:937,0
DA:938,0
DA:946,0
DA:951,0
DA:955,0
DA:957,0
DA:958,0
DA:964,0
DA:966,0
DA:967,0
DA:969,0
DA:971,0
DA:972,0
DA:973,0
DA:974,0
DA:975,0
DA:976,0
DA:977,0
DA:978,0
DA:981,0
DA:985,17
LF:355
LH:89
BRDA:21,0,0,0
BRDA:24,1,0,0
BRDA:24,1,1,0
BRDA:35,2,0,0
BRDA:35,2,1,0
BRDA:57,3,0,6
BRDA:73,4,0,5
BRDA:73,4,1,2
BRDA:73,5,0,7
BRDA:73,5,1,4
BRDA:78,6,0,0
BRDA:78,6,1,2
BRDA:79,7,0,2
BRDA:79,7,1,2
BRDA:86,8,0,0
BRDA:86,8,1,2
BRDA:105,9,0,0
BRDA:105,9,1,0
BRDA:105,10,0,0
BRDA:105,10,1,0
BRDA:125,11,0,0
BRDA:125,11,1,0
BRDA:129,12,0,0
BRDA:129,12,1,0
BRDA:131,13,0,0
BRDA:131,13,1,0
BRDA:139,14,0,0
BRDA:139,14,1,0
BRDA:143,15,0,0
BRDA:143,15,1,0
BRDA:144,16,0,0
BRDA:144,16,1,0
BRDA:146,17,0,0
BRDA:146,17,1,0
BRDA:152,18,0,0
BRDA:152,18,1,0
BRDA:168,19,0,0
BRDA:168,19,1,0
BRDA:168,20,0,0
BRDA:168,20,1,0
BRDA:168,20,2,0
BRDA:170,21,0,0
BRDA:170,21,1,0
BRDA:172,22,0,0
BRDA:172,22,1,0
BRDA:194,23,0,0
BRDA:194,23,1,0
BRDA:194,24,0,0
BRDA:194,24,1,0
BRDA:213,25,0,0
BRDA:213,25,1,0
BRDA:217,26,0,0
BRDA:217,26,1,0
BRDA:221,27,0,0
BRDA:221,27,1,0
BRDA:228,28,0,0
BRDA:228,28,1,0
BRDA:230,29,0,0
BRDA:230,29,1,0
BRDA:258,30,0,17
BRDA:260,31,0,9
BRDA:260,31,1,8
BRDA:260,32,0,17
BRDA:260,32,1,11
BRDA:265,33,0,1
BRDA:265,33,1,7
BRDA:270,34,0,2
BRDA:270,34,1,5
BRDA:275,35,0,1
BRDA:275,35,1,4
BRDA:280,36,0,3
BRDA:280,36,1,1
BRDA:285,37,0,0
BRDA:285,37,1,1
BRDA:285,38,0,1
BRDA:285,38,1,0
BRDA:287,39,0,0
BRDA:287,39,1,0
BRDA:290,40,0,0
BRDA:290,40,1,0
BRDA:306,41,0,0
BRDA:308,42,0,2
BRDA:308,42,1,7
BRDA:308,43,0,9
BRDA:308,43,1,8
BRDA:312,44,0,0
BRDA:312,44,1,7
BRDA:317,45,0,1
BRDA:317,45,1,6
BRDA:322,46,0,1
BRDA:322,46,1,5
BRDA:327,47,0,0
BRDA:327,47,1,5
BRDA:332,48,0,4
BRDA:332,48,1,1
BRDA:339,49,0,0
BRDA:339,49,1,1
BRDA:339,50,0,1
BRDA:339,50,1,1
BRDA:339,50,2,0
BRDA:350,51,0,0
BRDA:350,51,1,1
BRDA:350,52,0,1
BRDA:350,52,1,0
BRDA:353,53,0,0
BRDA:353,53,1,0
BRDA:365,54,0,9
BRDA:377,55,0,3
BRDA:377,55,1,19
BRDA:377,56,0,22
BRDA:377,56,1,21
BRDA:377,56,2,20
BRDA:380,57,0,0
BRDA:380,57,1,19
BRDA:380,58,0,19
BRDA:380,58,1,0
BRDA:385,59,0,19
BRDA:385,59,1,0
BRDA:387,60,0,1
BRDA:387,60,1,18
BRDA:391,61,0,6
BRDA:391,61,1,12
BRDA:397,62,0,5
BRDA:397,62,1,7
BRDA:397,63,0,12
BRDA:397,63,1,12
BRDA:397,63,2,10
BRDA:410,64,0,4
BRDA:410,64,1,32
BRDA:410,65,0,36
BRDA:410,65,1,32
BRDA:420,66,0,16
BRDA:420,66,1,16
BRDA:423,67,0,9
BRDA:423,67,1,7
BRDA:423,68,0,16
BRDA:423,68,1,9
BRDA:426,69,0,0
BRDA:426,69,1,7
BRDA:426,70,0,7
BRDA:426,70,1,0
BRDA:429,71,0,0
BRDA:429,71,1,7
BRDA:429,72,0,7
BRDA:429,72,1,0
BRDA:429,72,2,0
BRDA:442,73,0,3
BRDA:442,73,1,22
BRDA:459,74,0,0
BRDA:459,74,1,25
BRDA:459,75,0,25
BRDA:459,75,1,25
BRDA:468,76,0,0
BRDA:468,76,1,25
BRDA:473,77,0,0
BRDA:473,77,1,25
BRDA:479,78,0,3
BRDA:479,78,1,22
BRDA:485,79,0,3
BRDA:485,79,1,22
BRDA:495,80,0,10
BRDA:495,80,1,13
BRDA:524,81,0,0
BRDA:524,81,1,11
BRDA:528,82,0,0
BRDA:528,82,1,11
BRDA:534,83,0,5
BRDA:534,83,1,6
BRDA:539,84,0,0
BRDA:539,84,1,6
BRDA:561,85,0,0
BRDA:561,85,1,0
BRDA:566,86,0,0
BRDA:566,86,1,0
BRDA:566,87,0,0
BRDA:566,87,1,0
BRDA:566,87,2,0
BRDA:571,88,0,0
BRDA:571,88,1,0
BRDA:573,89,0,0
BRDA:573,89,1,0
BRDA:580,90,0,0
BRDA:580,90,1,0
BRDA:582,91,0,0
BRDA:582,91,1,0
BRDA:595,92,0,0
BRDA:595,92,1,0
BRDA:595,93,0,0
BRDA:595,93,1,0
BRDA:598,94,0,0
BRDA:598,94,1,0
BRDA:598,95,0,0
BRDA:598,95,1,0
BRDA:601,96,0,0
BRDA:601,96,1,0
BRDA:601,97,0,0
BRDA:601,97,1,0
BRDA:604,98,0,0
BRDA:604,98,1,0
BRDA:610,99,0,0
BRDA:610,99,1,0
BRDA:610,99,2,0
BRDA:610,99,3,0
BRDA:611,100,0,0
BRDA:611,100,1,0
BRDA:626,101,0,0
BRDA:626,101,1,0
BRDA:633,102,0,0
BRDA:633,102,1,0
BRDA:633,102,2,0
BRDA:634,103,0,0
BRDA:634,103,1,0
BRDA:634,104,0,0
BRDA:634,104,1,0
BRDA:648,105,0,0
BRDA:648,105,1,0
BRDA:650,106,0,0
BRDA:650,106,1,0
BRDA:652,107,0,0
BRDA:652,107,1,0
BRDA:654,108,0,0
BRDA:654,108,1,0
BRDA:676,109,0,0
BRDA:676,109,1,0
BRDA:676,110,0,0
BRDA:676,110,1,0
BRDA:685,111,0,0
BRDA:685,111,1,0
BRDA:685,111,2,0
BRDA:685,111,3,0
BRDA:685,111,4,0
BRDA:685,111,5,0
BRDA:692,112,0,0
BRDA:692,112,1,0
BRDA:697,113,0,0
BRDA:697,113,1,0
BRDA:697,114,0,0
BRDA:697,114,1,0
BRDA:698,115,0,0
BRDA:698,115,1,0
BRDA:702,116,0,0
BRDA:702,116,1,0
BRDA:710,117,0,0
BRDA:710,117,1,0
BRDA:710,118,0,0
BRDA:710,118,1,0
BRDA:711,119,0,0
BRDA:711,119,1,0
BRDA:716,120,0,0
BRDA:716,120,1,0
BRDA:730,121,0,0
BRDA:730,121,1,0
BRDA:730,122,0,0
BRDA:730,122,1,0
BRDA:730,122,2,0
BRDA:734,123,0,0
BRDA:734,123,1,0
BRDA:734,124,0,0
BRDA:734,124,1,0
BRDA:734,124,2,0
BRDA:738,125,0,0
BRDA:738,125,1,0
BRDA:738,126,0,0
BRDA:738,126,1,0
BRDA:738,126,2,0
BRDA:742,127,0,0
BRDA:742,127,1,0
BRDA:742,128,0,0
BRDA:742,128,1,0
BRDA:742,128,2,0
BRDA:746,129,0,0
BRDA:746,129,1,0
BRDA:746,130,0,0
BRDA:746,130,1,0
BRDA:746,130,2,0
BRDA:750,131,0,0
BRDA:750,131,1,0
BRDA:751,132,0,0
BRDA:751,132,1,0
BRDA:775,133,0,0
BRDA:775,133,1,0
BRDA:776,134,0,0
BRDA:776,134,1,0
BRDA:794,135,0,0
BRDA:794,135,1,0
BRDA:796,136,0,0
BRDA:796,136,1,0
BRDA:798,137,0,0
BRDA:798,137,1,0
BRDA:800,138,0,0
BRDA:800,138,1,0
BRDA:804,139,0,0
BRDA:804,139,1,0
BRDA:826,140,0,0
BRDA:826,140,1,0
BRDA:831,141,0,0
BRDA:831,141,1,0
BRDA:856,142,0,0
BRDA:856,142,1,0
BRDA:861,143,0,0
BRDA:861,143,1,0
BRDA:861,144,0,0
BRDA:861,144,1,0
BRDA:864,145,0,0
BRDA:864,145,1,0
BRDA:865,146,0,0
BRDA:865,146,1,0
BRDA:879,147,0,0
BRDA:879,147,1,0
BRDA:899,148,0,0
BRDA:899,148,1,0
BRDA:902,149,0,0
BRDA:902,149,1,0
BRDA:905,150,0,0
BRDA:905,150,1,0
BRDA:905,151,0,0
BRDA:905,151,1,0
BRDA:911,152,0,0
BRDA:911,152,1,0
BRDA:921,153,0,0
BRDA:921,153,1,0
BRDA:921,153,2,0
BRDA:921,153,3,0
BRDA:921,153,4,0
BRDA:921,153,5,0
BRDA:921,153,6,0
BRDA:921,153,7,0
BRDA:921,153,8,0
BRDA:931,154,0,0
BRDA:931,154,1,0
BRDA:931,155,0,0
BRDA:931,155,1,0
BRDA:933,156,0,0
BRDA:933,156,1,0
BRDA:934,157,0,0
BRDA:934,157,1,0
BRDA:971,158,0,0
BRDA:971,158,1,0
BRDA:973,159,0,0
BRDA:973,159,1,0
BRDA:975,160,0,0
BRDA:975,160,1,0
BRDA:977,161,0,0
BRDA:977,161,1,0
BRF:344
BRH:91
end_of_record
TN:
SF:src/utils/telemetry.js
FN:25,trackEvent
FN:41,trackMetric
FN:57,trackException
FN:72,trackDependency
FN:93,logPerformance
FN:119,logCacheHit
FN:134,logApiCall
FNF:7
FNH:7
FNDA:15,trackEvent
FNDA:24,trackMetric
FNDA:6,trackException
FNDA:8,trackDependency
FNDA:7,logPerformance
FNDA:5,logCacheHit
FNDA:8,logApiCall
DA:2,19
DA:5,19
DA:6,0
DA:20,19
DA:26,15
DA:27,15
DA:42,24
DA:43,24
DA:58,6
DA:59,6
DA:73,8
DA:74,8
DA:94,7
DA:95,7
DA:103,7
DA:104,6
DA:107,1
DA:111,7
DA:113,7
DA:114,2
DA:115,2
DA:120,5
DA:126,5
DA:127,4
DA:129,1
DA:131,5
DA:135,8
DA:142,8
DA:143,5
DA:144,5
DA:147,8
DA:148,7
DA:150,1
DA:154,8
DA:155,8
DA:158,19
LF:36
LH:35
BRDA:5,0,0,0
BRDA:5,0,1,19
BRDA:25,1,0,3
BRDA:25,2,0,14
BRDA:26,3,0,15
BRDA:26,3,1,0
BRDA:41,4,0,3
BRDA:42,5,0,24
BRDA:42,5,1,0
BRDA:57,6,0,4
BRDA:58,7,0,6
BRDA:58,7,1,0
BRDA:72,8,0,2
BRDA:73,9,0,8
BRDA:73,9,1,0
BRDA:79,10,0,5
BRDA:79,10,1,3
BRDA:93,11,0,4
BRDA:103,12,0,6
BRDA:103,12,1,1
BRDA:103,13,0,7
BRDA:103,13,1,6
BRDA:113,14,0,2
BRDA:113,14,1,5
BRDA:119,15,0,1
BRDA:126,16,0,4
BRDA:126,16,1,1
BRDA:126,17,0,5
BRDA:126,17,1,4
BRDA:127,18,0,2
BRDA:127,18,1,2
BRDA:129,19,0,1
BRDA:129,19,1,0
BRDA:131,20,0,3
BRDA:131,20,1,2
BRDA:134,21,0,3
BRDA:134,22,0,3
BRDA:134,23,0,5
BRDA:142,24,0,5
BRDA:142,24,1,3
BRDA:147,25,0,7
BRDA:147,25,1,1
BRDA:147,26,0,8
BRDA:147,26,1,7
BRF:44
BRH:38
end_of_record
TN:
SF:src/utils/validation.js
FN:9,validateStringField
FN:48,validateNumericField
FN:82,validateArrayField
FN:111,validateEmailAddress
FN:139,validatePhoneNumber
FN:184,validateSquareId
FN:219,validateDaysAhead
FN:252,validatePagination
FN:302,formatPhoneNumber
FN:311,sanitizeForLogs
FNF:10
FNH:10
FNDA:6,validateStringField
FNDA:8,validateNumericField
FNDA:3,validateArrayField
FNDA:5,validateEmailAddress
FNDA:5,validatePhoneNumber
FNDA:4,validateSquareId
FNDA:4,validateDaysAhead
FNDA:3,validatePagination
FNDA:4,formatPhoneNumber
FNDA:5,sanitizeForLogs
DA:10,6
DA:12,6
DA:13,0
DA:16,6
DA:17,1
DA:20,5
DA:21,0
DA:24,5
DA:26,5
DA:27,1
DA:30,4
DA:31,0
DA:34,4
DA:35,0
DA:38,4
DA:39,1
DA:42,3
DA:49,8
DA:51,8
DA:52,0
DA:55,8
DA:56,0
DA:59,8
DA:60,8
DA:61,0
DA:64,8
DA:65,1
DA:68,7
DA:69,1
DA:72,6
DA:73,1
DA:76,5
DA:83,3
DA:85,3
DA:86,0
DA:89,3
DA:90,0
DA:93,3
DA:94,1
DA:97,2
DA:98,1
DA:101,1
DA:102,0
DA:105,1
DA:112,5
DA:113,1
DA:116,4
DA:117,0
DA:120,4
DA:123,4
DA:124,4
DA:125,1
DA:129,3
DA:130,1
DA:133,2
DA:140,5
DA:142,5
DA:143,1
DA:144,0
DA:146,1
DA:149,4
DA:150,1
DA:151,1
DA:155,3
DA:158,3
DA:159,1
DA:163,3
DA:164,0
DA:168,3
DA:169,3
DA:170,3
DA:171,1
DA:174,3
DA:185,4
DA:187,4
DA:188,1
DA:189,1
DA:191,0
DA:194,3
DA:195,0
DA:198,3
DA:200,3
DA:201,1
DA:204,2
DA:205,0
DA:209,2
DA:210,1
DA:213,1
DA:221,4
DA:222,2
DA:225,2
DA:226,0
DA:230,2
DA:232,2
DA:233,0
DA:236,2
DA:237,0
DA:241,2
DA:242,2
DA:243,1
DA:246,1
DA:253,3
DA:254,3
DA:257,3
DA:258,2
DA:264,2
DA:265,1
DA:267,1
DA:270,1
DA:274,3
DA:275,1
DA:280,1
DA:281,1
DA:283,0
DA:286,2
DA:289,3
DA:296,1
DA:303,4
DA:305,4
DA:312,5
DA:313,1
DA:316,4
DA:323,1
LF:123
LH:103
BRDA:9,0,0,3
BRDA:10,1,0,6
BRDA:10,2,0,6
BRDA:10,3,0,5
BRDA:10,4,0,6
BRDA:10,5,0,4
BRDA:12,6,0,0
BRDA:12,6,1,6
BRDA:12,7,0,6
BRDA:12,7,1,5
BRDA:12,7,2,5
BRDA:16,8,0,1
BRDA:16,8,1,5
BRDA:16,9,0,6
BRDA:16,9,1,1
BRDA:16,9,2,1
BRDA:20,10,0,0
BRDA:20,10,1,5
BRDA:26,11,0,1
BRDA:26,11,1,4
BRDA:26,12,0,5
BRDA:26,12,1,5
BRDA:30,13,0,0
BRDA:30,13,1,4
BRDA:34,14,0,0
BRDA:34,14,1,4
BRDA:38,15,0,1
BRDA:38,15,1,3
BRDA:38,16,0,4
BRDA:38,16,1,2
BRDA:48,17,0,2
BRDA:49,18,0,5
BRDA:49,19,0,4
BRDA:51,20,0,0
BRDA:51,20,1,8
BRDA:51,21,0,8
BRDA:51,21,1,5
BRDA:51,21,2,5
BRDA:55,22,0,0
BRDA:55,22,1,8
BRDA:55,23,0,8
BRDA:55,23,1,3
BRDA:55,23,2,3
BRDA:60,24,0,0
BRDA:60,24,1,8
BRDA:64,25,0,1
BRDA:64,25,1,7
BRDA:64,26,0,8
BRDA:64,26,1,4
BRDA:68,27,0,1
BRDA:68,27,1,6
BRDA:68,28,0,7
BRDA:68,28,1,5
BRDA:72,29,0,1
BRDA:72,29,1,5
BRDA:72,30,0,6
BRDA:72,30,1,3
BRDA:82,31,0,2
BRDA:83,32,0,2
BRDA:83,33,0,3
BRDA:83,34,0,3
BRDA:85,35,0,0
BRDA:85,35,1,3
BRDA:85,36,0,3
BRDA:85,36,1,3
BRDA:85,36,2,3
BRDA:89,37,0,0
BRDA:89,37,1,3
BRDA:89,38,0,3
BRDA:89,38,1,0
BRDA:89,38,2,0
BRDA:93,39,0,1
BRDA:93,39,1,2
BRDA:97,40,0,1
BRDA:97,40,1,1
BRDA:101,41,0,0
BRDA:101,41,1,1
BRDA:111,42,0,4
BRDA:112,43,0,1
BRDA:112,43,1,4
BRDA:113,44,0,0
BRDA:113,44,1,1
BRDA:116,45,0,0
BRDA:116,45,1,4
BRDA:124,46,0,1
BRDA:124,46,1,3
BRDA:129,47,0,1
BRDA:129,47,1,2
BRDA:139,48,0,4
BRDA:142,49,0,1
BRDA:142,49,1,4
BRDA:142,50,0,5
BRDA:142,50,1,4
BRDA:143,51,0,0
BRDA:143,51,1,1
BRDA:146,52,0,0
BRDA:146,52,1,1
BRDA:149,53,0,1
BRDA:149,53,1,3
BRDA:158,54,0,1
BRDA:158,54,1,2
BRDA:163,55,0,0
BRDA:163,55,1,3
BRDA:170,56,0,1
BRDA:170,56,1,2
BRDA:176,57,0,1
BRDA:176,57,1,2
BRDA:177,58,0,2
BRDA:177,58,1,1
BRDA:184,59,0,3
BRDA:185,60,0,3
BRDA:185,61,0,4
BRDA:185,62,0,4
BRDA:187,63,0,1
BRDA:187,63,1,3
BRDA:187,64,0,4
BRDA:187,64,1,3
BRDA:188,65,0,1
BRDA:188,65,1,0
BRDA:194,66,0,0
BRDA:194,66,1,3
BRDA:200,67,0,1
BRDA:200,67,1,2
BRDA:204,68,0,0
BRDA:204,68,1,2
BRDA:209,69,0,1
BRDA:209,69,1,1
BRDA:219,70,0,3
BRDA:221,71,0,2
BRDA:221,71,1,2
BRDA:221,72,0,4
BRDA:221,72,1,3
BRDA:221,72,2,3
BRDA:225,73,0,0
BRDA:225,73,1,2
BRDA:225,74,0,2
BRDA:225,74,1,0
BRDA:230,75,0,2
BRDA:230,75,1,0
BRDA:232,76,0,0
BRDA:232,76,1,2
BRDA:236,77,0,0
BRDA:236,77,1,2
BRDA:242,78,0,1
BRDA:242,78,1,1
BRDA:242,79,0,2
BRDA:242,79,1,2
BRDA:242,79,2,2
BRDA:257,80,0,2
BRDA:257,80,1,1
BRDA:264,81,0,1
BRDA:264,81,1,1
BRDA:274,82,0,1
BRDA:274,82,1,2
BRDA:280,83,0,1
BRDA:280,83,1,0
BRDA:291,84,0,1
BRDA:291,84,1,2
BRDA:292,85,0,2
BRDA:292,85,1,1
BRDA:305,86,0,3
BRDA:305,86,1,1
BRDA:312,87,0,1
BRDA:312,87,1,4
BRF:164
BRH:138
end_of_record
TN:
SF:src/utils/helpers/availabilityHelpers.js
FN:16,loadAvailability
FN:28,(anonymous_1)
FN:51,(anonymous_2)
FN:62,(anonymous_3)
FN:108,(anonymous_4)
FN:113,(anonymous_5)
FN:116,(anonymous_6)
FN:123,(anonymous_7)
FN:134,(anonymous_8)
FN:159,(anonymous_9)
FN:162,(anonymous_10)
FN:168,(anonymous_11)
FN:172,(anonymous_12)
FNF:13
FNH:11
FNDA:15,loadAvailability
FNDA:18,(anonymous_1)
FNDA:6,(anonymous_2)
FNDA:6,(anonymous_3)
FNDA:21,(anonymous_4)
FNDA:21,(anonymous_5)
FNDA:2,(anonymous_6)
FNDA:0,(anonymous_7)
FNDA:0,(anonymous_8)
FNDA:5,(anonymous_9)
FNDA:6,(anonymous_10)
FNDA:5,(anonymous_11)
FNDA:6,(anonymous_12)
DA:2,1
DA:17,15
DA:20,15
DA:23,15
DA:24,15
DA:25,15
DA:26,15
DA:28,18
DA:31,15
DA:36,15
DA:38,12
DA:51,6
DA:61,3
DA:62,3
DA:63,6
DA:66,3
DA:74,15
DA:88,15
DA:89,15
DA:92,15
DA:94,15
DA:95,15
DA:96,14
DA:98,14
DA:107,14
DA:108,21
DA:115,21
DA:116,2
DA:118,1
DA:119,0
DA:123,0
DA:130,0
DA:134,1
DA:135,0
DA:142,0
DA:146,21
DA:150,14
DA:151,3
DA:153,3
DA:159,5
DA:162,6
DA:168,5
DA:172,6
DA:181,14
DA:188,14
DA:190,1
DA:191,1
DA:196,1
DA:202,1
DA:203,1
DA:207,1
LF:51
LH:46
BRDA:20,0,0,14
BRDA:20,0,1,1
BRDA:36,1,0,12
BRDA:36,1,1,3
BRDA:41,2,0,12
BRDA:41,2,1,2
BRDA:53,3,0,6
BRDA:53,3,1,2
BRDA:63,4,0,6
BRDA:63,4,1,6
BRDA:69,5,0,3
BRDA:69,5,1,2
BRDA:101,6,0,14
BRDA:101,6,1,11
BRDA:102,7,0,14
BRDA:102,7,1,2
BRDA:107,8,0,14
BRDA:107,8,1,1
BRDA:111,9,0,21
BRDA:111,9,1,1
BRDA:115,10,0,1
BRDA:115,10,1,20
BRDA:115,11,0,21
BRDA:115,11,1,5
BRDA:118,12,0,0
BRDA:118,12,1,1
BRDA:134,13,0,0
BRDA:134,13,1,1
BRDA:134,14,0,1
BRDA:134,14,1,0
BRDA:150,15,0,3
BRDA:150,15,1,11
BRDA:151,16,0,3
BRDA:151,16,1,0
BRDA:161,17,0,5
BRDA:161,17,1,0
BRDA:171,18,0,5
BRDA:171,18,1,0
BRDA:184,19,0,14
BRDA:184,19,1,11
BRDA:194,20,0,1
BRDA:194,20,1,1
BRF:42
BRH:36
end_of_record
TN:
SF:src/utils/helpers/bigIntUtils.js
FN:11,bigIntToString
FN:26,toBigInt
FN:45,bigIntReplacer
FN:54,cleanBigIntFromObject
FN:76,convertBigIntsToStrings
FN:85,formatPrice
FN:99,durationToMinutes
FNF:7
FNH:7
FNDA:8,bigIntToString
FNDA:11,toBigInt
FNDA:16,bigIntReplacer
FNDA:33,cleanBigIntFromObject
FNDA:2,convertBigIntsToStrings
FNDA:17,formatPrice
FNDA:20,durationToMinutes
DA:12,8
DA:13,3
DA:15,5
DA:16,2
DA:18,3
DA:27,11
DA:28,1
DA:30,10
DA:31,3
DA:33,7
DA:34,4
DA:36,3
DA:46,16
DA:55,33
DA:56,13
DA:58,20
DA:59,4
DA:61,16
DA:62,6
DA:63,6
DA:64,14
DA:66,6
DA:68,10
DA:77,2
DA:86,17
DA:89,12
DA:91,12
DA:100,20
DA:103,15
DA:105,15
DA:108,18
LF:31
LH:31
BRDA:12,0,0,3
BRDA:12,0,1,5
BRDA:15,1,0,2
BRDA:15,1,1,3
BRDA:15,2,0,5
BRDA:15,2,1,4
BRDA:27,3,0,1
BRDA:27,3,1,10
BRDA:30,4,0,3
BRDA:30,4,1,7
BRDA:33,5,0,4
BRDA:33,5,1,3
BRDA:46,6,0,7
BRDA:46,6,1,9
BRDA:55,7,0,13
BRDA:55,7,1,20
BRDA:58,8,0,4
BRDA:58,8,1,16
BRDA:61,9,0,6
BRDA:61,9,1,10
BRDA:61,10,0,16
BRDA:61,10,1,15
BRDA:86,11,0,5
BRDA:86,11,1,12
BRDA:89,12,0,3
BRDA:89,12,1,9
BRDA:89,13,0,4
BRDA:89,13,1,5
BRDA:100,14,0,5
BRDA:100,14,1,15
BRDA:103,15,0,3
BRDA:103,15,1,12
BRDA:103,16,0,4
BRDA:103,16,1,8
BRF:34
BRH:34
end_of_record
TN:
SF:src/utils/helpers/bookingHelpers.js
FN:26,getBookingsByCustomer
FN:34,validateBookingData
FN:57,(anonymous_2)
FN:139,createBooking
FN:216,(anonymous_4)
FN:247,(anonymous_5)
FN:272,(anonymous_6)
FN:285,(anonymous_7)
FN:329,updateBooking
FN:378,cancelBooking
FN:417,getBooking
FN:454,getActiveBookingsByCustomer
FN:489,(anonymous_12)
FN:490,(anonymous_13)
FN:559,(anonymous_14)
FN:575,(anonymous_15)
FN:608,getAllBookingsByCustomer
FN:760,getNextBookingForElevenLabs
FN:800,(anonymous_18)
FN:800,(anonymous_19)
FN:802,(anonymous_20)
FN:815,(anonymous_21)
FNF:22
FNH:2
FNDA:0,getBookingsByCustomer
FNDA:19,validateBookingData
FNDA:13,(anonymous_2)
FNDA:0,createBooking
FNDA:0,(anonymous_4)
FNDA:0,(anonymous_5)
FNDA:0,(anonymous_6)
FNDA:0,(anonymous_7)
FNDA:0,updateBooking
FNDA:0,cancelBooking
FNDA:0,getBooking
FNDA:0,getActiveBookingsByCustomer
FNDA:0,(anonymous_12)
FNDA:0,(anonymous_13)
FNDA:0,(anonymous_14)
FNDA:0,(anonymous_15)
FNDA:0,getAllBookingsByCustomer
FNDA:0,getNextBookingForElevenLabs
FNDA:0,(anonymous_18)
FNDA:0,(anonymous_19)
FNDA:0,(anonymous_20)
FNDA:0,(anonymous_21)
DA:10,10
DA:11,10
DA:28,0
DA:35,19
DA:38,19
DA:46,19
DA:47,1
DA:48,1
DA:49,1
DA:53,18
DA:54,16
DA:55,3
DA:57,13
DA:58,13
DA:59,0
DA:61,13
DA:62,2
DA:64,13
DA:65,2
DA:67,13
DA:68,2
DA:73,16
DA:74,2
DA:79,18
DA:80,14
DA:81,14
DA:82,1
DA:83,13
DA:84,2
DA:89,18
DA:90,1
DA:93,18
DA:94,1
DA:98,18
DA:99,4
DA:101,4
DA:102,2
DA:106,4
DA:107,2
DA:108,2
DA:109,0
DA:114,4
DA:115,2
DA:116,2
DA:117,0
DA:120,2
DA:124,18
DA:140,0
DA:142,0
DA:143,0
DA:145,0
DA:148,0
DA:149,0
DA:151,0
DA:152,0
DA:155,0
DA:156,0
DA:157,0
DA:159,0
DA:160,0
DA:164,0
DA:169,0
DA:170,0
DA:172,0
DA:179,0
DA:180,0
DA:186,0
DA:187,0
DA:188,0
DA:190,0
DA:192,0
DA:193,0
DA:194,0
DA:196,0
DA:204,0
DA:205,0
DA:212,0
DA:213,0
DA:216,0
DA:217,0
DA:218,0
DA:219,0
DA:222,0
DA:223,0
DA:224,0
DA:226,0
DA:237,0
DA:238,0
DA:239,0
DA:241,0
DA:244,0
DA:245,0
DA:247,0
DA:253,0
DA:256,0
DA:258,0
DA:259,0
DA:260,0
DA:264,0
DA:267,0
DA:272,0
DA:281,0
DA:285,0
DA:293,0
DA:294,0
DA:296,0
DA:298,0
DA:301,0
DA:306,0
DA:308,0
DA:309,0
DA:310,0
DA:311,0
DA:312,0
DA:313,0
DA:316,0
DA:330,0
DA:332,0
DA:333,0
DA:335,0
DA:349,0
DA:350,0
DA:352,0
DA:354,0
DA:356,0
DA:357,0
DA:358,0
DA:359,0
DA:360,0
DA:361,0
DA:362,0
DA:363,0
DA:366,0
DA:379,0
DA:381,0
DA:382,0
DA:385,0
DA:386,0
DA:389,0
DA:390,0
DA:391,0
DA:393,0
DA:395,0
DA:397,0
DA:398,0
DA:399,0
DA:400,0
DA:401,0
DA:402,0
DA:405,0
DA:418,0
DA:420,0
DA:421,0
DA:424,0
DA:425,0
DA:428,0
DA:429,0
DA:430,0
DA:432,0
DA:434,0
DA:436,0
DA:437,0
DA:438,0
DA:439,0
DA:442,0
DA:455,0
DA:456,0
DA:458,0
DA:459,0
DA:460,0
DA:461,0
DA:462,0
DA:463,0
DA:464,0
DA:466,0
DA:467,0
DA:471,0
DA:472,0
DA:473,0
DA:477,0
DA:480,0
DA:481,0
DA:483,0
DA:484,0
DA:489,0
DA:490,0
DA:494,0
DA:495,0
DA:497,0
DA:498,0
DA:499,0
DA:501,0
DA:504,0
DA:505,0
DA:506,0
DA:509,0
DA:510,0
DA:511,0
DA:512,0
DA:513,0
DA:514,0
DA:515,0
DA:516,0
DA:517,0
DA:518,0
DA:519,0
DA:520,0
DA:522,0
DA:523,0
DA:524,0
DA:528,0
DA:529,0
DA:532,0
DA:537,0
DA:541,0
DA:544,0
DA:546,0
DA:547,0
DA:551,0
DA:552,0
DA:555,0
DA:557,0
DA:559,0
DA:560,0
DA:561,0
DA:562,0
DA:564,0
DA:570,0
DA:573,0
DA:575,0
DA:577,0
DA:579,0
DA:584,0
DA:586,0
DA:588,0
DA:589,0
DA:590,0
DA:595,0
DA:609,0
DA:610,0
DA:611,0
DA:612,0
DA:614,0
DA:616,0
DA:617,0
DA:618,0
DA:619,0
DA:621,0
DA:624,0
DA:625,0
DA:628,0
DA:629,0
DA:632,0
DA:635,0
DA:636,0
DA:640,0
DA:642,0
DA:643,0
DA:646,0
DA:647,0
DA:648,0
DA:652,0
DA:653,0
DA:657,0
DA:658,0
DA:659,0
DA:660,0
DA:661,0
DA:664,0
DA:668,0
DA:669,0
DA:673,0
DA:680,0
DA:682,0
DA:684,0
DA:685,0
DA:686,0
DA:687,0
DA:688,0
DA:690,0
DA:693,0
DA:694,0
DA:698,0
DA:699,0
DA:700,0
DA:704,0
DA:705,0
DA:707,0
DA:708,0
DA:709,0
DA:711,0
DA:712,0
DA:716,0
DA:720,0
DA:725,0
DA:726,0
DA:734,0
DA:736,0
DA:737,0
DA:742,0
DA:744,0
DA:745,0
DA:746,0
DA:747,0
DA:748,0
DA:749,0
DA:752,0
DA:761,0
DA:762,0
DA:763,0
DA:766,0
DA:767,0
DA:770,0
DA:772,0
DA:778,0
DA:779,0
DA:780,0
DA:783,0
DA:784,0
DA:787,0
DA:788,0
DA:789,0
DA:792,0
DA:793,0
DA:794,0
DA:795,0
DA:796,0
DA:798,0
DA:800,0
DA:801,0
DA:802,0
DA:803,0
DA:805,0
DA:806,0
DA:809,0
DA:810,0
DA:815,0
DA:816,0
DA:817,0
DA:819,0
DA:820,0
DA:823,0
DA:828,0
DA:853,0
DA:855,0
DA:856,0
DA:860,10
LF:347
LH:44
BRDA:34,0,0,17
BRDA:40,1,0,18
BRDA:40,1,1,1
BRDA:46,2,0,1
BRDA:46,2,1,18
BRDA:46,3,0,19
BRDA:46,3,1,18
BRDA:53,4,0,16
BRDA:53,4,1,2
BRDA:54,5,0,3
BRDA:54,5,1,13
BRDA:54,6,0,16
BRDA:54,6,1,14
BRDA:58,7,0,0
BRDA:58,7,1,13
BRDA:61,8,0,2
BRDA:61,8,1,11
BRDA:64,9,0,2
BRDA:64,9,1,11
BRDA:67,10,0,2
BRDA:67,10,1,11
BRDA:73,11,0,2
BRDA:73,11,1,14
BRDA:79,12,0,14
BRDA:79,12,1,4
BRDA:81,13,0,1
BRDA:81,13,1,13
BRDA:83,14,0,2
BRDA:83,14,1,11
BRDA:89,15,0,1
BRDA:89,15,1,17
BRDA:89,16,0,18
BRDA:89,16,1,9
BRDA:93,17,0,1
BRDA:93,17,1,17
BRDA:93,18,0,18
BRDA:93,18,1,3
BRDA:98,19,0,4
BRDA:98,19,1,14
BRDA:98,20,0,18
BRDA:98,20,1,6
BRDA:101,21,0,2
BRDA:101,21,1,2
BRDA:101,22,0,4
BRDA:101,22,1,2
BRDA:101,22,2,2
BRDA:101,22,3,2
BRDA:106,23,0,2
BRDA:106,23,1,2
BRDA:108,24,0,0
BRDA:108,24,1,2
BRDA:114,25,0,2
BRDA:114,25,1,2
BRDA:116,26,0,0
BRDA:116,26,1,2
BRDA:126,27,0,12
BRDA:126,27,1,6
BRDA:148,28,0,0
BRDA:148,28,1,0
BRDA:155,29,0,0
BRDA:155,29,1,0
BRDA:159,30,0,0
BRDA:159,30,1,0
BRDA:169,31,0,0
BRDA:169,31,1,0
BRDA:212,32,0,0
BRDA:212,32,1,0
BRDA:217,33,0,0
BRDA:217,33,1,0
BRDA:217,34,0,0
BRDA:217,34,1,0
BRDA:238,35,0,0
BRDA:238,35,1,0
BRDA:244,36,0,0
BRDA:244,36,1,0
BRDA:258,37,0,0
BRDA:258,37,1,0
BRDA:276,38,0,0
BRDA:276,38,1,0
BRDA:296,39,0,0
BRDA:296,39,1,0
BRDA:298,40,0,0
BRDA:298,40,1,0
BRDA:308,41,0,0
BRDA:308,41,1,0
BRDA:310,42,0,0
BRDA:310,42,1,0
BRDA:312,43,0,0
BRDA:312,43,1,0
BRDA:341,44,0,0
BRDA:341,44,1,0
BRDA:342,45,0,0
BRDA:342,45,1,0
BRDA:343,46,0,0
BRDA:343,46,1,0
BRDA:344,47,0,0
BRDA:344,47,1,0
BRDA:356,48,0,0
BRDA:356,48,1,0
BRDA:358,49,0,0
BRDA:358,49,1,0
BRDA:360,50,0,0
BRDA:360,50,1,0
BRDA:362,51,0,0
BRDA:362,51,1,0
BRDA:397,52,0,0
BRDA:397,52,1,0
BRDA:399,53,0,0
BRDA:399,53,1,0
BRDA:401,54,0,0
BRDA:401,54,1,0
BRDA:436,55,0,0
BRDA:436,55,1,0
BRDA:438,56,0,0
BRDA:438,56,1,0
BRDA:459,57,0,0
BRDA:459,57,1,0
BRDA:459,58,0,0
BRDA:459,58,1,0
BRDA:462,59,0,0
BRDA:462,59,1,0
BRDA:471,60,0,0
BRDA:471,60,1,0
BRDA:497,61,0,0
BRDA:497,61,1,0
BRDA:509,62,0,0
BRDA:509,62,1,0
BRDA:509,63,0,0
BRDA:509,63,1,0
BRDA:512,64,0,0
BRDA:512,64,1,0
BRDA:515,65,0,0
BRDA:515,65,1,0
BRDA:515,66,0,0
BRDA:515,66,1,0
BRDA:518,67,0,0
BRDA:518,67,1,0
BRDA:528,68,0,0
BRDA:528,68,1,0
BRDA:546,69,0,0
BRDA:546,69,1,0
BRDA:570,70,0,0
BRDA:570,70,1,0
BRDA:577,71,0,0
BRDA:577,71,1,0
BRDA:616,72,0,0
BRDA:616,72,1,0
BRDA:616,73,0,0
BRDA:616,73,1,0
BRDA:618,74,0,0
BRDA:618,74,1,0
BRDA:624,75,0,0
BRDA:624,75,1,0
BRDA:646,76,0,0
BRDA:646,76,1,0
BRDA:652,77,0,0
BRDA:652,77,1,0
BRDA:658,78,0,0
BRDA:658,78,1,0
BRDA:660,79,0,0
BRDA:660,79,1,0
BRDA:668,80,0,0
BRDA:668,80,1,0
BRDA:682,81,0,0
BRDA:682,81,1,0
BRDA:684,82,0,0
BRDA:684,82,1,0
BRDA:686,83,0,0
BRDA:686,83,1,0
BRDA:698,84,0,0
BRDA:698,84,1,0
BRDA:704,85,0,0
BRDA:704,85,1,0
BRDA:704,86,0,0
BRDA:704,86,1,0
BRDA:718,87,0,0
BRDA:718,87,1,0
BRDA:734,88,0,0
BRDA:734,88,1,0
BRDA:744,89,0,0
BRDA:744,89,1,0
BRDA:746,90,0,0
BRDA:746,90,1,0
BRDA:748,91,0,0
BRDA:748,91,1,0
BRDA:761,92,0,0
BRDA:761,92,1,0
BRDA:773,93,0,0
BRDA:773,93,1,0
BRDA:775,94,0,0
BRDA:775,94,1,0
BRDA:778,95,0,0
BRDA:778,95,1,0
BRDA:778,96,0,0
BRDA:778,96,1,0
BRDA:798,97,0,0
BRDA:798,97,1,0
BRDA:801,98,0,0
BRDA:801,98,1,0
BRDA:803,99,0,0
BRDA:803,99,1,0
BRDA:803,100,0,0
BRDA:803,100,1,0
BRDA:805,101,0,0
BRDA:805,101,1,0
BRDA:809,102,0,0
BRDA:809,102,1,0
BRDA:816,103,0,0
BRDA:816,103,1,0
BRDA:817,104,0,0
BRDA:817,104,1,0
BRDA:817,104,2,0
BRDA:819,105,0,0
BRDA:819,105,1,0
BRDA:829,106,0,0
BRDA:829,106,1,0
BRDA:842,107,0,0
BRDA:842,107,1,0
BRDA:844,108,0,0
BRDA:844,108,1,0
BRDA:847,109,0,0
BRDA:847,109,1,0
BRF:222
BRH:54
end_of_record
